1696916499.6497314 [9. 6. 4. 0.]
1696916500.6504548 [9. 6. 4. 0.]
1696916501.6500921 [9. 6. 4. 0.]
1696916502.6500287 [9. 6. 4. 0.]
1696916503.6502094 [9. 6. 4. 0.]
1696916504.6503563 [9. 6. 4. 0.]
1696916505.6497164 [9. 6. 4. 0.]
1696916506.6497731 [9. 6. 4. 0.]
1696916507.6503594 [9. 6. 4. 0.]
1696916508.64967 [9. 6. 4. 0.]
1696916509.6503785 [9. 6. 4. 0.]
1696916510.6497703 [9. 6. 4. 0.]
1696916511.6499834 [9. 6. 4. 0.]
1696916512.6498182 [9. 6. 4. 0.]
1696916513.650183 [9. 6. 4. 0.]
1696916514.6500156 [9. 6. 4. 0.]
1696916515.6503801 [9. 6. 4. 0.]
1696916516.6500213 [9. 6. 4. 0.]
1696916517.649893 [9. 6. 4. 0.]
1696916518.650239 [9. 6. 4. 0.]
1696916519.6502938 [9. 6. 4. 0.]
1696916520.6502118 [9. 6. 4. 0.]
1696916521.649773 [9. 6. 4. 0.]
1696916522.6498733 [9. 6. 4. 0.]
1696916523.6501431 [9. 6. 4. 0.]
1696916524.6503644 [-9.    6.    1.    1.57]
1696916525.6501708 [-9.    6.    1.    1.57]
1696916526.650239 [-9.    6.    1.    1.57]
1696916527.067467 RC LANDING
1696916527.649906 [-9.    6.    1.    1.57]
1696916528.6499743 [-9.    6.    1.    1.57]
1696916529.650061 [-9.    6.    1.    1.57]
1696916530.6498976 [-9.    6.    1.    1.57]
1696916531.6499305 [-9.    6.    1.    1.57]
1696916532.6504357 [-9.    6.    1.    1.57]
1696916533.649464 [0, 0, 1, 0]
1696916534.6493413 [0, 0, 1, 0]
1696916535.6495378 [0, 0, 1, 0]
1696916536.6493304 [0, 0, 1, 0]
1696916537.6493812 [0, 0, 1, 0]
1696916538.6500793 [0, 0, 1, 0]
1696916539.649363 [0, 0, 1, 0]
1696916540.6494417 [0, 0, 1, 0]
1696916541.6493444 [0, 0, 1, 0]
1696916542.649535 [0, 0, 1, 0]
1696916543.6493886 [0, 0, 1, 0]
1696916544.6495128 [0, 0, 1, 0]
1696916545.6496243 [0, 0, 1, 0]
