1696916266.650238 [9. 6. 4. 0.]
1696916267.6496837 [9. 6. 4. 0.]
1696916268.64993 [9. 6. 4. 0.]
1696916269.6496553 [9. 6. 4. 0.]
1696916270.6497507 [9. 6. 4. 0.]
1696916271.6498718 [9. 6. 4. 0.]
1696916272.6498003 [9. 6. 4. 0.]
1696916273.6500525 [9. 6. 4. 0.]
1696916274.6499906 [9. 6. 4. 0.]
1696916275.650067 [9. 6. 4. 0.]
1696916276.650277 [9. 6. 4. 0.]
1696916277.64976 [9. 6. 4. 0.]
1696916278.6499453 [9. 6. 4. 0.]
1696916279.6503804 [9. 6. 4. 0.]
1696916280.6501064 [9. 6. 4. 0.]
1696916281.6498911 [9. 6. 4. 0.]
1696916282.649851 [9. 6. 4. 0.]
1696916283.6501598 [9. 6. 4. 0.]
1696916284.6499825 [9. 6. 4. 0.]
1696916285.6497498 [9. 6. 4. 0.]
1696916286.6497798 [9. 6. 4. 0.]
1696916287.649595 [9. 6. 4. 0.]
1696916288.6498065 [9. 6. 4. 0.]
1696916289.6495829 [9. 6. 4. 0.]
1696916290.6495059 [9. 6. 4. 0.]
1696916291.6501665 [9. 6. 4. 0.]
1696916292.649788 [9. 6. 4. 0.]
1696916293.6496267 [9. 6. 4. 0.]
1696916294.6500683 [9. 6. 4. 0.]
1696916295.6498282 [9. 6. 4. 0.]
1696916296.6497848 [9. 6. 4. 0.]
1696916297.6498318 [9. 6. 4. 0.]
1696916298.6501846 [9. 6. 4. 0.]
1696916299.6498744 [9. 6. 4. 0.]
1696916300.650053 [9. 6. 4. 0.]
1696916301.650035 [9. 6. 4. 0.]
1696916302.6506445 [9. 6. 4. 0.]
1696916303.6499991 [9. 6. 4. 0.]
1696916304.649955 [9. 6. 4. 0.]
1696916305.6497984 [9. 6. 4. 0.]
1696916306.649855 [9. 6. 4. 0.]
1696916307.6499748 [9. 6. 4. 0.]
1696916308.6501827 [9. 6. 4. 0.]
1696916309.649943 [9. 6. 4. 0.]
1696916310.6508124 [9. 6. 4. 0.]
1696916311.649773 [-9.    6.    1.    1.57]
1696916312.6498199 [-9.    6.    1.    1.57]
1696916313.6509204 [-9.    6.    1.    1.57]
1696916314.649913 [-9.    6.    1.    1.57]
1696916315.650091 [-9.    6.    1.    1.57]
1696916315.9987237 RC LANDING
1696916316.6500053 [-9.    6.    1.    1.57]
1696916317.6498857 [-9.    6.    1.    1.57]
1696916318.649534 [-9.    6.    1.    1.57]
1696916319.649804 [-9.    6.    1.    1.57]
1696916320.650143 [-9.    6.    1.    1.57]
1696916321.6500247 [-9.    6.    1.    1.57]
1696916322.650156 [-9.    6.    1.    1.57]
1696916323.6498923 [-9.    6.    1.    1.57]
1696916324.6496658 [-9.    6.    1.    1.57]
1696916325.6499262 [-9.    6.    1.    1.57]
1696916326.6496525 [-9.    6.    1.    1.57]
1696916327.6500926 [-9.    6.    1.    1.57]
1696916328.6498768 [-9.    6.    1.    1.57]
1696916329.650266 [-9.    6.    1.    1.57]
1696916330.6499503 [-9.    6.    1.    1.57]
1696916331.6502495 [-9.    6.    1.    1.57]
1696916332.649766 [-9.    6.    1.    1.57]
1696916333.6501052 [-9.    6.    1.    1.57]
1696916334.649511 [0, 0, 1, 0]
1696916335.6494377 [0, 0, 1, 0]
1696916336.649355 [0, 0, 1, 0]
1696916337.649351 [0, 0, 1, 0]
1696916338.649396 [0, 0, 1, 0]
1696916339.6493578 [0, 0, 1, 0]
1696916340.6494062 [0, 0, 1, 0]
1696916341.6494198 [0, 0, 1, 0]
1696916342.6494887 [0, 0, 1, 0]
