1697972686.9445672 [0 1 1 0]
1697972686.9450498 [0 1 1 0]
1697972689.9405222 [0 0 1 0]
1697972689.9412413 [0 0 1 0]
1697972689.9419267 [0 0 1 0]
1697972689.942464 [0 0 1 0]
1697972689.9430115 [0 0 1 0]
1697972692.9409328 [0 1 1 0]
1697972692.94165 [0 1 1 0]
1697972692.9420636 [0 1 1 0]
1697972692.9423938 [0 1 1 0]
1697972692.9426935 [0 1 1 0]
1697972692.9429905 [0 1 1 0]
1697972692.9432755 [0 1 1 0]
1697972692.9436667 [0 1 1 0]
1697972695.9407654 [0 0 1 0]
1697972695.941768 [0 0 1 0]
1697972695.9422686 [0 0 1 0]
1697972695.9425783 [0 0 1 0]
1697972695.9429126 [0 0 1 0]
1697972695.9431417 [0 0 1 0]
1697972695.9434493 [0 0 1 0]
1697972695.943727 [0 0 1 0]
1697972695.9439793 [0 0 1 0]
1697972695.9441578 [0 0 1 0]
1697972695.944338 [0 0 1 0]
1697972698.9402916 [0 1 1 0]
1697972698.9412537 [0 1 1 0]
1697972698.9417622 [0 1 1 0]
1697972698.9422402 [0 1 1 0]
1697972698.942644 [0 1 1 0]
1697972698.9429772 [0 1 1 0]
1697972698.9435422 [0 1 1 0]
1697972698.9439383 [0 1 1 0]
1697972698.9442818 [0 1 1 0]
1697972698.9445822 [0 1 1 0]
1697972698.9448907 [0 1 1 0]
1697972698.9453325 [0 1 1 0]
1697972698.9457417 [0 1 1 0]
1697972698.9461713 [0 1 1 0]
1697972701.9416544 [0 0 1 0]
1697972701.9422665 [0 0 1 0]
1697972701.9425676 [0 0 1 0]
1697972701.9428394 [0 0 1 0]
1697972701.9431136 [0 0 1 0]
1697972701.9433987 [0 0 1 0]
1697972701.9436567 [0 0 1 0]
1697972701.9439127 [0 0 1 0]
1697972701.9441695 [0 0 1 0]
1697972701.944415 [0 0 1 0]
1697972701.9446576 [0 0 1 0]
1697972701.9449143 [0 0 1 0]
1697972701.9451637 [0 0 1 0]
1697972701.945432 [0 0 1 0]
1697972701.9457011 [0 0 1 0]
1697972701.945984 [0 0 1 0]
1697972701.9462357 [0 0 1 0]
1697972704.94096 [0 1 1 0]
1697972704.9416296 [0 1 1 0]
1697972704.9419854 [0 1 1 0]
1697972704.9423115 [0 1 1 0]
1697972704.9426346 [0 1 1 0]
1697972704.9429529 [0 1 1 0]
1697972704.9432461 [0 1 1 0]
1697972704.94372 [0 1 1 0]
1697972704.944066 [0 1 1 0]
1697972704.9443939 [0 1 1 0]
1697972704.9446461 [0 1 1 0]
1697972704.944889 [0 1 1 0]
1697972704.9451287 [0 1 1 0]
1697972704.9453204 [0 1 1 0]
1697972704.945531 [0 1 1 0]
1697972704.9457293 [0 1 1 0]
1697972704.94592 [0 1 1 0]
1697972704.9461772 [0 1 1 0]
1697972704.9466705 [0 1 1 0]
1697972704.9470491 [0 1 1 0]
1697972707.941046 [0 0 1 0]
1697972707.9419985 [0 0 1 0]
1697972707.9424179 [0 0 1 0]
1697972707.9428182 [0 0 1 0]
1697972707.943176 [0 0 1 0]
1697972707.9436908 [0 0 1 0]
1697972707.944087 [0 0 1 0]
1697972707.9445252 [0 0 1 0]
1697972707.945057 [0 0 1 0]
1697972707.9454396 [0 0 1 0]
1697972707.9458032 [0 0 1 0]
1697972707.9461613 [0 0 1 0]
1697972707.946523 [0 0 1 0]
1697972707.9469013 [0 0 1 0]
1697972707.947242 [0 0 1 0]
1697972707.9475389 [0 0 1 0]
1697972707.9477491 [0 0 1 0]
1697972707.9480188 [0 0 1 0]
1697972707.948364 [0 0 1 0]
1697972707.9491866 [0 0 1 0]
1697972707.9494598 [0 0 1 0]
1697972707.9497223 [0 0 1 0]
1697972707.9500704 [0 0 1 0]
1697972710.9401608 [0 1 1 0]
1697972710.940598 [0 1 1 0]
1697972710.9409034 [0 1 1 0]
1697972710.9412138 [0 1 1 0]
1697972710.9416606 [0 1 1 0]
1697972710.9419687 [0 1 1 0]
1697972710.9422045 [0 1 1 0]
1697972710.9424546 [0 1 1 0]
1697972710.9427385 [0 1 1 0]
1697972710.9431283 [0 1 1 0]
1697972710.9436207 [0 1 1 0]
1697972710.94393 [0 1 1 0]
1697972710.9441874 [0 1 1 0]
1697972710.9443634 [0 1 1 0]
1697972710.9445593 [0 1 1 0]
1697972710.9447887 [0 1 1 0]
1697972710.9450088 [0 1 1 0]
1697972710.94519 [0 1 1 0]
1697972710.9454029 [0 1 1 0]
1697972710.9455853 [0 1 1 0]
1697972710.945852 [0 1 1 0]
1697972710.946113 [0 1 1 0]
1697972710.9463177 [0 1 1 0]
1697972710.9465394 [0 1 1 0]
1697972710.9467597 [0 1 1 0]
1697972710.9469752 [0 1 1 0]
1697972713.940296 [0 0 1 0]
1697972713.9407876 [0 0 1 0]
1697972713.941461 [0 0 1 0]
1697972713.9420512 [0 0 1 0]
1697972713.9426787 [0 0 1 0]
1697972713.943081 [0 0 1 0]
1697972713.9434798 [0 0 1 0]
1697972713.9440606 [0 0 1 0]
1697972713.9444125 [0 0 1 0]
1697972713.9448113 [0 0 1 0]
1697972713.945152 [0 0 1 0]
1697972713.9454534 [0 0 1 0]
1697972713.9457765 [0 0 1 0]
1697972713.9461772 [0 0 1 0]
1697972713.9464538 [0 0 1 0]
1697972713.9467914 [0 0 1 0]
1697972713.947065 [0 0 1 0]
1697972713.9476373 [0 0 1 0]
1697972713.9480627 [0 0 1 0]
1697972713.9483988 [0 0 1 0]
1697972713.9487169 [0 0 1 0]
1697972713.949026 [0 0 1 0]
1697972713.9492674 [0 0 1 0]
1697972713.9494743 [0 0 1 0]
1697972713.9497063 [0 0 1 0]
1697972713.9500575 [0 0 1 0]
1697972713.9503572 [0 0 1 0]
1697972713.9506633 [0 0 1 0]
1697972713.9509702 [0 0 1 0]
1697972716.9405088 [0 1 1 0]
1697972716.9409113 [0 1 1 0]
1697972716.9412088 [0 1 1 0]
1697972716.9415398 [0 1 1 0]
1697972716.9421632 [0 1 1 0]
1697972716.9426112 [0 1 1 0]
1697972716.9429564 [0 1 1 0]
1697972716.943217 [0 1 1 0]
1697972716.943524 [0 1 1 0]
1697972716.9437454 [0 1 1 0]
1697972716.9439385 [0 1 1 0]
1697972716.9441278 [0 1 1 0]
1697972716.9443367 [0 1 1 0]
1697972716.9445755 [0 1 1 0]
1697972716.9448993 [0 1 1 0]
1697972716.9451883 [0 1 1 0]
1697972716.945479 [0 1 1 0]
1697972716.9457421 [0 1 1 0]
1697972716.9459455 [0 1 1 0]
1697972716.9461563 [0 1 1 0]
1697972716.9463334 [0 1 1 0]
1697972716.9465163 [0 1 1 0]
1697972716.9468358 [0 1 1 0]
1697972716.9478822 [0 1 1 0]
1697972716.948209 [0 1 1 0]
1697972716.9484546 [0 1 1 0]
1697972716.9487298 [0 1 1 0]
1697972716.9490063 [0 1 1 0]
1697972716.9497766 [0 1 1 0]
1697972716.9500375 [0 1 1 0]
1697972716.9503233 [0 1 1 0]
1697972716.9506044 [0 1 1 0]
1697972719.9404256 [0 0 1 0]
1697972719.941253 [0 0 1 0]
1697972719.9419796 [0 0 1 0]
1697972719.942413 [0 0 1 0]
1697972719.9427392 [0 0 1 0]
1697972719.9429927 [0 0 1 0]
1697972719.9432337 [0 0 1 0]
1697972719.9439034 [0 0 1 0]
1697972719.9443474 [0 0 1 0]
1697972719.9445622 [0 0 1 0]
1697972719.9447665 [0 0 1 0]
1697972719.9449797 [0 0 1 0]
1697972719.9452286 [0 0 1 0]
1697972719.9454815 [0 0 1 0]
1697972719.9458187 [0 0 1 0]
1697972719.9461038 [0 0 1 0]
1697972719.9466767 [0 0 1 0]
1697972719.9470937 [0 0 1 0]
1697972719.9473915 [0 0 1 0]
1697972719.9477217 [0 0 1 0]
1697972719.9480422 [0 0 1 0]
1697972719.948243 [0 0 1 0]
1697972719.9484484 [0 0 1 0]
1697972719.9486434 [0 0 1 0]
1697972719.9488628 [0 0 1 0]
1697972719.9490623 [0 0 1 0]
1697972719.9492555 [0 0 1 0]
1697972719.9494529 [0 0 1 0]
1697972719.9496453 [0 0 1 0]
1697972719.9498503 [0 0 1 0]
1697972719.9500654 [0 0 1 0]
1697972719.9502742 [0 0 1 0]
1697972719.9504762 [0 0 1 0]
1697972719.950677 [0 0 1 0]
1697972719.950884 [0 0 1 0]
1697972722.940351 [0 1 1 0]
1697972722.9411013 [0 1 1 0]
1697972722.9417431 [0 1 1 0]
1697972722.9422545 [0 1 1 0]
1697972722.9426715 [0 1 1 0]
1697972722.9430678 [0 1 1 0]
1697972722.9435928 [0 1 1 0]
1697972722.9439712 [0 1 1 0]
1697972722.9443393 [0 1 1 0]
1697972722.944691 [0 1 1 0]
1697972722.9451883 [0 1 1 0]
1697972722.9459517 [0 1 1 0]
1697972722.9462008 [0 1 1 0]
1697972722.9464378 [0 1 1 0]
1697972722.9466596 [0 1 1 0]
1697972722.9468544 [0 1 1 0]
1697972722.947045 [0 1 1 0]
1697972722.9472387 [0 1 1 0]
1697972722.9475417 [0 1 1 0]
1697972722.9477947 [0 1 1 0]
1697972722.9481533 [0 1 1 0]
1697972722.9484468 [0 1 1 0]
1697972722.9487152 [0 1 1 0]
1697972722.9489582 [0 1 1 0]
1697972722.9492347 [0 1 1 0]
1697972722.9496377 [0 1 1 0]
1697972722.9499044 [0 1 1 0]
1697972722.9501016 [0 1 1 0]
1697972722.950304 [0 1 1 0]
1697972722.9504974 [0 1 1 0]
1697972722.9506798 [0 1 1 0]
1697972722.9509003 [0 1 1 0]
1697972722.95122 [0 1 1 0]
1697972722.9516304 [0 1 1 0]
1697972722.952034 [0 1 1 0]
1697972722.9526577 [0 1 1 0]
1697972722.9532547 [0 1 1 0]
1697972722.9541132 [0 1 1 0]
1697972725.940165 [0 0 1 0]
1697972725.9409575 [0 0 1 0]
1697972725.9416766 [0 0 1 0]
1697972725.9421198 [0 0 1 0]
1697972725.9424715 [0 0 1 0]
1697972725.9428911 [0 0 1 0]
1697972725.9432428 [0 0 1 0]
1697972725.944073 [0 0 1 0]
1697972725.9445314 [0 0 1 0]
1697972725.9451158 [0 0 1 0]
1697972725.9456282 [0 0 1 0]
1697972725.946139 [0 0 1 0]
1697972725.9466476 [0 0 1 0]
1697972725.947141 [0 0 1 0]
1697972725.9477015 [0 0 1 0]
1697972725.94803 [0 0 1 0]
1697972725.9483752 [0 0 1 0]
1697972725.9487402 [0 0 1 0]
1697972725.949123 [0 0 1 0]
1697972725.949417 [0 0 1 0]
1697972725.9496996 [0 0 1 0]
1697972725.950154 [0 0 1 0]
1697972725.9505444 [0 0 1 0]
1697972725.9510295 [0 0 1 0]
