1697101882.451966 [0 0 2 0]
1697101883.4515805 [0 0 2 0]
1697101883.4520075 [0 0 2 0]
1697101886.4517272 [0 0 3 0]
1697101886.4523077 [0 0 3 0]
1697101886.452723 [0 0 3 0]
1697101886.4530623 [0 0 3 0]
1697101886.453515 [0 0 3 0]
1697101890.4515467 [0 2 3 0]
1697101890.451987 [0 2 3 0]
1697101890.4523678 [0 2 3 0]
1697101890.4527338 [0 2 3 0]
1697101890.4530537 [0 2 3 0]
1697101890.4533691 [0 2 3 0]
1697101890.4536757 [0 2 3 0]
1697101890.4540436 [0 2 3 0]
1697101890.4544098 [0 2 3 0]
1697101896.4517787 [0 2 4 0]
1697101896.4527922 [0 2 4 0]
1697101896.4533455 [0 2 4 0]
1697101896.453974 [0 2 4 0]
1697101896.4543786 [0 2 4 0]
1697101896.454747 [0 2 4 0]
1697101896.4550612 [0 2 4 0]
1697101896.4555492 [0 2 4 0]
1697101896.4561276 [0 2 4 0]
1697101896.456512 [0 2 4 0]
1697101896.4568424 [0 2 4 0]
1697101896.4571707 [0 2 4 0]
1697101896.4574661 [0 2 4 0]
1697101896.4577749 [0 2 4 0]
1697101896.4581323 [0 2 4 0]
1697101899.4516058 [0 0 4 0]
1697101899.4520774 [0 0 4 0]
1697101899.452422 [0 0 4 0]
1697101899.452725 [0 0 4 0]
1697101899.4530268 [0 0 4 0]
1697101899.4533212 [0 0 4 0]
1697101899.453623 [0 0 4 0]
1697101899.4539487 [0 0 4 0]
1697101899.4542432 [0 0 4 0]
1697101899.4545226 [0 0 4 0]
1697101899.4548042 [0 0 4 0]
1697101899.4550877 [0 0 4 0]
1697101899.4553943 [0 0 4 0]
1697101899.4556725 [0 0 4 0]
1697101899.4559689 [0 0 4 0]
1697101899.4562786 [0 0 4 0]
1697101899.4565692 [0 0 4 0]
1697101899.4568563 [0 0 4 0]
1697101905.4516501 [0 0 4 0]
1697101905.4518728 [0, 0, 1, 0]
1697101905.4521093 [0, 0, 1, 0]
1697101905.4522321 [0, 0, 1, 0]
1697101905.4523318 [0, 0, 1, 0]
1697101905.452466 [0, 0, 1, 0]
1697101905.4526186 [0, 0, 1, 0]
1697101905.4527838 [0, 0, 1, 0]
1697101905.452945 [0, 0, 1, 0]
1697101905.4531083 [0, 0, 1, 0]
1697101905.4532752 [0, 0, 1, 0]
1697101905.4534554 [0, 0, 1, 0]
1697101905.4536188 [0, 0, 1, 0]
1697101905.4537864 [0, 0, 1, 0]
1697101905.4539852 [0, 0, 1, 0]
1697101905.4541593 [0, 0, 1, 0]
1697101905.4543107 [0, 0, 1, 0]
1697101905.454445 [0, 0, 1, 0]
1697101905.454601 [0, 0, 1, 0]
1697101905.4547439 [0, 0, 1, 0]
1697101905.4548984 [0, 0, 1, 0]
1697101905.4550169 [0, 0, 1, 0]
1697101905.455131 [0, 0, 1, 0]
1697101905.455244 [0, 0, 1, 0]
1697101914.4514291 [0, 0, 1, 0]
1697101914.4515557 Call landing service
1697101914.472196 [0, 0, 1, 0]
1697101914.4723048 Call landing service
1697101914.486436 [0, 0, 1, 0]
1697101914.4865975 Call landing service
1697101914.51018 [0, 0, 1, 0]
1697101914.5103276 Call landing service
1697101914.5246692 [0, 0, 1, 0]
1697101914.5248046 Call landing service
1697101914.5388296 [0, 0, 1, 0]
1697101914.5391743 Call landing service
1697101914.5477734 [0, 0, 1, 0]
1697101914.5479062 Call landing service
1697101914.5586197 [0, 0, 1, 0]
1697101914.558823 Call landing service
1697101914.5711868 [0, 0, 1, 0]
1697101914.5713398 Call landing service
1697101914.584248 [0, 0, 1, 0]
1697101914.5843704 Call landing service
1697101914.602386 [0, 0, 1, 0]
1697101914.6025622 Call landing service
1697101914.6181176 [0, 0, 1, 0]
1697101914.6182685 Call landing service
1697101914.6354432 [0, 0, 1, 0]
1697101914.6356359 Call landing service
1697101914.6468563 [0, 0, 1, 0]
1697101914.6469607 Call landing service
1697101914.6576772 [0, 0, 1, 0]
1697101914.6578534 Call landing service
1697101914.6671612 [0, 0, 1, 0]
1697101914.667284 Call landing service
1697101914.6815548 [0, 0, 1, 0]
1697101914.6816807 Call landing service
1697101914.690822 [0, 0, 1, 0]
1697101914.6909475 Call landing service
1697101914.7009337 [0, 0, 1, 0]
1697101914.7010574 Call landing service
1697101914.7123685 [0, 0, 1, 0]
1697101914.7125494 Call landing service
1697101914.7346656 [0, 0, 1, 0]
1697101914.7348075 Call landing service
1697101914.7457952 [0, 0, 1, 0]
1697101914.7459455 Call landing service
1697101914.7563484 [0, 0, 1, 0]
1697101914.7564604 Call landing service
1697101914.767004 [0, 0, 1, 0]
1697101914.7671309 Call landing service
1697101914.7814963 [0, 0, 1, 0]
1697101914.7816167 Call landing service
1697101914.7900257 [0, 0, 1, 0]
1697101914.7902162 Call landing service
1697101914.7997072 [0, 0, 1, 0]
1697101914.799821 Call landing service
1697101914.812788 [0, 0, 1, 0]
1697101914.8130212 Call landing service
1697101914.8215487 [0, 0, 1, 0]
1697101914.8216789 Call landing service
1697101914.8342905 [0, 0, 1, 0]
1697101914.8344605 Call landing service
1697101914.8555713 [0, 0, 1, 0]
1697101914.8557115 Call landing service
1697101914.866872 [0, 0, 1, 0]
1697101914.867012 Call landing service
1697101914.8872864 [0, 0, 1, 0]
1697101914.8876462 Call landing service
1697101915.451544 [0, 0, 1, 0]
1697101915.451849 [0, 0, 1, 0]
1697101915.4520032 [0, 0, 1, 0]
1697101915.4522817 [0, 0, 1, 0]
1697101915.4524837 [0, 0, 1, 0]
1697101915.452637 [0, 0, 1, 0]
1697101915.4527678 [0, 0, 1, 0]
1697101915.4529185 [0, 0, 1, 0]
1697101915.453083 [0, 0, 1, 0]
1697101915.4532342 [0, 0, 1, 0]
1697101915.4533677 [0, 0, 1, 0]
1697101915.4534943 [0, 0, 1, 0]
1697101915.4536314 [0, 0, 1, 0]
1697101915.4537714 [0, 0, 1, 0]
1697101915.4539232 [0, 0, 1, 0]
1697101915.4541087 [0, 0, 1, 0]
1697101915.454244 [0, 0, 1, 0]
1697101915.454374 [0, 0, 1, 0]
1697101915.4545107 [0, 0, 1, 0]
1697101915.454637 [0, 0, 1, 0]
1697101915.4547644 [0, 0, 1, 0]
1697101915.4548948 [0, 0, 1, 0]
1697101915.455027 [0, 0, 1, 0]
1697101915.455173 [0, 0, 1, 0]
1697101915.4553094 [0, 0, 1, 0]
1697101915.455488 [0, 0, 1, 0]
1697101915.45566 [0, 0, 1, 0]
1697101915.4558098 [0, 0, 1, 0]
1697101915.4559698 [0, 0, 1, 0]
1697101915.4561212 [0, 0, 1, 0]
1697101915.4562562 [0, 0, 1, 0]
1697101915.456356 [0, 0, 1, 0]
1697101915.4564576 [0, 0, 1, 0]
1697101920.4516056 [0, 0, 1, 0]
1697101920.4518564 [0, 0, 1, 0]
1697101920.4519713 [0, 0, 1, 0]
1697101920.4520817 [0, 0, 1, 0]
1697101920.45221 [0, 0, 1, 0]
1697101920.4523191 [0, 0, 1, 0]
1697101920.4524229 [0, 0, 1, 0]
1697101920.4525213 [0, 0, 1, 0]
1697101920.4526215 [0, 0, 1, 0]
1697101920.4527209 [0, 0, 1, 0]
1697101920.4528208 [0, 0, 1, 0]
1697101920.4529226 [0, 0, 1, 0]
1697101920.453032 [0, 0, 1, 0]
1697101920.453133 [0, 0, 1, 0]
1697101920.4532342 [0, 0, 1, 0]
1697101920.4533348 [0, 0, 1, 0]
1697101920.4534395 [0, 0, 1, 0]
1697101920.453543 [0, 0, 1, 0]
1697101920.453659 [0, 0, 1, 0]
1697101920.453807 [0, 0, 1, 0]
1697101920.453975 [0, 0, 1, 0]
1697101920.4541366 [0, 0, 1, 0]
1697101920.4542525 [0, 0, 1, 0]
1697101920.4543612 [0, 0, 1, 0]
1697101920.4544683 [0, 0, 1, 0]
1697101920.4545739 [0, 0, 1, 0]
1697101920.4546812 [0, 0, 1, 0]
1697101920.4547884 [0, 0, 1, 0]
1697101920.4548934 [0, 0, 1, 0]
1697101920.4549994 [0, 0, 1, 0]
1697101920.4551222 [0, 0, 1, 0]
1697101920.4552395 [0, 0, 1, 0]
1697101920.4553611 [0, 0, 1, 0]
1697101923.45143 [0, 0, 1, 0]
1697101923.451744 [0, 0, 1, 0]
1697101923.4519353 [0, 0, 1, 0]
1697101923.4520535 [0, 0, 1, 0]
1697101923.4521544 [0, 0, 1, 0]
1697101923.4522555 [0, 0, 1, 0]
1697101923.452355 [0, 0, 1, 0]
1697101923.4524543 [0, 0, 1, 0]
1697101923.4525533 [0, 0, 1, 0]
1697101923.4526806 [0, 0, 1, 0]
1697101923.4527867 [0, 0, 1, 0]
1697101923.4528935 [0, 0, 1, 0]
1697101923.4530437 [0, 0, 1, 0]
1697101923.4531524 [0, 0, 1, 0]
1697101923.4532712 [0, 0, 1, 0]
1697101923.4533808 [0, 0, 1, 0]
1697101923.4535081 [0, 0, 1, 0]
1697101923.453647 [0, 0, 1, 0]
1697101923.4537508 [0, 0, 1, 0]
1697101923.4538522 [0, 0, 1, 0]
1697101923.4539783 [0, 0, 1, 0]
1697101923.4541094 [0, 0, 1, 0]
1697101923.4542308 [0, 0, 1, 0]
1697101923.4543474 [0, 0, 1, 0]
1697101923.454453 [0, 0, 1, 0]
1697101923.4545517 [0, 0, 1, 0]
1697101923.4546623 [0, 0, 1, 0]
1697101923.4547756 [0, 0, 1, 0]
1697101923.4548738 [0, 0, 1, 0]
1697101923.4549818 [0, 0, 1, 0]
1697101923.455082 [0, 0, 1, 0]
1697101923.4551961 [0, 0, 1, 0]
1697101923.4553688 [0, 0, 1, 0]
1697101926.4514825 [0, 0, 1, 0]
1697101926.4518821 [0, 0, 1, 0]
1697101926.4521248 [0, 0, 1, 0]
1697101926.4522476 [0, 0, 1, 0]
1697101926.4523528 [0, 0, 1, 0]
1697101926.4524548 [0, 0, 1, 0]
1697101926.4525588 [0, 0, 1, 0]
1697101926.4526658 [0, 0, 1, 0]
1697101926.4527667 [0, 0, 1, 0]
1697101926.4528716 [0, 0, 1, 0]
1697101926.4529786 [0, 0, 1, 0]
1697101926.4530778 [0, 0, 1, 0]
1697101926.4531832 [0, 0, 1, 0]
1697101926.4532955 [0, 0, 1, 0]
1697101926.4534087 [0, 0, 1, 0]
