1697973314.454005 [0 1 1 0]
1697973318.4525642 [0 0 1 0]
1697973318.4537756 [0 0 1 0]
1697973318.4543173 [0 0 1 0]
1697973318.4547546 [0 0 1 0]
1697973318.4551175 [0 0 1 0]
1697973322.4521363 [0 1 1 0]
1697973322.4525797 [0 1 1 0]
1697973322.45307 [0 1 1 0]
1697973322.4535844 [0 1 1 0]
1697973322.4538965 [0 1 1 0]
1697973322.454174 [0 1 1 0]
1697973322.4544508 [0 1 1 0]
1697973322.4547493 [0 1 1 0]
1697973322.4551225 [0 1 1 0]
1697973327.452701 [0 0 1 0]
1697973327.4542804 [0 0 1 0]
1697973327.4550753 [0 0 1 0]
1697973327.4564202 [0 0 1 0]
1697973327.4575658 [0 0 1 0]
1697973327.4585798 [0 0 1 0]
1697973327.4592633 [0 0 1 0]
1697973327.4602392 [0 0 1 0]
1697973327.4608428 [0 0 1 0]
1697973327.4613664 [0 0 1 0]
1697973327.4619858 [0 0 1 0]
1697973327.4625256 [0 0 1 0]
1697973327.4632123 [0 0 1 0]
1697973327.4646246 [0 0 1 0]
1697973331.4520953 [0 1 1 0]
1697973331.4524777 [0 1 1 0]
1697973331.4529035 [0 1 1 0]
1697973331.453229 [0 1 1 0]
1697973331.4545143 [0 1 1 0]
1697973331.455028 [0 1 1 0]
1697973331.4554453 [0 1 1 0]
1697973331.4558551 [0 1 1 0]
1697973331.4562664 [0 1 1 0]
1697973331.4570508 [0 1 1 0]
1697973331.4576957 [0 1 1 0]
1697973331.4582949 [0 1 1 0]
1697973331.4587715 [0 1 1 0]
1697973331.459079 [0 1 1 0]
1697973331.4594727 [0 1 1 0]
1697973331.4597251 [0 1 1 0]
1697973331.459955 [0 1 1 0]
1697973331.4602025 [0 1 1 0]
1697973335.4524157 [0 0 1 0]
1697973335.4530249 [0 0 1 0]
1697973335.4537773 [0 0 1 0]
1697973335.454326 [0 0 1 0]
1697973335.4553537 [0 0 1 0]
1697973335.4563093 [0 0 1 0]
1697973335.4570835 [0 0 1 0]
1697973335.45749 [0 0 1 0]
1697973335.4578562 [0 0 1 0]
1697973335.458121 [0 0 1 0]
1697973335.4583669 [0 0 1 0]
1697973335.4591362 [0 0 1 0]
1697973335.4594784 [0 0 1 0]
1697973335.4597135 [0 0 1 0]
1697973335.460009 [0 0 1 0]
1697973335.4602346 [0 0 1 0]
1697973335.460498 [0 0 1 0]
1697973335.4631884 [0 0 1 0]
1697973335.4637713 [0 0 1 0]
1697973335.4640706 [0 0 1 0]
1697973335.4642732 [0 0 1 0]
1697973335.4644694 [0 0 1 0]
1697973339.4521797 [0 1 1 0]
1697973339.4527483 [0 1 1 0]
1697973339.453989 [0 1 1 0]
1697973339.4547122 [0 1 1 0]
1697973339.4559689 [0 1 1 0]
1697973339.4570801 [0 1 1 0]
1697973339.4576352 [0 1 1 0]
1697973339.458108 [0 1 1 0]
1697973339.4585667 [0 1 1 0]
1697973339.4594152 [0 1 1 0]
1697973339.4602494 [0 1 1 0]
1697973339.460835 [0 1 1 0]
1697973339.4612758 [0 1 1 0]
1697973339.4643924 [0 1 1 0]
1697973339.4650676 [0 1 1 0]
1697973339.4655476 [0 1 1 0]
1697973339.465857 [0 1 1 0]
1697973339.4661682 [0 1 1 0]
1697973339.4674964 [0 1 1 0]
1697973339.4679637 [0 1 1 0]
1697973339.4683127 [0 1 1 0]
1697973339.4686232 [0 1 1 0]
1697973339.4689255 [0 1 1 0]
1697973339.4693117 [0 1 1 0]
1697973339.4696095 [0 1 1 0]
1697973339.4699488 [0 1 1 0]
1697973343.4522102 [0 0 1 0]
1697973343.4534435 [0 0 1 0]
1697973343.4544 [0 0 1 0]
1697973343.4550698 [0 0 1 0]
1697973343.4564433 [0 0 1 0]
1697973343.4572394 [0 0 1 0]
1697973343.4576743 [0 0 1 0]
1697973343.4580784 [0 0 1 0]
1697973343.4586704 [0 0 1 0]
1697973343.4595845 [0 0 1 0]
1697973343.4604118 [0 0 1 0]
1697973343.461042 [0 0 1 0]
1697973343.4616573 [0 0 1 0]
1697973343.4624193 [0 0 1 0]
1697973343.462892 [0 0 1 0]
1697973343.4632177 [0 0 1 0]
1697973343.4635947 [0 0 1 0]
1697973343.4639115 [0 0 1 0]
1697973343.4643233 [0 0 1 0]
1697973343.4647124 [0 0 1 0]
1697973343.4651148 [0 0 1 0]
1697973343.4656503 [0 0 1 0]
1697973343.4659016 [0 0 1 0]
1697973343.4661138 [0 0 1 0]
1697973343.4663198 [0 0 1 0]
1697973343.46657 [0 0 1 0]
1697973343.4667802 [0 0 1 0]
1697973343.4670813 [0 0 1 0]
1697973343.467372 [0 0 1 0]
1697973343.4676359 [0 0 1 0]
1697973347.452327 [0 1 1 0]
1697973347.4537807 [0 1 1 0]
1697973347.4547396 [0 1 1 0]
1697973347.45558 [0 1 1 0]
1697973347.456066 [0 1 1 0]
1697973347.456972 [0 1 1 0]
1697973347.4574928 [0 1 1 0]
1697973347.4580076 [0 1 1 0]
1697973347.4584844 [0 1 1 0]
1697973347.4590435 [0 1 1 0]
1697973347.4596012 [0 1 1 0]
1697973347.4599876 [0 1 1 0]
1697973347.4611943 [0 1 1 0]
1697973347.461746 [0 1 1 0]
1697973347.4621665 [0 1 1 0]
1697973347.4626265 [0 1 1 0]
1697973347.462873 [0 1 1 0]
1697973347.4630725 [0 1 1 0]
1697973347.4632716 [0 1 1 0]
1697973347.4635913 [0 1 1 0]
1697973347.463889 [0 1 1 0]
1697973347.4641778 [0 1 1 0]
1697973347.4644954 [0 1 1 0]
1697973347.4647956 [0 1 1 0]
1697973347.464993 [0 1 1 0]
1697973347.465177 [0 1 1 0]
1697973347.4653602 [0 1 1 0]
1697973347.4655542 [0 1 1 0]
1697973347.4657383 [0 1 1 0]
1697973347.4659388 [0 1 1 0]
1697973347.4661443 [0 1 1 0]
1697973347.4663413 [0 1 1 0]
1697973347.4665267 [0 1 1 0]
1697973347.466711 [0 1 1 0]
1697973351.4523327 [0 0 1 0]
1697973351.453508 [0 0 1 0]
1697973351.4547894 [0 0 1 0]
1697973351.455311 [0 0 1 0]
1697973351.4557822 [0 0 1 0]
1697973351.4563127 [0 0 1 0]
1697973351.456815 [0 0 1 0]
1697973351.4573033 [0 0 1 0]
1697973351.4579222 [0 0 1 0]
1697973351.4585483 [0 0 1 0]
1697973351.4589992 [0 0 1 0]
1697973351.4598575 [0 0 1 0]
1697973351.460209 [0 0 1 0]
1697973351.4605608 [0 0 1 0]
1697973351.4612257 [0 0 1 0]
1697973351.4615667 [0 0 1 0]
1697973351.4621453 [0 0 1 0]
1697973351.4625864 [0 0 1 0]
1697973351.4629548 [0 0 1 0]
1697973351.463303 [0 0 1 0]
1697973351.4636354 [0 0 1 0]
1697973351.463962 [0 0 1 0]
1697973351.4644003 [0 0 1 0]
1697973351.4651856 [0 0 1 0]
1697973351.4655387 [0 0 1 0]
1697973351.465749 [0 0 1 0]
1697973351.4659903 [0 0 1 0]
1697973351.4662683 [0 0 1 0]
1697973351.4668372 [0 0 1 0]
1697973351.467242 [0 0 1 0]
1697973351.4675758 [0 0 1 0]
1697973351.4678547 [0 0 1 0]
1697973351.468276 [0 0 1 0]
1697973351.468547 [0 0 1 0]
1697973351.4688387 [0 0 1 0]
1697973351.4694402 [0 0 1 0]
1697973351.4698496 [0 0 1 0]
1697973351.4702256 [0 0 1 0]
1697973355.4524317 [0 1 1 0]
1697973355.4538689 [0 1 1 0]
1697973355.4545343 [0 1 1 0]
1697973355.4548528 [0 1 1 0]
1697973355.4551363 [0 1 1 0]
1697973355.45597 [0 1 1 0]
1697973355.4566743 [0 1 1 0]
1697973355.4571927 [0 1 1 0]
1697973355.457699 [0 1 1 0]
1697973355.4581158 [0 1 1 0]
1697973355.4585202 [0 1 1 0]
1697973355.4588947 [0 1 1 0]
1697973355.4591749 [0 1 1 0]
1697973355.4594898 [0 1 1 0]
1697973355.459752 [0 1 1 0]
1697973355.4599912 [0 1 1 0]
1697973355.4602468 [0 1 1 0]
1697973355.4604878 [0 1 1 0]
1697973355.4611673 [0 1 1 0]
1697973355.4614947 [0 1 1 0]
1697973355.4617636 [0 1 1 0]
1697973355.462027 [0 1 1 0]
1697973355.4622772 [0 1 1 0]
1697973355.4624882 [0 1 1 0]
1697973355.4633672 [0 1 1 0]
1697973355.4638011 [0 1 1 0]
1697973355.464122 [0 1 1 0]
1697973355.4644291 [0 1 1 0]
1697973355.4646893 [0 1 1 0]
1697973355.464913 [0 1 1 0]
1697973355.4651353 [0 1 1 0]
1697973355.4653983 [0 1 1 0]
1697973355.465667 [0 1 1 0]
1697973355.4659963 [0 1 1 0]
1697973355.4662113 [0 1 1 0]
1697973355.4664202 [0 1 1 0]
1697973355.4665868 [0 1 1 0]
1697973355.466739 [0 1 1 0]
1697973355.4668996 [0 1 1 0]
1697973355.46705 [0 1 1 0]
1697973355.4671948 [0 1 1 0]
1697973355.4674065 [0 1 1 0]
1697973359.4524262 [0 0 1 0]
1697973359.4540718 [0 0 1 0]
1697973359.4557047 [0 0 1 0]
1697973359.4569588 [0 0 1 0]
1697973359.457639 [0 0 1 0]
1697973359.4582791 [0 0 1 0]
1697973359.459132 [0 0 1 0]
1697973359.459816 [0 0 1 0]
1697973359.4602222 [0 0 1 0]
1697973359.460588 [0 0 1 0]
1697973359.4609518 [0 0 1 0]
1697973359.461504 [0 0 1 0]
1697973359.463978 [0 0 1 0]
1697973359.4648712 [0 0 1 0]
1697973359.4652007 [0 0 1 0]
1697973359.4654255 [0 0 1 0]
1697973359.465614 [0 0 1 0]
1697973359.4658122 [0 0 1 0]
1697973359.4660084 [0 0 1 0]
1697973359.466196 [0 0 1 0]
1697973359.4663856 [0 0 1 0]
1697973359.4665797 [0 0 1 0]
1697973359.466788 [0 0 1 0]
1697973359.4670467 [0 0 1 0]
1697973359.4673917 [0 0 1 0]
1697973359.467739 [0 0 1 0]
1697973359.4680157 [0 0 1 0]
1697973359.468269 [0 0 1 0]
1697973359.4685197 [0 0 1 0]
1697973359.4688897 [0 0 1 0]
1697973359.4691467 [0 0 1 0]
1697973359.4694266 [0 0 1 0]
1697973359.4696956 [0 0 1 0]
1697973359.4699013 [0 0 1 0]
1697973359.470103 [0 0 1 0]
1697973359.4703279 [0 0 1 0]
1697973359.470526 [0 0 1 0]
1697973359.470768 [0 0 1 0]
1697973359.4709513 [0 0 1 0]
1697973359.4713323 [0 0 1 0]
1697973359.4716685 [0 0 1 0]
1697973359.471991 [0 0 1 0]
1697973359.4727514 [0 0 1 0]
1697973359.4730413 [0 0 1 0]
1697973359.4733365 [0 0 1 0]
1697973359.4737146 [0 0 1 0]
1697973363.4522758 [0 1 1 0]
1697973363.4539142 [0 1 1 0]
1697973363.4548128 [0 1 1 0]
1697973363.4553592 [0 1 1 0]
1697973363.4561217 [0 1 1 0]
1697973363.4565303 [0 1 1 0]
1697973363.4570181 [0 1 1 0]
1697973363.4575171 [0 1 1 0]
1697973363.4579537 [0 1 1 0]
1697973363.4584508 [0 1 1 0]
1697973363.4594207 [0 1 1 0]
1697973363.4603684 [0 1 1 0]
1697973363.4610133 [0 1 1 0]
1697973363.4617522 [0 1 1 0]
1697973363.4625132 [0 1 1 0]
1697973363.4630735 [0 1 1 0]
1697973363.4642463 [0 1 1 0]
1697973363.4645636 [0 1 1 0]
1697973363.4652324 [0 1 1 0]
1697973363.4657598 [0 1 1 0]
1697973363.4662082 [0 1 1 0]
1697973363.4666142 [0 1 1 0]
1697973363.4670203 [0 1 1 0]
1697973363.467875 [0 1 1 0]
1697973363.4681866 [0 1 1 0]
1697973363.468397 [0 1 1 0]
1697973363.4685786 [0 1 1 0]
1697973363.4687388 [0 1 1 0]
1697973363.4689155 [0 1 1 0]
1697973363.4691799 [0 1 1 0]
1697973363.4694374 [0 1 1 0]
1697973363.4696991 [0 1 1 0]
1697973363.46996 [0 1 1 0]
1697973363.4702182 [0 1 1 0]
1697973363.4704826 [0 1 1 0]
1697973363.4707685 [0 1 1 0]
1697973363.4710371 [0 1 1 0]
1697973363.471437 [0 1 1 0]
1697973363.4717627 [0 1 1 0]
1697973363.4722703 [0 1 1 0]
1697973363.472543 [0 1 1 0]
1697973363.4728012 [0 1 1 0]
1697973363.4730744 [0 1 1 0]
1697973363.473263 [0 1 1 0]
1697973363.4734747 [0 1 1 0]
1697973363.4736784 [0 1 1 0]
1697973363.4738636 [0 1 1 0]
1697973363.474088 [0 1 1 0]
1697973363.4743028 [0 1 1 0]
1697973363.4745018 [0 1 1 0]
1697973367.4524035 [0 0 1 0]
1697973367.4533546 [0 0 1 0]
1697973367.4539587 [0 0 1 0]
1697973367.4550664 [0 0 1 0]
1697973367.4560838 [0 0 1 0]
1697973367.4567003 [0 0 1 0]
1697973367.4572148 [0 0 1 0]
1697973367.4577117 [0 0 1 0]
1697973367.4581757 [0 0 1 0]
1697973367.458833 [0 0 1 0]
1697973367.4597173 [0 0 1 0]
1697973367.460073 [0 0 1 0]
1697973367.460282 [0 0 1 0]
1697973367.460488 [0 0 1 0]
1697973367.4607577 [0 0 1 0]
1697973367.461025 [0 0 1 0]
1697973367.461265 [0 0 1 0]
1697973367.4615405 [0 0 1 0]
1697973367.4617457 [0 0 1 0]
1697973367.4620066 [0 0 1 0]
1697973367.462237 [0 0 1 0]
1697973367.4624515 [0 0 1 0]
1697973367.462825 [0 0 1 0]
1697973367.463904 [0 0 1 0]
1697973367.4642885 [0 0 1 0]
1697973367.464627 [0 0 1 0]
1697973367.4652705 [0 0 1 0]
1697973367.4656472 [0 0 1 0]
1697973367.4659827 [0 0 1 0]
1697973367.4663298 [0 0 1 0]
1697973367.466645 [0 0 1 0]
1697973367.4669423 [0 0 1 0]
1697973367.4672408 [0 0 1 0]
1697973367.4676034 [0 0 1 0]
1697973367.4679246 [0 0 1 0]
1697973367.468218 [0 0 1 0]
1697973367.4685655 [0 0 1 0]
1697973367.4688528 [0 0 1 0]
1697973367.4691472 [0 0 1 0]
1697973367.469462 [0 0 1 0]
1697973367.4699504 [0 0 1 0]
1697973367.4703422 [0 0 1 0]
1697973367.4706464 [0 0 1 0]
1697973367.4712045 [0 0 1 0]
1697973367.4716465 [0 0 1 0]
1697973367.4720757 [0 0 1 0]
1697973367.4723465 [0 0 1 0]
1697973367.4725604 [0 0 1 0]
1697973367.4728384 [0 0 1 0]
1697973367.4730802 [0 0 1 0]
1697973367.4733508 [0 0 1 0]
1697973367.47387 [0 0 1 0]
1697973367.4743738 [0 0 1 0]
1697973367.4748046 [0 0 1 0]
1697973371.4522142 [0 1 1 0]
1697973371.4546661 [0 1 1 0]
1697973371.455872 [0 1 1 0]
1697973371.4571118 [0 1 1 0]
1697973371.4580476 [0 1 1 0]
1697973371.458813 [0 1 1 0]
1697973371.4595501 [0 1 1 0]
1697973371.4601254 [0 1 1 0]
1697973371.4606113 [0 1 1 0]
1697973371.4612327 [0 1 1 0]
1697973371.4616728 [0 1 1 0]
1697973371.4622283 [0 1 1 0]
1697973371.4627612 [0 1 1 0]
1697973371.4632542 [0 1 1 0]
1697973371.4647796 [0 1 1 0]
1697973371.4653263 [0 1 1 0]
1697973371.465671 [0 1 1 0]
1697973371.466017 [0 1 1 0]
1697973371.4663453 [0 1 1 0]
1697973371.4666944 [0 1 1 0]
1697973371.46697 [0 1 1 0]
1697973371.4675136 [0 1 1 0]
1697973371.4681468 [0 1 1 0]
1697973371.4685378 [0 1 1 0]
1697973371.4687662 [0 1 1 0]
1697973371.468946 [0 1 1 0]
1697973371.4691358 [0 1 1 0]
1697973371.4693463 [0 1 1 0]
1697973371.4695635 [0 1 1 0]
1697973371.4698112 [0 1 1 0]
1697973371.470024 [0 1 1 0]
1697973371.470284 [0 1 1 0]
1697973371.4705083 [0 1 1 0]
1697973371.4707222 [0 1 1 0]
1697973371.470948 [0 1 1 0]
1697973371.4711936 [0 1 1 0]
1697973371.471494 [0 1 1 0]
1697973371.4717276 [0 1 1 0]
1697973371.4719784 [0 1 1 0]
1697973371.472179 [0 1 1 0]
1697973371.4723954 [0 1 1 0]
1697973371.4726279 [0 1 1 0]
1697973371.4728284 [0 1 1 0]
1697973371.4730647 [0 1 1 0]
1697973371.4733286 [0 1 1 0]
1697973371.4735868 [0 1 1 0]
1697973371.4738941 [0 1 1 0]
1697973371.4741383 [0 1 1 0]
1697973371.474327 [0 1 1 0]
1697973371.4745822 [0 1 1 0]
1697973371.474888 [0 1 1 0]
1697973371.4751449 [0 1 1 0]
1697973371.4755273 [0 1 1 0]
1697973371.4758177 [0 1 1 0]
1697973371.476114 [0 1 1 0]
1697973371.476436 [0 1 1 0]
1697973371.4767334 [0 1 1 0]
1697973371.4769392 [0 1 1 0]
1697973375.4523327 [0 0 1 0]
1697973375.4541845 [0 0 1 0]
1697973375.4547858 [0 0 1 0]
1697973375.4559436 [0 0 1 0]
1697973375.4571657 [0 0 1 0]
1697973375.4579945 [0 0 1 0]
1697973375.4584935 [0 0 1 0]
1697973375.4591637 [0 0 1 0]
1697973375.460052 [0 0 1 0]
1697973375.460566 [0 0 1 0]
1697973375.4611874 [0 0 1 0]
1697973375.4614732 [0 0 1 0]
1697973375.4618287 [0 0 1 0]
1697973375.4634347 [0 0 1 0]
1697973375.4643166 [0 0 1 0]
1697973375.464924 [0 0 1 0]
1697973375.4654143 [0 0 1 0]
1697973375.4657843 [0 0 1 0]
1697973375.4660258 [0 0 1 0]
1697973375.4662454 [0 0 1 0]
1697973375.4664829 [0 0 1 0]
1697973375.4667156 [0 0 1 0]
1697973375.4669573 [0 0 1 0]
1697973375.4671962 [0 0 1 0]
1697973375.4674659 [0 0 1 0]
1697973375.467712 [0 0 1 0]
1697973375.4679441 [0 0 1 0]
1697973375.4681816 [0 0 1 0]
1697973375.468442 [0 0 1 0]
1697973375.4690754 [0 0 1 0]
1697973375.4697344 [0 0 1 0]
1697973375.4700222 [0 0 1 0]
1697973375.4706619 [0 0 1 0]
1697973375.4711227 [0 0 1 0]
1697973375.4715123 [0 0 1 0]
1697973375.4718122 [0 0 1 0]
1697973375.472109 [0 0 1 0]
1697973375.472421 [0 0 1 0]
1697973375.4726932 [0 0 1 0]
1697973375.4730315 [0 0 1 0]
1697973375.473408 [0 0 1 0]
1697973375.4738646 [0 0 1 0]
1697973375.4742956 [0 0 1 0]
1697973375.474775 [0 0 1 0]
1697973375.4750555 [0 0 1 0]
1697973375.4754 [0 0 1 0]
1697973375.475667 [0 0 1 0]
1697973375.475913 [0 0 1 0]
1697973375.4761755 [0 0 1 0]
1697973375.4765275 [0 0 1 0]
1697973375.4767704 [0 0 1 0]
1697973375.4771647 [0 0 1 0]
1697973375.4775434 [0 0 1 0]
1697973375.4778676 [0 0 1 0]
1697973375.4781628 [0 0 1 0]
1697973375.4788153 [0 0 1 0]
1697973375.4792514 [0 0 1 0]
1697973375.4795966 [0 0 1 0]
1697973375.4799225 [0 0 1 0]
1697973375.480208 [0 0 1 0]
1697973375.480473 [0 0 1 0]
1697973375.480754 [0 0 1 0]
1697973379.4523046 [0 0 1 0]
1697973379.453181 [0 0 1 0]
1697973379.4538062 [0 0 1 0]
1697973379.4543407 [0 0 1 0]
1697973379.455171 [0 0 1 0]
1697973379.455432 [0, 0, 1, 0]
1697973379.4554899 [0, 0, 1, 0]
1697973379.455536 [0, 0, 1, 0]
1697973379.4555793 [0, 0, 1, 0]
1697973379.4556215 [0, 0, 1, 0]
1697973379.4556646 [0, 0, 1, 0]
1697973379.4557061 [0, 0, 1, 0]
1697973379.455743 [0, 0, 1, 0]
1697973379.4557836 [0, 0, 1, 0]
1697973379.455822 [0, 0, 1, 0]
1697973379.4558594 [0, 0, 1, 0]
1697973379.4560966 [0, 0, 1, 0]
1697973379.4571042 [0, 0, 1, 0]
1697973379.4575026 [0, 0, 1, 0]
1697973379.4576457 [0, 0, 1, 0]
1697973379.457779 [0, 0, 1, 0]
1697973379.4578805 [0, 0, 1, 0]
1697973379.457986 [0, 0, 1, 0]
1697973379.4580867 [0, 0, 1, 0]
1697973379.458193 [0, 0, 1, 0]
1697973379.458294 [0, 0, 1, 0]
1697973379.458386 [0, 0, 1, 0]
1697973379.458481 [0, 0, 1, 0]
1697973379.4585738 [0, 0, 1, 0]
1697973379.4586759 [0, 0, 1, 0]
1697973379.4587955 [0, 0, 1, 0]
1697973379.4589064 [0, 0, 1, 0]
1697973379.4590096 [0, 0, 1, 0]
1697973379.4591217 [0, 0, 1, 0]
1697973379.4592435 [0, 0, 1, 0]
1697973379.4598553 [0, 0, 1, 0]
1697973379.4601164 [0, 0, 1, 0]
1697973379.4602666 [0, 0, 1, 0]
1697973379.4604785 [0, 0, 1, 0]
1697973379.4609194 [0, 0, 1, 0]
1697973379.4611795 [0, 0, 1, 0]
1697973379.4614139 [0, 0, 1, 0]
1697973379.461505 [0, 0, 1, 0]
1697973379.461588 [0, 0, 1, 0]
1697973379.461656 [0, 0, 1, 0]
1697973379.461731 [0, 0, 1, 0]
1697973379.4618049 [0, 0, 1, 0]
1697973379.4619474 [0, 0, 1, 0]
1697973379.4620988 [0, 0, 1, 0]
1697973379.4621942 [0, 0, 1, 0]
1697973379.4622893 [0, 0, 1, 0]
1697973379.4623744 [0, 0, 1, 0]
1697973379.4624548 [0, 0, 1, 0]
1697973379.462546 [0, 0, 1, 0]
1697973379.462617 [0, 0, 1, 0]
1697973379.4626784 [0, 0, 1, 0]
1697973379.4629366 [0, 0, 1, 0]
1697973379.4631202 [0, 0, 1, 0]
1697973379.4633205 [0, 0, 1, 0]
1697973379.4634798 [0, 0, 1, 0]
1697973379.4636133 [0, 0, 1, 0]
1697973379.4637165 [0, 0, 1, 0]
1697973379.463817 [0, 0, 1, 0]
1697973379.4639099 [0, 0, 1, 0]
1697973379.4642005 [0, 0, 1, 0]
1697973379.4643326 [0, 0, 1, 0]
