1697102488.5826638 [0 4 1 0]
1697102488.583244 [0 4 1 0]
1697102501.5826561 [0 4 2 0]
1697102501.5833669 [0 4 2 0]
1697102501.5839677 [0 4 2 0]
1697102501.5845294 [0 4 2 0]
1697102501.5850914 [0 4 2 0]
1697102501.5856636 [0 4 2 0]
1697102501.5862951 [0 4 2 0]
1697102501.5869327 [0 4 2 0]
1697102501.587364 [0 4 2 0]
1697102501.5876954 [0 4 2 0]
1697102501.5883846 [0 4 2 0]
1697102501.5891588 [0 4 2 0]
1697102501.590163 [0 4 2 0]
1697102501.5906787 [0 4 2 0]
1697102501.5919137 [0 4 2 0]
1697102504.582496 [0 0 2 0]
1697102504.5829089 [0 0 2 0]
1697102504.5835257 [0 0 2 0]
1697102504.583961 [0 0 2 0]
1697102504.5843244 [0 0 2 0]
1697102504.5845993 [0 0 2 0]
1697102504.5849297 [0 0 2 0]
1697102504.5852518 [0 0 2 0]
1697102504.5856235 [0 0 2 0]
1697102504.5858428 [0 0 2 0]
1697102504.5861266 [0 0 2 0]
1697102504.5863194 [0 0 2 0]
1697102504.5864694 [0 0 2 0]
1697102504.5866158 [0 0 2 0]
1697102504.5867624 [0 0 2 0]
1697102504.5869088 [0 0 2 0]
1697102504.5870554 [0 0 2 0]
1697102504.5872 [0 0 2 0]
1697102516.5824258 [0 0 3 0]
1697102516.5827286 [0 0 3 0]
1697102516.5829124 [0 0 3 0]
1697102516.58308 [0 0 3 0]
1697102516.58324 [0 0 3 0]
1697102516.5834272 [0 0 3 0]
1697102516.583548 [0 0 3 0]
1697102516.5836642 [0 0 3 0]
1697102516.5837786 [0 0 3 0]
1697102516.583907 [0 0 3 0]
1697102516.5840502 [0 0 3 0]
1697102516.5841725 [0 0 3 0]
1697102516.5843055 [0 0 3 0]
1697102516.5844367 [0 0 3 0]
1697102516.5845752 [0 0 3 0]
1697102516.5847092 [0 0 3 0]
1697102516.5848556 [0 0 3 0]
1697102516.585016 [0 0 3 0]
1697102516.5852027 [0 0 3 0]
1697102516.5853615 [0 0 3 0]
1697102516.5857077 [0 0 3 0]
1697102516.586159 [0 0 3 0]
1697102516.5865555 [0 0 3 0]
1697102516.5868142 [0 0 3 0]
1697102516.5870485 [0 0 3 0]
1697102516.5872262 [0 0 3 0]
1697102516.5873613 [0 0 3 0]
1697102516.5874906 [0 0 3 0]
1697102516.587685 [0 0 3 0]
1697102516.5878465 [0 0 3 0]
1697102519.582485 [0 4 3 0]
1697102519.5829825 [0 4 3 0]
1697102519.5835056 [0 4 3 0]
1697102519.5838623 [0 4 3 0]
1697102519.584234 [0 4 3 0]
1697102519.584616 [0 4 3 0]
1697102519.5853894 [0 4 3 0]
1697102519.5856252 [0 4 3 0]
1697102519.5860922 [0 4 3 0]
1697102519.5868587 [0 4 3 0]
1697102519.587185 [0 4 3 0]
1697102519.5873928 [0 4 3 0]
1697102519.5876057 [0 4 3 0]
1697102519.587949 [0 4 3 0]
1697102519.588316 [0 4 3 0]
1697102519.5886009 [0 4 3 0]
1697102519.588884 [0 4 3 0]
1697102519.5891595 [0 4 3 0]
1697102519.58947 [0 4 3 0]
1697102519.5905182 [0 4 3 0]
1697102519.590951 [0 4 3 0]
1697102519.5915477 [0 4 3 0]
1697102519.592122 [0 4 3 0]
1697102519.5924733 [0 4 3 0]
1697102519.5929375 [0 4 3 0]
1697102519.5933049 [0 4 3 0]
1697102519.5939267 [0 4 3 0]
1697102519.5943813 [0 4 3 0]
1697102519.5946872 [0 4 3 0]
1697102519.595123 [0 4 3 0]
1697102519.5956156 [0 4 3 0]
1697102519.5960073 [0 4 3 0]
1697102519.596333 [0 4 3 0]
1697102532.5825248 [0 4 4 0]
1697102532.5831046 [0 4 4 0]
1697102532.5837386 [0 4 4 0]
1697102532.5841737 [0 4 4 0]
1697102532.5845232 [0 4 4 0]
1697102532.5848627 [0 4 4 0]
1697102532.5852792 [0 4 4 0]
1697102532.5857053 [0 4 4 0]
1697102532.5862951 [0 4 4 0]
1697102532.5867407 [0 4 4 0]
1697102532.5871484 [0 4 4 0]
1697102532.5875936 [0 4 4 0]
1697102532.588071 [0 4 4 0]
1697102532.5884595 [0 4 4 0]
1697102532.5887766 [0 4 4 0]
1697102532.5891962 [0 4 4 0]
1697102532.5895622 [0 4 4 0]
1697102532.589889 [0 4 4 0]
1697102532.590341 [0 4 4 0]
1697102532.590869 [0 4 4 0]
1697102532.591407 [0 4 4 0]
1697102532.5918746 [0 4 4 0]
1697102532.5922978 [0 4 4 0]
1697102532.5928292 [0 4 4 0]
1697102532.5932462 [0 4 4 0]
1697102532.5937455 [0 4 4 0]
1697102532.5943687 [0 4 4 0]
1697102532.5947673 [0 4 4 0]
1697102532.595236 [0 4 4 0]
1697102532.5957675 [0 4 4 0]
1697102532.5963686 [0 4 4 0]
1697102532.5969052 [0 4 4 0]
1697102532.597302 [0 4 4 0]
1697102532.598142 [0 4 4 0]
1697102532.5986383 [0 4 4 0]
1697102532.5996964 [0 4 4 0]
1697102532.6012285 [0 4 4 0]
1697102532.603085 [0 4 4 0]
1697102532.603699 [0 4 4 0]
1697102532.6042016 [0 4 4 0]
1697102532.6051943 [0 4 4 0]
1697102532.6057115 [0 4 4 0]
1697102532.6062326 [0 4 4 0]
1697102532.6069038 [0 4 4 0]
1697102532.6072423 [0 4 4 0]
1697102532.6075282 [0 4 4 0]
1697102535.5825167 [0 0 4 0]
1697102535.5830534 [0 0 4 0]
1697102535.583744 [0 0 4 0]
1697102535.5842144 [0 0 4 0]
1697102535.5846217 [0 0 4 0]
1697102535.584975 [0 0 4 0]
1697102535.5854502 [0 0 4 0]
1697102535.5857432 [0 0 4 0]
1697102535.586226 [0 0 4 0]
1697102535.586937 [0 0 4 0]
1697102535.5873868 [0 0 4 0]
1697102535.588073 [0 0 4 0]
1697102535.5884867 [0 0 4 0]
1697102535.588991 [0 0 4 0]
1697102535.58946 [0 0 4 0]
1697102535.5898724 [0 0 4 0]
1697102535.5903249 [0 0 4 0]
1697102535.5906937 [0 0 4 0]
1697102535.5910676 [0 0 4 0]
1697102535.5914476 [0 0 4 0]
1697102535.5918012 [0 0 4 0]
1697102535.5922565 [0 0 4 0]
1697102535.592629 [0 0 4 0]
1697102535.5931132 [0 0 4 0]
1697102535.5937195 [0 0 4 0]
1697102535.5943515 [0 0 4 0]
1697102535.5947535 [0 0 4 0]
1697102535.5951908 [0 0 4 0]
1697102535.5955617 [0 0 4 0]
1697102535.5958948 [0 0 4 0]
1697102535.5962522 [0 0 4 0]
1697102535.5966284 [0 0 4 0]
1697102535.5970433 [0 0 4 0]
1697102535.5973158 [0 0 4 0]
1697102535.5975983 [0 0 4 0]
1697102535.5980966 [0 0 4 0]
1697102535.5988653 [0 0 4 0]
1697102535.5995545 [0 0 4 0]
1697102535.6004076 [0 0 4 0]
1697102535.6027799 [0 0 4 0]
1697102535.6037703 [0 0 4 0]
1697102535.606278 [0 0 4 0]
1697102535.6068945 [0 0 4 0]
1697102535.6073637 [0 0 4 0]
1697102535.607808 [0 0 4 0]
1697102535.6080947 [0 0 4 0]
1697102535.608373 [0 0 4 0]
1697102535.6086516 [0 0 4 0]
1697102535.6089747 [0 0 4 0]
1697102548.5825284 [0 0 4 0]
1697102548.5827339 [0, 0, 1, 0]
1697102548.5830212 [0, 0, 1, 0]
1697102548.5831964 [0, 0, 1, 0]
1697102548.5833464 [0, 0, 1, 0]
1697102548.5835156 [0, 0, 1, 0]
1697102548.5836382 [0, 0, 1, 0]
1697102548.5837772 [0, 0, 1, 0]
1697102548.5839818 [0, 0, 1, 0]
1697102548.584193 [0, 0, 1, 0]
1697102548.5843334 [0, 0, 1, 0]
1697102548.5845182 [0, 0, 1, 0]
1697102548.5846622 [0, 0, 1, 0]
1697102548.5847826 [0, 0, 1, 0]
1697102548.584859 [0, 0, 1, 0]
1697102548.5849292 [0, 0, 1, 0]
1697102548.584998 [0, 0, 1, 0]
1697102548.585068 [0, 0, 1, 0]
1697102548.5851374 [0, 0, 1, 0]
1697102548.5852554 [0, 0, 1, 0]
1697102548.5854015 [0, 0, 1, 0]
1697102548.5855157 [0, 0, 1, 0]
1697102548.5856185 [0, 0, 1, 0]
1697102548.5857222 [0, 0, 1, 0]
1697102548.5858946 [0, 0, 1, 0]
1697102548.586233 [0, 0, 1, 0]
1697102548.5863447 [0, 0, 1, 0]
1697102548.58641 [0, 0, 1, 0]
1697102548.5864706 [0, 0, 1, 0]
1697102548.5865304 [0, 0, 1, 0]
1697102548.586591 [0, 0, 1, 0]
1697102548.5866535 [0, 0, 1, 0]
1697102548.5867136 [0, 0, 1, 0]
1697102548.586773 [0, 0, 1, 0]
1697102548.586833 [0, 0, 1, 0]
1697102548.586893 [0, 0, 1, 0]
1697102548.5869517 [0, 0, 1, 0]
1697102548.587012 [0, 0, 1, 0]
1697102548.5870726 [0, 0, 1, 0]
1697102548.5871325 [0, 0, 1, 0]
1697102548.587191 [0, 0, 1, 0]
1697102548.58725 [0, 0, 1, 0]
1697102548.5873084 [0, 0, 1, 0]
1697102548.587367 [0, 0, 1, 0]
1697102548.5874274 [0, 0, 1, 0]
1697102548.5874875 [0, 0, 1, 0]
1697102548.5875468 [0, 0, 1, 0]
1697102548.5876064 [0, 0, 1, 0]
1697102548.5876667 [0, 0, 1, 0]
1697102548.587726 [0, 0, 1, 0]
1697102548.587786 [0, 0, 1, 0]
1697102548.5878456 [0, 0, 1, 0]
1697102548.587905 [0, 0, 1, 0]
1697102548.5879645 [0, 0, 1, 0]
1697102548.5880249 [0, 0, 1, 0]
1697102548.588088 [0, 0, 1, 0]
1697102548.5881517 [0, 0, 1, 0]
1697102548.5882175 [0, 0, 1, 0]
1697102548.5882883 [0, 0, 1, 0]
1697102548.588358 [0, 0, 1, 0]
1697102548.5884213 [0, 0, 1, 0]
1697102548.5884876 [0, 0, 1, 0]
1697102557.5823357 [0, 0, 1, 0]
1697102557.5824592 [0, 0, 1, 0]
1697102557.5825021 [0, 0, 1, 0]
1697102557.5825398 [0, 0, 1, 0]
1697102557.5825777 [0, 0, 1, 0]
1697102557.5826318 [0, 0, 1, 0]
1697102557.5826857 [0, 0, 1, 0]
1697102557.5827355 [0, 0, 1, 0]
1697102557.5827994 [0, 0, 1, 0]
1697102557.5828373 [0, 0, 1, 0]
1697102557.5828724 [0, 0, 1, 0]
1697102557.5829082 [0, 0, 1, 0]
1697102557.5829465 [0, 0, 1, 0]
1697102557.5829816 [0, 0, 1, 0]
1697102557.583028 [0, 0, 1, 0]
1697102557.5830817 [0, 0, 1, 0]
1697102557.583138 [0, 0, 1, 0]
1697102557.5831847 [0, 0, 1, 0]
1697102557.583238 [0, 0, 1, 0]
1697102557.5832832 [0, 0, 1, 0]
1697102557.5833201 [0, 0, 1, 0]
1697102557.583356 [0, 0, 1, 0]
1697102557.5834532 [0, 0, 1, 0]
1697102557.5834916 [0, 0, 1, 0]
1697102557.583529 [0, 0, 1, 0]
1697102557.583574 [0, 0, 1, 0]
1697102557.583626 [0, 0, 1, 0]
1697102557.5836756 [0, 0, 1, 0]
1697102557.5837462 [0, 0, 1, 0]
1697102557.5838096 [0, 0, 1, 0]
1697102557.5838568 [0, 0, 1, 0]
1697102557.583893 [0, 0, 1, 0]
1697102557.5839295 [0, 0, 1, 0]
1697102557.5839837 [0, 0, 1, 0]
1697102557.5840185 [0, 0, 1, 0]
1697102557.584052 [0, 0, 1, 0]
1697102557.5840862 [0, 0, 1, 0]
1697102557.584144 [0, 0, 1, 0]
1697102557.58419 [0, 0, 1, 0]
1697102557.5842316 [0, 0, 1, 0]
1697102557.5842817 [0, 0, 1, 0]
1697102557.5843236 [0, 0, 1, 0]
1697102557.5843663 [0, 0, 1, 0]
1697102557.5844002 [0, 0, 1, 0]
1697102557.5844376 [0, 0, 1, 0]
1697102557.5844705 [0, 0, 1, 0]
1697102557.5845041 [0, 0, 1, 0]
1697102557.5845377 [0, 0, 1, 0]
1697102557.5845714 [0, 0, 1, 0]
1697102557.584614 [0, 0, 1, 0]
1697102557.5846488 [0, 0, 1, 0]
1697102557.5846827 [0, 0, 1, 0]
1697102557.5847166 [0, 0, 1, 0]
1697102557.5847504 [0, 0, 1, 0]
1697102557.5847833 [0, 0, 1, 0]
1697102557.584817 [0, 0, 1, 0]
1697102557.58485 [0, 0, 1, 0]
1697102557.584888 [0, 0, 1, 0]
1697102557.5849254 [0, 0, 1, 0]
1697102557.5849593 [0, 0, 1, 0]
1697102557.584993 [0, 0, 1, 0]
1697102557.5850255 [0, 0, 1, 0]
1697102557.585058 [0, 0, 1, 0]
1697102557.585091 [0, 0, 1, 0]
1697102557.585124 [0, 0, 1, 0]
1697102557.5851638 [0, 0, 1, 0]
1697102557.5851986 [0, 0, 1, 0]
1697102557.585231 [0, 0, 1, 0]
1697102557.5852637 [0, 0, 1, 0]
1697102557.5852964 [0, 0, 1, 0]
1697102557.5853298 [0, 0, 1, 0]
1697102558.5823953 [0, 0, 1, 0]
1697102558.5825167 [0, 0, 1, 0]
1697102558.5825605 [0, 0, 1, 0]
1697102558.5826085 [0, 0, 1, 0]
1697102558.5826454 [0, 0, 1, 0]
1697102558.582678 [0, 0, 1, 0]
1697102558.5827115 [0, 0, 1, 0]
1697102558.5827477 [0, 0, 1, 0]
1697102558.5827835 [0, 0, 1, 0]
1697102558.5828197 [0, 0, 1, 0]
1697102558.5828552 [0, 0, 1, 0]
1697102558.5829186 [0, 0, 1, 0]
1697102558.5829608 [0, 0, 1, 0]
1697102558.5829952 [0, 0, 1, 0]
1697102558.5830286 [0, 0, 1, 0]
1697102558.5830615 [0, 0, 1, 0]
1697102558.5830946 [0, 0, 1, 0]
1697102558.5831273 [0, 0, 1, 0]
1697102558.5831926 [0, 0, 1, 0]
1697102558.5832443 [0, 0, 1, 0]
1697102558.5833046 [0, 0, 1, 0]
1697102558.5833676 [0, 0, 1, 0]
1697102558.5834265 [0, 0, 1, 0]
1697102558.5834816 [0, 0, 1, 0]
1697102558.583531 [0, 0, 1, 0]
1697102558.5835805 [0, 0, 1, 0]
1697102558.5836306 [0, 0, 1, 0]
1697102558.5836806 [0, 0, 1, 0]
1697102558.58373 [0, 0, 1, 0]
1697102558.5837855 [0, 0, 1, 0]
1697102558.5838418 [0, 0, 1, 0]
1697102558.5838995 [0, 0, 1, 0]
1697102558.583935 [0, 0, 1, 0]
1697102558.5839682 [0, 0, 1, 0]
1697102558.584001 [0, 0, 1, 0]
1697102558.5840344 [0, 0, 1, 0]
1697102558.5840678 [0, 0, 1, 0]
1697102558.584101 [0, 0, 1, 0]
1697102558.5841334 [0, 0, 1, 0]
1697102558.5841646 [0, 0, 1, 0]
1697102558.5841956 [0, 0, 1, 0]
1697102558.5842545 [0, 0, 1, 0]
1697102558.5842936 [0, 0, 1, 0]
1697102558.5843258 [0, 0, 1, 0]
1697102558.5843585 [0, 0, 1, 0]
1697102558.5843902 [0, 0, 1, 0]
1697102558.5844216 [0, 0, 1, 0]
1697102558.584453 [0, 0, 1, 0]
1697102558.584502 [0, 0, 1, 0]
1697102558.584536 [0, 0, 1, 0]
1697102558.5845678 [0, 0, 1, 0]
1697102558.5845993 [0, 0, 1, 0]
1697102558.5846305 [0, 0, 1, 0]
1697102558.5846617 [0, 0, 1, 0]
1697102558.5846932 [0, 0, 1, 0]
1697102558.5847244 [0, 0, 1, 0]
1697102558.5847716 [0, 0, 1, 0]
1697102558.5848079 [0, 0, 1, 0]
1697102558.5848393 [0, 0, 1, 0]
1697102558.5848706 [0, 0, 1, 0]
1697102558.5849023 [0, 0, 1, 0]
1697102558.584934 [0, 0, 1, 0]
1697102558.5849655 [0, 0, 1, 0]
1697102558.584997 [0, 0, 1, 0]
1697102558.5850277 [0, 0, 1, 0]
1697102558.5850585 [0, 0, 1, 0]
1697102558.5850892 [0, 0, 1, 0]
1697102558.5851312 [0, 0, 1, 0]
1697102558.5851703 [0, 0, 1, 0]
1697102558.5852017 [0, 0, 1, 0]
1697102558.5852327 [0, 0, 1, 0]
1697102559.5823526 [0, 0, 1, 0]
1697102559.58248 [0, 0, 1, 0]
1697102559.582535 [0, 0, 1, 0]
1697102559.5825703 [0, 0, 1, 0]
1697102559.5826032 [0, 0, 1, 0]
1697102559.5826354 [0, 0, 1, 0]
1697102559.582668 [0, 0, 1, 0]
1697102559.5827 [0, 0, 1, 0]
1697102559.582732 [0, 0, 1, 0]
1697102559.5827737 [0, 0, 1, 0]
1697102559.5828066 [0, 0, 1, 0]
1697102559.5828457 [0, 0, 1, 0]
1697102559.5828788 [0, 0, 1, 0]
1697102559.5829103 [0, 0, 1, 0]
1697102559.5829418 [0, 0, 1, 0]
1697102559.582974 [0, 0, 1, 0]
1697102559.5830057 [0, 0, 1, 0]
1697102559.5830376 [0, 0, 1, 0]
1697102559.5830698 [0, 0, 1, 0]
1697102559.5831087 [0, 0, 1, 0]
1697102559.5831506 [0, 0, 1, 0]
1697102559.5831928 [0, 0, 1, 0]
1697102559.5832334 [0, 0, 1, 0]
1697102559.5832655 [0, 0, 1, 0]
1697102559.5832973 [0, 0, 1, 0]
1697102559.5833287 [0, 0, 1, 0]
1697102559.5833678 [0, 0, 1, 0]
1697102559.5833998 [0, 0, 1, 0]
1697102559.5834317 [0, 0, 1, 0]
1697102559.5834637 [0, 0, 1, 0]
1697102559.583495 [0, 0, 1, 0]
1697102559.5835304 [0, 0, 1, 0]
1697102559.583581 [0, 0, 1, 0]
1697102559.583642 [0, 0, 1, 0]
1697102559.583703 [0, 0, 1, 0]
1697102559.5837557 [0, 0, 1, 0]
1697102559.5837893 [0, 0, 1, 0]
1697102559.5838363 [0, 0, 1, 0]
1697102559.5838842 [0, 0, 1, 0]
1697102559.5839355 [0, 0, 1, 0]
1697102559.5839787 [0, 0, 1, 0]
1697102559.5840116 [0, 0, 1, 0]
1697102559.5840437 [0, 0, 1, 0]
1697102559.5840757 [0, 0, 1, 0]
1697102559.584108 [0, 0, 1, 0]
1697102559.5841405 [0, 0, 1, 0]
1697102559.5841825 [0, 0, 1, 0]
1697102559.5842166 [0, 0, 1, 0]
1697102559.584249 [0, 0, 1, 0]
1697102559.5842814 [0, 0, 1, 0]
1697102559.5843134 [0, 0, 1, 0]
1697102559.5843446 [0, 0, 1, 0]
1697102559.5843756 [0, 0, 1, 0]
1697102559.5844076 [0, 0, 1, 0]
1697102559.5844488 [0, 0, 1, 0]
1697102559.5844808 [0, 0, 1, 0]
1697102559.5845153 [0, 0, 1, 0]
1697102559.5845525 [0, 0, 1, 0]
1697102559.5845892 [0, 0, 1, 0]
1697102559.584625 [0, 0, 1, 0]
1697102559.5846608 [0, 0, 1, 0]
1697102559.5847032 [0, 0, 1, 0]
1697102559.5847387 [0, 0, 1, 0]
1697102559.5847805 [0, 0, 1, 0]
1697102559.5848162 [0, 0, 1, 0]
1697102559.5848477 [0, 0, 1, 0]
1697102559.584879 [0, 0, 1, 0]
1697102559.5849104 [0, 0, 1, 0]
1697102559.5849416 [0, 0, 1, 0]
1697102559.5849729 [0, 0, 1, 0]
1697102559.5850043 [0, 0, 1, 0]
1697102560.5823686 [0, 0, 1, 0]
1697102560.5825343 [0, 0, 1, 0]
1697102560.5825975 [0, 0, 1, 0]
1697102560.5826478 [0, 0, 1, 0]
1697102560.582707 [0, 0, 1, 0]
1697102560.5827518 [0, 0, 1, 0]
1697102560.5827851 [0, 0, 1, 0]
1697102560.582817 [0, 0, 1, 0]
1697102560.5828485 [0, 0, 1, 0]
1697102560.5828798 [0, 0, 1, 0]
1697102560.5829108 [0, 0, 1, 0]
1697102560.5829415 [0, 0, 1, 0]
1697102560.5829902 [0, 0, 1, 0]
1697102560.5830379 [0, 0, 1, 0]
1697102560.5830836 [0, 0, 1, 0]
1697102560.5831268 [0, 0, 1, 0]
1697102560.583166 [0, 0, 1, 0]
1697102560.5831974 [0, 0, 1, 0]
1697102560.5832283 [0, 0, 1, 0]
1697102560.583259 [0, 0, 1, 0]
1697102560.5833051 [0, 0, 1, 0]
1697102560.5833404 [0, 0, 1, 0]
1697102560.5833962 [0, 0, 1, 0]
1697102560.58343 [0, 0, 1, 0]
1697102560.5834627 [0, 0, 1, 0]
1697102560.583508 [0, 0, 1, 0]
1697102560.5835447 [0, 0, 1, 0]
1697102560.5835934 [0, 0, 1, 0]
1697102560.583636 [0, 0, 1, 0]
1697102560.5836751 [0, 0, 1, 0]
1697102560.5837138 [0, 0, 1, 0]
1697102560.5837595 [0, 0, 1, 0]
1697102560.5837924 [0, 0, 1, 0]
1697102560.5838234 [0, 0, 1, 0]
1697102560.5838544 [0, 0, 1, 0]
1697102560.5838852 [0, 0, 1, 0]
1697102560.5839224 [0, 0, 1, 0]
1697102560.5839553 [0, 0, 1, 0]
1697102560.5839875 [0, 0, 1, 0]
1697102560.5840323 [0, 0, 1, 0]
1697102560.5840642 [0, 0, 1, 0]
1697102560.5841002 [0, 0, 1, 0]
1697102560.584149 [0, 0, 1, 0]
1697102560.5841887 [0, 0, 1, 0]
1697102560.5842237 [0, 0, 1, 0]
1697102560.5842547 [0, 0, 1, 0]
1697102560.5842862 [0, 0, 1, 0]
1697102560.5843174 [0, 0, 1, 0]
1697102560.5843482 [0, 0, 1, 0]
1697102560.5843806 [0, 0, 1, 0]
1697102560.5844228 [0, 0, 1, 0]
1697102560.5844562 [0, 0, 1, 0]
1697102560.584488 [0, 0, 1, 0]
1697102560.5845199 [0, 0, 1, 0]
1697102560.5845509 [0, 0, 1, 0]
1697102560.5845828 [0, 0, 1, 0]
1697102560.5846162 [0, 0, 1, 0]
1697102560.5846608 [0, 0, 1, 0]
1697102560.5846958 [0, 0, 1, 0]
1697102560.5847285 [0, 0, 1, 0]
1697102560.5847633 [0, 0, 1, 0]
1697102560.5848007 [0, 0, 1, 0]
1697102560.584832 [0, 0, 1, 0]
1697102560.584864 [0, 0, 1, 0]
1697102560.5848987 [0, 0, 1, 0]
1697102560.584934 [0, 0, 1, 0]
1697102560.5850184 [0, 0, 1, 0]
1697102560.5850508 [0, 0, 1, 0]
1697102560.5850832 [0, 0, 1, 0]
1697102560.585114 [0, 0, 1, 0]
1697102560.5851452 [0, 0, 1, 0]
1697102561.582345 [0, 0, 1, 0]
1697102561.5827334 [0, 0, 1, 0]
1697102561.5829873 [0, 0, 1, 0]
1697102561.5832164 [0, 0, 1, 0]
1697102561.5834563 [0, 0, 1, 0]
1697102561.5835714 [0, 0, 1, 0]
1697102561.5837278 [0, 0, 1, 0]
1697102561.5838895 [0, 0, 1, 0]
1697102561.5841198 [0, 0, 1, 0]
1697102561.584271 [0, 0, 1, 0]
1697102561.5844138 [0, 0, 1, 0]
1697102561.5845785 [0, 0, 1, 0]
1697102561.5847874 [0, 0, 1, 0]
1697102561.5849378 [0, 0, 1, 0]
1697102561.5851088 [0, 0, 1, 0]
1697102561.5852268 [0, 0, 1, 0]
1697102561.5852916 [0, 0, 1, 0]
1697102561.5853393 [0, 0, 1, 0]
1697102561.5853846 [0, 0, 1, 0]
1697102561.5854445 [0, 0, 1, 0]
1697102561.5855048 [0, 0, 1, 0]
1697102561.5855613 [0, 0, 1, 0]
1697102561.5856388 [0, 0, 1, 0]
1697102561.5856938 [0, 0, 1, 0]
1697102561.5857503 [0, 0, 1, 0]
1697102561.5858 [0, 0, 1, 0]
1697102561.5858777 [0, 0, 1, 0]
1697102561.586052 [0, 0, 1, 0]
1697102561.5861812 [0, 0, 1, 0]
1697102561.5862968 [0, 0, 1, 0]
1697102561.5864208 [0, 0, 1, 0]
1697102561.5865455 [0, 0, 1, 0]
1697102561.5867338 [0, 0, 1, 0]
1697102561.5868723 [0, 0, 1, 0]
1697102561.5870035 [0, 0, 1, 0]
1697102561.5871112 [0, 0, 1, 0]
1697102561.5873828 [0, 0, 1, 0]
1697102561.5875916 [0, 0, 1, 0]
1697102561.58775 [0, 0, 1, 0]
1697102561.5879068 [0, 0, 1, 0]
1697102561.5880296 [0, 0, 1, 0]
1697102561.5881548 [0, 0, 1, 0]
1697102561.5882328 [0, 0, 1, 0]
1697102561.588356 [0, 0, 1, 0]
1697102561.5885668 [0, 0, 1, 0]
1697102561.5887156 [0, 0, 1, 0]
1697102561.5888712 [0, 0, 1, 0]
1697102561.589071 [0, 0, 1, 0]
1697102561.589231 [0, 0, 1, 0]
1697102561.5893943 [0, 0, 1, 0]
1697102561.589529 [0, 0, 1, 0]
1697102561.5896153 [0, 0, 1, 0]
1697102561.589709 [0, 0, 1, 0]
1697102561.5898643 [0, 0, 1, 0]
1697102561.5900402 [0, 0, 1, 0]
1697102561.590188 [0, 0, 1, 0]
1697102561.5903387 [0, 0, 1, 0]
1697102561.5904486 [0, 0, 1, 0]
1697102561.5905604 [0, 0, 1, 0]
1697102561.5906496 [0, 0, 1, 0]
1697102561.5907202 [0, 0, 1, 0]
1697102561.5908637 [0, 0, 1, 0]
1697102561.5911174 [0, 0, 1, 0]
1697102561.5912988 [0, 0, 1, 0]
1697102561.591466 [0, 0, 1, 0]
1697102561.5916193 [0, 0, 1, 0]
1697102561.5917559 [0, 0, 1, 0]
1697102561.5919085 [0, 0, 1, 0]
1697102561.5921364 [0, 0, 1, 0]
1697102561.592303 [0, 0, 1, 0]
1697102561.5924675 [0, 0, 1, 0]
1697102564.582437 [0, 0, 1, 0]
1697102564.5829911 [0, 0, 1, 0]
1697102564.5831923 [0, 0, 1, 0]
1697102564.5833783 [0, 0, 1, 0]
1697102564.5834947 [0, 0, 1, 0]
1697102564.583669 [0, 0, 1, 0]
1697102564.5839467 [0, 0, 1, 0]
1697102564.5841222 [0, 0, 1, 0]
1697102564.584307 [0, 0, 1, 0]
1697102564.584469 [0, 0, 1, 0]
1697102564.584578 [0, 0, 1, 0]
1697102564.584758 [0, 0, 1, 0]
1697102564.5850265 [0, 0, 1, 0]
1697102564.5852501 [0, 0, 1, 0]
1697102564.5854478 [0, 0, 1, 0]
1697102564.5858438 [0, 0, 1, 0]
1697102564.5861342 [0, 0, 1, 0]
1697102564.5863008 [0, 0, 1, 0]
1697102564.5864322 [0, 0, 1, 0]
1697102564.5865674 [0, 0, 1, 0]
1697102564.5867105 [0, 0, 1, 0]
1697102564.5868657 [0, 0, 1, 0]
1697102564.587006 [0, 0, 1, 0]
1697102564.587158 [0, 0, 1, 0]
1697102564.58731 [0, 0, 1, 0]
1697102564.5874798 [0, 0, 1, 0]
1697102564.5876398 [0, 0, 1, 0]
1697102564.5878031 [0, 0, 1, 0]
1697102564.587952 [0, 0, 1, 0]
1697102564.5881057 [0, 0, 1, 0]
1697102564.5882614 [0, 0, 1, 0]
1697102564.5884206 [0, 0, 1, 0]
1697102564.5885894 [0, 0, 1, 0]
1697102564.5887563 [0, 0, 1, 0]
1697102564.5889378 [0, 0, 1, 0]
1697102564.5891774 [0, 0, 1, 0]
1697102564.5893376 [0, 0, 1, 0]
1697102564.5894868 [0, 0, 1, 0]
1697102564.5896313 [0, 0, 1, 0]
1697102564.58977 [0, 0, 1, 0]
1697102564.5899644 [0, 0, 1, 0]
1697102564.5901673 [0, 0, 1, 0]
1697102564.5903344 [0, 0, 1, 0]
1697102564.5905428 [0, 0, 1, 0]
1697102564.5909085 [0, 0, 1, 0]
1697102564.5911584 [0, 0, 1, 0]
1697102564.5914094 [0, 0, 1, 0]
1697102564.5916355 [0, 0, 1, 0]
1697102564.591927 [0, 0, 1, 0]
1697102564.5921614 [0, 0, 1, 0]
1697102564.5923944 [0, 0, 1, 0]
1697102564.5925205 [0, 0, 1, 0]
1697102564.5926368 [0, 0, 1, 0]
1697102564.5927868 [0, 0, 1, 0]
1697102564.5932128 [0, 0, 1, 0]
1697102564.5937266 [0, 0, 1, 0]
1697102564.5939589 [0, 0, 1, 0]
1697102564.5942533 [0, 0, 1, 0]
1697102564.5945008 [0, 0, 1, 0]
1697102564.594766 [0, 0, 1, 0]
1697102564.595015 [0, 0, 1, 0]
1697102564.5952535 [0, 0, 1, 0]
1697102564.5954828 [0, 0, 1, 0]
1697102564.5957348 [0, 0, 1, 0]
1697102564.5970318 [0, 0, 1, 0]
1697102564.597248 [0, 0, 1, 0]
1697102564.5973923 [0, 0, 1, 0]
1697102564.5975275 [0, 0, 1, 0]
1697102564.5976624 [0, 0, 1, 0]
1697102564.5978408 [0, 0, 1, 0]
1697102564.5980341 [0, 0, 1, 0]
1697102567.582383 [0, 0, 1, 0]
1697102567.5828037 [0, 0, 1, 0]
1697102567.5830762 [0, 0, 1, 0]
1697102567.5833116 [0, 0, 1, 0]
1697102567.5835373 [0, 0, 1, 0]
1697102567.5836744 [0, 0, 1, 0]
1697102567.583748 [0, 0, 1, 0]
1697102567.583858 [0, 0, 1, 0]
1697102567.5842004 [0, 0, 1, 0]
1697102567.5845134 [0, 0, 1, 0]
1697102567.5846758 [0, 0, 1, 0]
1697102567.584797 [0, 0, 1, 0]
1697102567.5849295 [0, 0, 1, 0]
1697102567.585118 [0, 0, 1, 0]
1697102567.585314 [0, 0, 1, 0]
1697102567.5854864 [0, 0, 1, 0]
1697102567.5855672 [0, 0, 1, 0]
1697102567.5858693 [0, 0, 1, 0]
1697102567.5861819 [0, 0, 1, 0]
1697102567.5864697 [0, 0, 1, 0]
1697102567.5867171 [0, 0, 1, 0]
1697102567.5868871 [0, 0, 1, 0]
1697102567.5870008 [0, 0, 1, 0]
1697102567.5870988 [0, 0, 1, 0]
1697102567.587198 [0, 0, 1, 0]
1697102567.5873203 [0, 0, 1, 0]
1697102567.5874712 [0, 0, 1, 0]
1697102567.587602 [0, 0, 1, 0]
1697102567.5877135 [0, 0, 1, 0]
1697102567.5878167 [0, 0, 1, 0]
1697102567.5879202 [0, 0, 1, 0]
1697102567.5880144 [0, 0, 1, 0]
1697102567.588099 [0, 0, 1, 0]
1697102567.5881968 [0, 0, 1, 0]
1697102567.5883076 [0, 0, 1, 0]
1697102567.5884202 [0, 0, 1, 0]
1697102567.5885382 [0, 0, 1, 0]
1697102567.5886705 [0, 0, 1, 0]
1697102567.5887935 [0, 0, 1, 0]
1697102567.5888872 [0, 0, 1, 0]
1697102567.589016 [0, 0, 1, 0]
1697102567.589148 [0, 0, 1, 0]
1697102567.5892937 [0, 0, 1, 0]
1697102567.5894063 [0, 0, 1, 0]
1697102567.5894985 [0, 0, 1, 0]
1697102567.589611 [0, 0, 1, 0]
1697102567.5897164 [0, 0, 1, 0]
1697102567.5898087 [0, 0, 1, 0]
1697102567.5899823 [0, 0, 1, 0]
1697102567.5903723 [0, 0, 1, 0]
1697102567.5905876 [0, 0, 1, 0]
1697102567.5909967 [0, 0, 1, 0]
1697102567.5911896 [0, 0, 1, 0]
1697102567.5913398 [0, 0, 1, 0]
1697102567.591467 [0, 0, 1, 0]
1697102567.59171 [0, 0, 1, 0]
1697102567.5918565 [0, 0, 1, 0]
1697102567.5919645 [0, 0, 1, 0]
1697102567.592071 [0, 0, 1, 0]
1697102567.5921757 [0, 0, 1, 0]
1697102567.5922813 [0, 0, 1, 0]
1697102567.5924492 [0, 0, 1, 0]
1697102567.5926158 [0, 0, 1, 0]
1697102567.592805 [0, 0, 1, 0]
1697102567.5930321 [0, 0, 1, 0]
1697102567.5932403 [0, 0, 1, 0]
1697102567.5933652 [0, 0, 1, 0]
1697102567.5940826 [0, 0, 1, 0]
1697102567.5941887 [0, 0, 1, 0]
1697102567.5943263 [0, 0, 1, 0]
1697102567.594464 [0, 0, 1, 0]
1697102570.5823705 [0, 0, 1, 0]
1697102570.5826557 [0, 0, 1, 0]
1697102570.5828328 [0, 0, 1, 0]
1697102570.5829804 [0, 0, 1, 0]
1697102570.5831149 [0, 0, 1, 0]
1697102570.5832322 [0, 0, 1, 0]
1697102570.583346 [0, 0, 1, 0]
1697102570.5834603 [0, 0, 1, 0]
1697102570.5835817 [0, 0, 1, 0]
1697102570.583697 [0, 0, 1, 0]
1697102570.5838108 [0, 0, 1, 0]
1697102570.5839415 [0, 0, 1, 0]
1697102570.584057 [0, 0, 1, 0]
1697102570.5841737 [0, 0, 1, 0]
1697102570.584291 [0, 0, 1, 0]
1697102570.584405 [0, 0, 1, 0]
1697102570.584532 [0, 0, 1, 0]
1697102570.5846527 [0, 0, 1, 0]
1697102570.5847769 [0, 0, 1, 0]
1697102570.5848916 [0, 0, 1, 0]
1697102570.585026 [0, 0, 1, 0]
1697102570.58515 [0, 0, 1, 0]
1697102570.5852652 [0, 0, 1, 0]
1697102570.5854073 [0, 0, 1, 0]
1697102570.5855384 [0, 0, 1, 0]
1697102570.5856545 [0, 0, 1, 0]
1697102570.58577 [0, 0, 1, 0]
1697102570.5858848 [0, 0, 1, 0]
1697102570.5860465 [0, 0, 1, 0]
1697102570.586216 [0, 0, 1, 0]
1697102570.586369 [0, 0, 1, 0]
1697102570.586496 [0, 0, 1, 0]
1697102570.5865993 [0, 0, 1, 0]
1697102570.5866995 [0, 0, 1, 0]
1697102570.5867977 [0, 0, 1, 0]
1697102570.5868962 [0, 0, 1, 0]
1697102570.5869963 [0, 0, 1, 0]
1697102570.5870957 [0, 0, 1, 0]
1697102570.5872002 [0, 0, 1, 0]
1697102570.5873046 [0, 0, 1, 0]
1697102570.5875597 [0, 0, 1, 0]
1697102570.5876758 [0, 0, 1, 0]
1697102570.5877914 [0, 0, 1, 0]
1697102570.5879023 [0, 0, 1, 0]
1697102570.58802 [0, 0, 1, 0]
1697102570.5881472 [0, 0, 1, 0]
1697102570.5882583 [0, 0, 1, 0]
1697102570.5883687 [0, 0, 1, 0]
1697102570.58848 [0, 0, 1, 0]
1697102570.588604 [0, 0, 1, 0]
1697102570.5887268 [0, 0, 1, 0]
1697102570.5888522 [0, 0, 1, 0]
1697102570.5890632 [0, 0, 1, 0]
1697102570.5891824 [0, 0, 1, 0]
1697102570.5892868 [0, 0, 1, 0]
1697102570.589385 [0, 0, 1, 0]
1697102570.5894818 [0, 0, 1, 0]
1697102570.5895784 [0, 0, 1, 0]
1697102570.5896776 [0, 0, 1, 0]
1697102570.5897741 [0, 0, 1, 0]
1697102570.5898697 [0, 0, 1, 0]
1697102570.5900142 [0, 0, 1, 0]
1697102570.590145 [0, 0, 1, 0]
1697102570.5902667 [0, 0, 1, 0]
1697102570.5903711 [0, 0, 1, 0]
1697102570.5904799 [0, 0, 1, 0]
1697102570.5905857 [0, 0, 1, 0]
1697102570.5907001 [0, 0, 1, 0]
1697102570.590829 [0, 0, 1, 0]
1697102570.5909624 [0, 0, 1, 0]
1697102570.5910804 [0, 0, 1, 0]
1697102573.5823655 [0, 0, 1, 0]
1697102573.5826337 [0, 0, 1, 0]
1697102573.582754 [0, 0, 1, 0]
1697102573.5828514 [0, 0, 1, 0]
1697102573.5829558 [0, 0, 1, 0]
1697102573.5830488 [0, 0, 1, 0]
1697102573.5831409 [0, 0, 1, 0]
1697102573.583243 [0, 0, 1, 0]
1697102573.5833395 [0, 0, 1, 0]
1697102573.583436 [0, 0, 1, 0]
1697102573.5835776 [0, 0, 1, 0]
1697102573.5836835 [0, 0, 1, 0]
1697102573.583781 [0, 0, 1, 0]
1697102573.5838773 [0, 0, 1, 0]
1697102573.5840337 [0, 0, 1, 0]
1697102573.5841777 [0, 0, 1, 0]
1697102573.5842838 [0, 0, 1, 0]
1697102573.5843823 [0, 0, 1, 0]
1697102573.5844786 [0, 0, 1, 0]
1697102573.5845907 [0, 0, 1, 0]
1697102573.5846882 [0, 0, 1, 0]
1697102573.584793 [0, 0, 1, 0]
1697102573.5848904 [0, 0, 1, 0]
1697102573.584986 [0, 0, 1, 0]
1697102573.5850883 [0, 0, 1, 0]
1697102573.5851884 [0, 0, 1, 0]
1697102573.585305 [0, 0, 1, 0]
1697102573.5854027 [0, 0, 1, 0]
1697102573.5855129 [0, 0, 1, 0]
1697102573.5856109 [0, 0, 1, 0]
1697102573.5857074 [0, 0, 1, 0]
1697102573.5858028 [0, 0, 1, 0]
1697102573.585919 [0, 0, 1, 0]
1697102573.5860379 [0, 0, 1, 0]
1697102573.586148 [0, 0, 1, 0]
1697102573.5862448 [0, 0, 1, 0]
1697102573.5863574 [0, 0, 1, 0]
1697102573.586494 [0, 0, 1, 0]
1697102573.5867538 [0, 0, 1, 0]
1697102573.586887 [0, 0, 1, 0]
1697102573.5870113 [0, 0, 1, 0]
1697102573.5871143 [0, 0, 1, 0]
1697102573.5872176 [0, 0, 1, 0]
1697102573.587332 [0, 0, 1, 0]
1697102573.5874639 [0, 0, 1, 0]
1697102573.5875785 [0, 0, 1, 0]
1697102573.5877304 [0, 0, 1, 0]
1697102573.5878625 [0, 0, 1, 0]
1697102573.5880187 [0, 0, 1, 0]
1697102573.5881321 [0, 0, 1, 0]
1697102573.588246 [0, 0, 1, 0]
1697102573.5883546 [0, 0, 1, 0]
1697102573.5884616 [0, 0, 1, 0]
1697102573.588599 [0, 0, 1, 0]
1697102573.5887082 [0, 0, 1, 0]
1697102573.5888796 [0, 0, 1, 0]
1697102573.5889874 [0, 0, 1, 0]
1697102573.589097 [0, 0, 1, 0]
1697102573.5891957 [0, 0, 1, 0]
1697102573.5893652 [0, 0, 1, 0]
1697102573.5894794 [0, 0, 1, 0]
1697102573.5895782 [0, 0, 1, 0]
1697102573.5896778 [0, 0, 1, 0]
1697102573.5897753 [0, 0, 1, 0]
1697102573.5899339 [0, 0, 1, 0]
1697102573.5900695 [0, 0, 1, 0]
1697102573.5901756 [0, 0, 1, 0]
1697102573.5902736 [0, 0, 1, 0]
1697102573.5903869 [0, 0, 1, 0]
1697102573.590487 [0, 0, 1, 0]
1697102573.590584 [0, 0, 1, 0]
1697102576.5823224 [0, 0, 1, 0]
1697102576.5826137 [0, 0, 1, 0]
1697102576.5827408 [0, 0, 1, 0]
1697102576.5828588 [0, 0, 1, 0]
1697102576.582987 [0, 0, 1, 0]
1697102576.583114 [0, 0, 1, 0]
1697102576.5832117 [0, 0, 1, 0]
1697102576.5833097 [0, 0, 1, 0]
1697102576.5834427 [0, 0, 1, 0]
1697102576.583571 [0, 0, 1, 0]
1697102576.5836756 [0, 0, 1, 0]
1697102576.5837808 [0, 0, 1, 0]
1697102576.5839038 [0, 0, 1, 0]
1697102576.5840292 [0, 0, 1, 0]
1697102576.5841482 [0, 0, 1, 0]
1697102576.584253 [0, 0, 1, 0]
1697102576.5843592 [0, 0, 1, 0]
1697102576.5844715 [0, 0, 1, 0]
1697102576.584568 [0, 0, 1, 0]
1697102576.5846624 [0, 0, 1, 0]
1697102576.5847714 [0, 0, 1, 0]
1697102576.5848756 [0, 0, 1, 0]
1697102576.5849848 [0, 0, 1, 0]
1697102576.5850816 [0, 0, 1, 0]
1697102576.5851781 [0, 0, 1, 0]
1697102576.585275 [0, 0, 1, 0]
1697102576.5853715 [0, 0, 1, 0]
1697102576.5854847 [0, 0, 1, 0]
1697102576.5855887 [0, 0, 1, 0]
1697102576.5856917 [0, 0, 1, 0]
1697102576.585795 [0, 0, 1, 0]
1697102576.5858974 [0, 0, 1, 0]
1697102576.586022 [0, 0, 1, 0]
1697102576.5861266 [0, 0, 1, 0]
1697102576.5862324 [0, 0, 1, 0]
1697102576.586336 [0, 0, 1, 0]
1697102576.5864542 [0, 0, 1, 0]
1697102576.5866017 [0, 0, 1, 0]
1697102576.5867803 [0, 0, 1, 0]
1697102576.5869844 [0, 0, 1, 0]
1697102576.587158 [0, 0, 1, 0]
1697102576.58731 [0, 0, 1, 0]
1697102576.5874755 [0, 0, 1, 0]
1697102576.5876224 [0, 0, 1, 0]
1697102576.5877957 [0, 0, 1, 0]
1697102576.587972 [0, 0, 1, 0]
1697102576.5881467 [0, 0, 1, 0]
1697102576.5883162 [0, 0, 1, 0]
1697102576.5884895 [0, 0, 1, 0]
1697102576.588695 [0, 0, 1, 0]
1697102576.5888782 [0, 0, 1, 0]
1697102576.589041 [0, 0, 1, 0]
1697102576.5892205 [0, 0, 1, 0]
1697102576.5895195 [0, 0, 1, 0]
1697102576.5897515 [0, 0, 1, 0]
1697102576.5898895 [0, 0, 1, 0]
1697102576.5900352 [0, 0, 1, 0]
1697102576.5901718 [0, 0, 1, 0]
1697102576.590292 [0, 0, 1, 0]
1697102576.5904086 [0, 0, 1, 0]
1697102576.590527 [0, 0, 1, 0]
1697102576.590696 [0, 0, 1, 0]
1697102576.5908105 [0, 0, 1, 0]
1697102576.5909383 [0, 0, 1, 0]
1697102576.5910583 [0, 0, 1, 0]
1697102576.5912263 [0, 0, 1, 0]
1697102576.5913599 [0, 0, 1, 0]
1697102576.591475 [0, 0, 1, 0]
1697102576.5916233 [0, 0, 1, 0]
1697102576.5917222 [0, 0, 1, 0]
1697102576.59182 [0, 0, 1, 0]
1697102579.5823343 [0, 0, 1, 0]
1697102579.5826206 [0, 0, 1, 0]
1697102579.582797 [0, 0, 1, 0]
1697102579.5829434 [0, 0, 1, 0]
1697102579.5830524 [0, 0, 1, 0]
1697102579.5831711 [0, 0, 1, 0]
1697102579.5832758 [0, 0, 1, 0]
1697102579.5833807 [0, 0, 1, 0]
1697102579.5834844 [0, 0, 1, 0]
1697102579.5836103 [0, 0, 1, 0]
1697102579.5837526 [0, 0, 1, 0]
1697102579.5839472 [0, 0, 1, 0]
1697102579.5840645 [0, 0, 1, 0]
1697102579.5842235 [0, 0, 1, 0]
1697102579.5843544 [0, 0, 1, 0]
1697102579.584476 [0, 0, 1, 0]
1697102579.584599 [0, 0, 1, 0]
1697102579.5847042 [0, 0, 1, 0]
1697102579.5848236 [0, 0, 1, 0]
1697102579.5849304 [0, 0, 1, 0]
1697102579.585084 [0, 0, 1, 0]
1697102579.5852134 [0, 0, 1, 0]
1697102579.585354 [0, 0, 1, 0]
1697102579.5855002 [0, 0, 1, 0]
1697102579.5856156 [0, 0, 1, 0]
1697102579.5857265 [0, 0, 1, 0]
1697102579.5858352 [0, 0, 1, 0]
1697102579.5859866 [0, 0, 1, 0]
1697102579.5861156 [0, 0, 1, 0]
1697102579.5862224 [0, 0, 1, 0]
1697102579.5863278 [0, 0, 1, 0]
1697102579.5864325 [0, 0, 1, 0]
1697102579.5865471 [0, 0, 1, 0]
1697102579.5866604 [0, 0, 1, 0]
1697102579.586769 [0, 0, 1, 0]
1697102579.5868714 [0, 0, 1, 0]
1697102579.5869696 [0, 0, 1, 0]
1697102579.58708 [0, 0, 1, 0]
1697102579.5871804 [0, 0, 1, 0]
1697102579.5872767 [0, 0, 1, 0]
1697102579.5873835 [0, 0, 1, 0]
1697102579.5874963 [0, 0, 1, 0]
1697102579.587598 [0, 0, 1, 0]
1697102579.5877018 [0, 0, 1, 0]
1697102579.5878046 [0, 0, 1, 0]
1697102579.5879102 [0, 0, 1, 0]
1697102579.5880191 [0, 0, 1, 0]
1697102579.5881279 [0, 0, 1, 0]
1697102579.5882332 [0, 0, 1, 0]
1697102579.5883753 [0, 0, 1, 0]
1697102579.5885003 [0, 0, 1, 0]
1697102579.5886512 [0, 0, 1, 0]
1697102579.5887825 [0, 0, 1, 0]
1697102579.588903 [0, 0, 1, 0]
1697102579.5890467 [0, 0, 1, 0]
1697102579.589215 [0, 0, 1, 0]
1697102579.5893216 [0, 0, 1, 0]
1697102579.589456 [0, 0, 1, 0]
1697102579.5895784 [0, 0, 1, 0]
1697102579.5897224 [0, 0, 1, 0]
1697102579.5898473 [0, 0, 1, 0]
1697102579.5900261 [0, 0, 1, 0]
1697102579.5901568 [0, 0, 1, 0]
1697102579.5902936 [0, 0, 1, 0]
1697102579.590404 [0, 0, 1, 0]
1697102579.590577 [0, 0, 1, 0]
1697102579.5907264 [0, 0, 1, 0]
1697102579.5908554 [0, 0, 1, 0]
1697102579.590953 [0, 0, 1, 0]
1697102579.5910594 [0, 0, 1, 0]
1697102579.5911574 [0, 0, 1, 0]
1697102582.5823803 [0, 0, 1, 0]
1697102582.5827463 [0, 0, 1, 0]
1697102582.5829928 [0, 0, 1, 0]
1697102582.5832784 [0, 0, 1, 0]
1697102582.583442 [0, 0, 1, 0]
1697102582.5835743 [0, 0, 1, 0]
1697102582.5837052 [0, 0, 1, 0]
1697102582.5838337 [0, 0, 1, 0]
1697102582.584116 [0, 0, 1, 0]
1697102582.5845368 [0, 0, 1, 0]
1697102582.5847692 [0, 0, 1, 0]
1697102582.584933 [0, 0, 1, 0]
1697102582.5851011 [0, 0, 1, 0]
1697102582.5854053 [0, 0, 1, 0]
1697102582.58557 [0, 0, 1, 0]
1697102582.5857177 [0, 0, 1, 0]
1697102582.5859253 [0, 0, 1, 0]
1697102582.5861182 [0, 0, 1, 0]
1697102582.5862875 [0, 0, 1, 0]
1697102582.5864754 [0, 0, 1, 0]
1697102582.586667 [0, 0, 1, 0]
1697102582.5868278 [0, 0, 1, 0]
1697102582.5869818 [0, 0, 1, 0]
1697102582.5871377 [0, 0, 1, 0]
1697102582.5873237 [0, 0, 1, 0]
1697102582.5875106 [0, 0, 1, 0]
1697102582.587737 [0, 0, 1, 0]
1697102582.5879567 [0, 0, 1, 0]
1697102582.588163 [0, 0, 1, 0]
1697102582.5883472 [0, 0, 1, 0]
1697102582.5885174 [0, 0, 1, 0]
1697102582.58863 [0, 0, 1, 0]
1697102582.5888252 [0, 0, 1, 0]
1697102582.5890114 [0, 0, 1, 0]
1697102582.5891907 [0, 0, 1, 0]
1697102582.5893672 [0, 0, 1, 0]
1697102582.5895407 [0, 0, 1, 0]
1697102582.589718 [0, 0, 1, 0]
1697102582.5899615 [0, 0, 1, 0]
1697102582.590168 [0, 0, 1, 0]
1697102582.5903187 [0, 0, 1, 0]
1697102582.5904267 [0, 0, 1, 0]
1697102582.5905242 [0, 0, 1, 0]
1697102582.5906315 [0, 0, 1, 0]
1697102582.5907738 [0, 0, 1, 0]
1697102582.590919 [0, 0, 1, 0]
1697102582.5910275 [0, 0, 1, 0]
1697102582.5911908 [0, 0, 1, 0]
1697102582.59146 [0, 0, 1, 0]
1697102582.5916102 [0, 0, 1, 0]
1697102582.591743 [0, 0, 1, 0]
1697102582.5918744 [0, 0, 1, 0]
1697102582.5919886 [0, 0, 1, 0]
1697102582.5921202 [0, 0, 1, 0]
1697102582.5922327 [0, 0, 1, 0]
1697102582.5923538 [0, 0, 1, 0]
1697102582.5924652 [0, 0, 1, 0]
1697102582.592633 [0, 0, 1, 0]
1697102582.5927603 [0, 0, 1, 0]
1697102582.5929523 [0, 0, 1, 0]
1697102582.5931702 [0, 0, 1, 0]
1697102582.5933235 [0, 0, 1, 0]
1697102582.5934992 [0, 0, 1, 0]
1697102582.5936596 [0, 0, 1, 0]
1697102582.5938342 [0, 0, 1, 0]
1697102582.594033 [0, 0, 1, 0]
1697102582.594201 [0, 0, 1, 0]
1697102582.5943997 [0, 0, 1, 0]
1697102582.594914 [0, 0, 1, 0]
1697102582.595147 [0, 0, 1, 0]
1697102582.5953035 [0, 0, 1, 0]
1697102585.5823495 [0, 0, 1, 0]
1697102585.582602 [0, 0, 1, 0]
1697102585.5827255 [0, 0, 1, 0]
1697102585.5828664 [0, 0, 1, 0]
1697102585.5829816 [0, 0, 1, 0]
1697102585.5830913 [0, 0, 1, 0]
1697102585.5832055 [0, 0, 1, 0]
1697102585.58331 [0, 0, 1, 0]
1697102585.5834117 [0, 0, 1, 0]
1697102585.5835233 [0, 0, 1, 0]
1697102585.5836258 [0, 0, 1, 0]
1697102585.5837772 [0, 0, 1, 0]
1697102585.5840878 [0, 0, 1, 0]
1697102585.5842721 [0, 0, 1, 0]
1697102585.5844133 [0, 0, 1, 0]
1697102585.5845222 [0, 0, 1, 0]
1697102585.5846827 [0, 0, 1, 0]
1697102585.5847952 [0, 0, 1, 0]
1697102585.5849485 [0, 0, 1, 0]
1697102585.585073 [0, 0, 1, 0]
1697102585.585237 [0, 0, 1, 0]
1697102585.5853648 [0, 0, 1, 0]
1697102585.5854895 [0, 0, 1, 0]
1697102585.5856528 [0, 0, 1, 0]
1697102585.585783 [0, 0, 1, 0]
1697102585.585953 [0, 0, 1, 0]
1697102585.586089 [0, 0, 1, 0]
1697102585.586197 [0, 0, 1, 0]
1697102585.586302 [0, 0, 1, 0]
1697102585.5864053 [0, 0, 1, 0]
1697102585.58651 [0, 0, 1, 0]
1697102585.5866134 [0, 0, 1, 0]
1697102585.5867298 [0, 0, 1, 0]
1697102585.5868595 [0, 0, 1, 0]
1697102585.5870142 [0, 0, 1, 0]
1697102585.5871906 [0, 0, 1, 0]
1697102585.58733 [0, 0, 1, 0]
1697102585.5874407 [0, 0, 1, 0]
1697102585.5875745 [0, 0, 1, 0]
1697102585.5877929 [0, 0, 1, 0]
1697102585.5879865 [0, 0, 1, 0]
1697102585.5882258 [0, 0, 1, 0]
1697102585.5883687 [0, 0, 1, 0]
1697102585.5885036 [0, 0, 1, 0]
1697102585.58868 [0, 0, 1, 0]
1697102585.58883 [0, 0, 1, 0]
1697102585.5889375 [0, 0, 1, 0]
1697102585.5890658 [0, 0, 1, 0]
1697102585.5891845 [0, 0, 1, 0]
1697102585.5893283 [0, 0, 1, 0]
1697102585.589436 [0, 0, 1, 0]
1697102585.5895731 [0, 0, 1, 0]
1697102585.5896983 [0, 0, 1, 0]
1697102585.5898144 [0, 0, 1, 0]
1697102585.5899615 [0, 0, 1, 0]
1697102585.5901804 [0, 0, 1, 0]
1697102585.5903244 [0, 0, 1, 0]
1697102585.5904377 [0, 0, 1, 0]
1697102585.5905476 [0, 0, 1, 0]
1697102585.5906596 [0, 0, 1, 0]
1697102585.5907803 [0, 0, 1, 0]
1697102585.590885 [0, 0, 1, 0]
1697102585.5910077 [0, 0, 1, 0]
1697102585.5911136 [0, 0, 1, 0]
1697102585.591239 [0, 0, 1, 0]
1697102585.591344 [0, 0, 1, 0]
1697102585.5914564 [0, 0, 1, 0]
1697102585.5915937 [0, 0, 1, 0]
1697102585.5917034 [0, 0, 1, 0]
1697102585.5918064 [0, 0, 1, 0]
1697102585.5919108 [0, 0, 1, 0]
1697102588.5824115 [0, 0, 1, 0]
1697102588.582745 [0, 0, 1, 0]
1697102588.582863 [0, 0, 1, 0]
1697102588.5829823 [0, 0, 1, 0]
1697102588.5830731 [0, 0, 1, 0]
1697102588.5831788 [0, 0, 1, 0]
1697102588.5832703 [0, 0, 1, 0]
1697102588.5833592 [0, 0, 1, 0]
1697102588.5834713 [0, 0, 1, 0]
1697102588.58356 [0, 0, 1, 0]
1697102588.5836473 [0, 0, 1, 0]
1697102588.5837576 [0, 0, 1, 0]
1697102588.5838637 [0, 0, 1, 0]
1697102588.5839508 [0, 0, 1, 0]
1697102588.5840375 [0, 0, 1, 0]
1697102588.5841365 [0, 0, 1, 0]
1697102588.5842237 [0, 0, 1, 0]
1697102588.584308 [0, 0, 1, 0]
1697102588.5843978 [0, 0, 1, 0]
1697102588.5844822 [0, 0, 1, 0]
1697102588.5845685 [0, 0, 1, 0]
1697102588.5846536 [0, 0, 1, 0]
1697102588.5847495 [0, 0, 1, 0]
1697102588.584856 [0, 0, 1, 0]
1697102588.5849473 [0, 0, 1, 0]
1697102588.585053 [0, 0, 1, 0]
1697102588.5851424 [0, 0, 1, 0]
1697102588.5852308 [0, 0, 1, 0]
1697102588.5853348 [0, 0, 1, 0]
1697102588.585422 [0, 0, 1, 0]
1697102588.5855083 [0, 0, 1, 0]
1697102588.5855951 [0, 0, 1, 0]
1697102588.5857012 [0, 0, 1, 0]
1697102588.5857882 [0, 0, 1, 0]
1697102588.5858784 [0, 0, 1, 0]
1697102588.586042 [0, 0, 1, 0]
1697102588.5863314 [0, 0, 1, 0]
1697102588.5864818 [0, 0, 1, 0]
1697102588.5866008 [0, 0, 1, 0]
1697102588.586728 [0, 0, 1, 0]
1697102588.586845 [0, 0, 1, 0]
1697102588.5869668 [0, 0, 1, 0]
1697102588.5870852 [0, 0, 1, 0]
1697102588.5872383 [0, 0, 1, 0]
1697102588.5873582 [0, 0, 1, 0]
1697102588.5874703 [0, 0, 1, 0]
1697102588.5875764 [0, 0, 1, 0]
1697102588.5876956 [0, 0, 1, 0]
1697102588.5878022 [0, 0, 1, 0]
1697102588.5879066 [0, 0, 1, 0]
1697102588.5880122 [0, 0, 1, 0]
1697102588.5881135 [0, 0, 1, 0]
1697102588.5882168 [0, 0, 1, 0]
1697102588.588359 [0, 0, 1, 0]
1697102588.5884705 [0, 0, 1, 0]
1697102588.58858 [0, 0, 1, 0]
1697102588.5887125 [0, 0, 1, 0]
1697102588.58885 [0, 0, 1, 0]
1697102588.5889761 [0, 0, 1, 0]
1697102588.5890985 [0, 0, 1, 0]
1697102588.5892222 [0, 0, 1, 0]
1697102588.589423 [0, 0, 1, 0]
1697102588.5896368 [0, 0, 1, 0]
1697102588.5898159 [0, 0, 1, 0]
1697102588.5899866 [0, 0, 1, 0]
1697102588.590123 [0, 0, 1, 0]
1697102588.5902102 [0, 0, 1, 0]
1697102588.5903485 [0, 0, 1, 0]
1697102588.5904357 [0, 0, 1, 0]
1697102588.5905216 [0, 0, 1, 0]
1697102588.590655 [0, 0, 1, 0]
1697102591.5824945 [0, 0, 1, 0]
1697102591.5829039 [0, 0, 1, 0]
1697102591.5831075 [0, 0, 1, 0]
1697102591.5832925 [0, 0, 1, 0]
1697102591.58345 [0, 0, 1, 0]
1697102591.5836387 [0, 0, 1, 0]
1697102591.5838203 [0, 0, 1, 0]
1697102591.5840657 [0, 0, 1, 0]
1697102591.5845978 [0, 0, 1, 0]
1697102591.5848863 [0, 0, 1, 0]
1697102591.5850759 [0, 0, 1, 0]
1697102591.5852265 [0, 0, 1, 0]
1697102591.5854146 [0, 0, 1, 0]
1697102591.5855653 [0, 0, 1, 0]
1697102591.5856853 [0, 0, 1, 0]
1697102591.5858152 [0, 0, 1, 0]
1697102591.5859976 [0, 0, 1, 0]
1697102591.5861516 [0, 0, 1, 0]
1697102591.5863101 [0, 0, 1, 0]
1697102591.5865004 [0, 0, 1, 0]
1697102591.5867722 [0, 0, 1, 0]
1697102591.5870147 [0, 0, 1, 0]
1697102591.5872848 [0, 0, 1, 0]
1697102591.5874977 [0, 0, 1, 0]
1697102591.5876906 [0, 0, 1, 0]
1697102591.587833 [0, 0, 1, 0]
1697102591.5880241 [0, 0, 1, 0]
1697102591.5882218 [0, 0, 1, 0]
1697102591.5884116 [0, 0, 1, 0]
1697102591.5886028 [0, 0, 1, 0]
1697102591.5888145 [0, 0, 1, 0]
1697102591.5890214 [0, 0, 1, 0]
1697102591.589229 [0, 0, 1, 0]
1697102591.5894647 [0, 0, 1, 0]
1697102591.5896084 [0, 0, 1, 0]
1697102591.5898101 [0, 0, 1, 0]
1697102591.5900774 [0, 0, 1, 0]
1697102591.5901923 [0, 0, 1, 0]
1697102591.5902822 [0, 0, 1, 0]
1697102591.590363 [0, 0, 1, 0]
1697102591.590438 [0, 0, 1, 0]
1697102591.5905123 [0, 0, 1, 0]
1697102591.590586 [0, 0, 1, 0]
1697102591.5906591 [0, 0, 1, 0]
1697102591.5907354 [0, 0, 1, 0]
1697102591.5908108 [0, 0, 1, 0]
1697102591.5908844 [0, 0, 1, 0]
1697102591.5909586 [0, 0, 1, 0]
1697102591.5910325 [0, 0, 1, 0]
1697102591.5911057 [0, 0, 1, 0]
1697102591.5911794 [0, 0, 1, 0]
1697102591.5912523 [0, 0, 1, 0]
1697102591.591327 [0, 0, 1, 0]
1697102591.5914001 [0, 0, 1, 0]
1697102591.5914745 [0, 0, 1, 0]
1697102591.5915475 [0, 0, 1, 0]
1697102591.5916226 [0, 0, 1, 0]
1697102591.5916958 [0, 0, 1, 0]
1697102591.5917683 [0, 0, 1, 0]
1697102591.5919518 [0, 0, 1, 0]
1697102591.5920646 [0, 0, 1, 0]
1697102591.5921607 [0, 0, 1, 0]
1697102591.5922534 [0, 0, 1, 0]
1697102591.592344 [0, 0, 1, 0]
1697102591.592436 [0, 0, 1, 0]
1697102591.5925255 [0, 0, 1, 0]
1697102591.5926158 [0, 0, 1, 0]
1697102591.5927057 [0, 0, 1, 0]
1697102591.5927923 [0, 0, 1, 0]
1697102591.5928812 [0, 0, 1, 0]
1697102591.5929708 [0, 0, 1, 0]
1697102594.5823321 [0, 0, 1, 0]
1697102594.5826063 [0, 0, 1, 0]
1697102594.5827858 [0, 0, 1, 0]
1697102594.5829227 [0, 0, 1, 0]
1697102594.5830293 [0, 0, 1, 0]
1697102594.5831332 [0, 0, 1, 0]
1697102594.5832355 [0, 0, 1, 0]
1697102594.583337 [0, 0, 1, 0]
1697102594.5834396 [0, 0, 1, 0]
1697102594.5835392 [0, 0, 1, 0]
1697102594.58364 [0, 0, 1, 0]
1697102594.5837414 [0, 0, 1, 0]
1697102594.5839171 [0, 0, 1, 0]
1697102594.5840588 [0, 0, 1, 0]
1697102594.584164 [0, 0, 1, 0]
1697102594.5842676 [0, 0, 1, 0]
1697102594.5843706 [0, 0, 1, 0]
1697102594.5844796 [0, 0, 1, 0]
1697102594.5845792 [0, 0, 1, 0]
1697102594.584681 [0, 0, 1, 0]
1697102594.5847816 [0, 0, 1, 0]
1697102594.5848901 [0, 0, 1, 0]
1697102594.5850976 [0, 0, 1, 0]
1697102594.5852711 [0, 0, 1, 0]
1697102594.585415 [0, 0, 1, 0]
1697102594.585539 [0, 0, 1, 0]
1697102594.5856404 [0, 0, 1, 0]
1697102594.585744 [0, 0, 1, 0]
1697102594.585862 [0, 0, 1, 0]
1697102594.5860102 [0, 0, 1, 0]
1697102594.586131 [0, 0, 1, 0]
1697102594.586389 [0, 0, 1, 0]
1697102594.5866401 [0, 0, 1, 0]
1697102594.5867715 [0, 0, 1, 0]
1697102594.586899 [0, 0, 1, 0]
1697102594.5870101 [0, 0, 1, 0]
1697102594.5871303 [0, 0, 1, 0]
1697102594.5872781 [0, 0, 1, 0]
1697102594.5874498 [0, 0, 1, 0]
1697102594.5876071 [0, 0, 1, 0]
1697102594.587764 [0, 0, 1, 0]
1697102594.5878801 [0, 0, 1, 0]
1697102594.5880024 [0, 0, 1, 0]
1697102594.588114 [0, 0, 1, 0]
1697102594.588237 [0, 0, 1, 0]
1697102594.5883944 [0, 0, 1, 0]
1697102594.5885062 [0, 0, 1, 0]
1697102594.5886154 [0, 0, 1, 0]
1697102594.5887225 [0, 0, 1, 0]
1697102594.5888298 [0, 0, 1, 0]
1697102594.5889459 [0, 0, 1, 0]
1697102594.5890558 [0, 0, 1, 0]
1697102594.5891874 [0, 0, 1, 0]
1697102594.5893898 [0, 0, 1, 0]
1697102594.5896006 [0, 0, 1, 0]
1697102594.589808 [0, 0, 1, 0]
1697102594.590081 [0, 0, 1, 0]
1697102594.59021 [0, 0, 1, 0]
1697102594.5903518 [0, 0, 1, 0]
1697102594.590494 [0, 0, 1, 0]
1697102594.5906503 [0, 0, 1, 0]
1697102594.5907984 [0, 0, 1, 0]
1697102594.5908887 [0, 0, 1, 0]
1697102594.5909681 [0, 0, 1, 0]
1697102594.5910492 [0, 0, 1, 0]
1697102594.5911288 [0, 0, 1, 0]
1697102594.591206 [0, 0, 1, 0]
1697102594.5912857 [0, 0, 1, 0]
1697102594.5913677 [0, 0, 1, 0]
1697102594.5914445 [0, 0, 1, 0]
1697102594.5915453 [0, 0, 1, 0]
1697102597.582387 [0, 0, 1, 0]
1697102597.5826976 [0, 0, 1, 0]
1697102597.5828545 [0, 0, 1, 0]
1697102597.5829775 [0, 0, 1, 0]
1697102597.5830948 [0, 0, 1, 0]
1697102597.5833812 [0, 0, 1, 0]
1697102597.5839381 [0, 0, 1, 0]
1697102597.58422 [0, 0, 1, 0]
1697102597.584366 [0, 0, 1, 0]
1697102597.5845022 [0, 0, 1, 0]
1697102597.5846167 [0, 0, 1, 0]
1697102597.5847301 [0, 0, 1, 0]
1697102597.5848417 [0, 0, 1, 0]
1697102597.5849524 [0, 0, 1, 0]
1697102597.5850685 [0, 0, 1, 0]
1697102597.585179 [0, 0, 1, 0]
1697102597.5852928 [0, 0, 1, 0]
1697102597.5854032 [0, 0, 1, 0]
1697102597.5855124 [0, 0, 1, 0]
1697102597.5856228 [0, 0, 1, 0]
1697102597.5857327 [0, 0, 1, 0]
1697102597.5858414 [0, 0, 1, 0]
1697102597.5860152 [0, 0, 1, 0]
1697102597.5861251 [0, 0, 1, 0]
1697102597.5862358 [0, 0, 1, 0]
1697102597.5863445 [0, 0, 1, 0]
1697102597.5864525 [0, 0, 1, 0]
1697102597.5865593 [0, 0, 1, 0]
1697102597.5867028 [0, 0, 1, 0]
1697102597.5868342 [0, 0, 1, 0]
1697102597.5869443 [0, 0, 1, 0]
1697102597.5870545 [0, 0, 1, 0]
1697102597.5871644 [0, 0, 1, 0]
1697102597.5873144 [0, 0, 1, 0]
1697102597.5875225 [0, 0, 1, 0]
1697102597.5878234 [0, 0, 1, 0]
1697102597.5880816 [0, 0, 1, 0]
1697102597.5882702 [0, 0, 1, 0]
1697102597.588471 [0, 0, 1, 0]
1697102597.58867 [0, 0, 1, 0]
1697102597.58883 [0, 0, 1, 0]
1697102597.5889452 [0, 0, 1, 0]
1697102597.5890844 [0, 0, 1, 0]
1697102597.589182 [0, 0, 1, 0]
1697102597.589284 [0, 0, 1, 0]
1697102597.589388 [0, 0, 1, 0]
1697102597.5894895 [0, 0, 1, 0]
1697102597.5895903 [0, 0, 1, 0]
1697102597.589682 [0, 0, 1, 0]
1697102597.5897799 [0, 0, 1, 0]
1697102597.589943 [0, 0, 1, 0]
1697102597.5900443 [0, 0, 1, 0]
1697102597.5901392 [0, 0, 1, 0]
1697102597.5902426 [0, 0, 1, 0]
1697102597.590341 [0, 0, 1, 0]
1697102597.5904374 [0, 0, 1, 0]
1697102597.590535 [0, 0, 1, 0]
1697102597.590631 [0, 0, 1, 0]
1697102597.5907257 [0, 0, 1, 0]
1697102597.59082 [0, 0, 1, 0]
1697102597.5909247 [0, 0, 1, 0]
1697102597.5910249 [0, 0, 1, 0]
1697102597.5911326 [0, 0, 1, 0]
1697102597.5912266 [0, 0, 1, 0]
1697102597.5913541 [0, 0, 1, 0]
1697102597.591569 [0, 0, 1, 0]
1697102597.5917678 [0, 0, 1, 0]
1697102597.5919554 [0, 0, 1, 0]
1697102597.5921 [0, 0, 1, 0]
1697102597.5922208 [0, 0, 1, 0]
1697102597.5923338 [0, 0, 1, 0]
1697102600.5823836 [0, 0, 1, 0]
1697102600.5826676 [0, 0, 1, 0]
1697102600.582788 [0, 0, 1, 0]
1697102600.5828838 [0, 0, 1, 0]
1697102600.5830014 [0, 0, 1, 0]
1697102600.5831406 [0, 0, 1, 0]
1697102600.5832422 [0, 0, 1, 0]
1697102600.5833385 [0, 0, 1, 0]
1697102600.5834289 [0, 0, 1, 0]
1697102600.5835247 [0, 0, 1, 0]
1697102600.5836186 [0, 0, 1, 0]
1697102600.583714 [0, 0, 1, 0]
1697102600.5838077 [0, 0, 1, 0]
1697102600.5839074 [0, 0, 1, 0]
1697102600.5840392 [0, 0, 1, 0]
1697102600.5842056 [0, 0, 1, 0]
1697102600.5843709 [0, 0, 1, 0]
1697102600.5845022 [0, 0, 1, 0]
1697102600.5846412 [0, 0, 1, 0]
1697102600.5847642 [0, 0, 1, 0]
1697102600.5848637 [0, 0, 1, 0]
1697102600.5849562 [0, 0, 1, 0]
1697102600.5850594 [0, 0, 1, 0]
1697102600.5851552 [0, 0, 1, 0]
1697102600.585251 [0, 0, 1, 0]
1697102600.5853431 [0, 0, 1, 0]
1697102600.585455 [0, 0, 1, 0]
1697102600.585561 [0, 0, 1, 0]
1697102600.5856552 [0, 0, 1, 0]
1697102600.5857506 [0, 0, 1, 0]
1697102600.585845 [0, 0, 1, 0]
1697102600.586011 [0, 0, 1, 0]
1697102600.5863712 [0, 0, 1, 0]
1697102600.5865455 [0, 0, 1, 0]
1697102600.5866668 [0, 0, 1, 0]
1697102600.5868406 [0, 0, 1, 0]
1697102600.5869975 [0, 0, 1, 0]
1697102600.5871086 [0, 0, 1, 0]
1697102600.5872192 [0, 0, 1, 0]
1697102600.5873308 [0, 0, 1, 0]
1697102600.5874484 [0, 0, 1, 0]
1697102600.5876186 [0, 0, 1, 0]
1697102600.587832 [0, 0, 1, 0]
1697102600.5880315 [0, 0, 1, 0]
1697102600.58822 [0, 0, 1, 0]
1697102600.5884044 [0, 0, 1, 0]
1697102600.5885882 [0, 0, 1, 0]
1697102600.5887716 [0, 0, 1, 0]
1697102600.5889914 [0, 0, 1, 0]
1697102600.589171 [0, 0, 1, 0]
1697102600.5893555 [0, 0, 1, 0]
1697102600.589522 [0, 0, 1, 0]
1697102600.589708 [0, 0, 1, 0]
1697102600.5898845 [0, 0, 1, 0]
1697102600.5901263 [0, 0, 1, 0]
1697102600.5902858 [0, 0, 1, 0]
1697102600.5904539 [0, 0, 1, 0]
1697102600.5906196 [0, 0, 1, 0]
1697102600.5907722 [0, 0, 1, 0]
1697102600.5909405 [0, 0, 1, 0]
1697102600.5911121 [0, 0, 1, 0]
1697102600.5912464 [0, 0, 1, 0]
1697102600.5913725 [0, 0, 1, 0]
1697102600.591484 [0, 0, 1, 0]
1697102600.5916333 [0, 0, 1, 0]
1697102600.591746 [0, 0, 1, 0]
1697102600.5918503 [0, 0, 1, 0]
1697102600.591979 [0, 0, 1, 0]
1697102600.5920842 [0, 0, 1, 0]
1697102600.592218 [0, 0, 1, 0]
1697102600.5924067 [0, 0, 1, 0]
1697102603.5823708 [0, 0, 1, 0]
1697102603.5826433 [0, 0, 1, 0]
1697102603.5827768 [0, 0, 1, 0]
1697102603.5829 [0, 0, 1, 0]
1697102603.583006 [0, 0, 1, 0]
1697102603.5831108 [0, 0, 1, 0]
1697102603.583214 [0, 0, 1, 0]
1697102603.5833163 [0, 0, 1, 0]
1697102603.583416 [0, 0, 1, 0]
1697102603.5835168 [0, 0, 1, 0]
1697102603.5836623 [0, 0, 1, 0]
1697102603.58378 [0, 0, 1, 0]
1697102603.5838945 [0, 0, 1, 0]
1697102603.584005 [0, 0, 1, 0]
1697102603.5841155 [0, 0, 1, 0]
1697102603.5842268 [0, 0, 1, 0]
1697102603.5843396 [0, 0, 1, 0]
1697102603.5844553 [0, 0, 1, 0]
1697102603.584607 [0, 0, 1, 0]
1697102603.584737 [0, 0, 1, 0]
1697102603.5848663 [0, 0, 1, 0]
1697102603.5849948 [0, 0, 1, 0]
1697102603.5851219 [0, 0, 1, 0]
1697102603.585247 [0, 0, 1, 0]
1697102603.5853705 [0, 0, 1, 0]
1697102603.585525 [0, 0, 1, 0]
1697102603.5856686 [0, 0, 1, 0]
1697102603.5858064 [0, 0, 1, 0]
1697102603.5859675 [0, 0, 1, 0]
1697102603.586105 [0, 0, 1, 0]
1697102603.586234 [0, 0, 1, 0]
1697102603.5863574 [0, 0, 1, 0]
1697102603.5864868 [0, 0, 1, 0]
1697102603.5868373 [0, 0, 1, 0]
1697102603.5870693 [0, 0, 1, 0]
1697102603.5872107 [0, 0, 1, 0]
1697102603.587342 [0, 0, 1, 0]
1697102603.5874696 [0, 0, 1, 0]
1697102603.5875974 [0, 0, 1, 0]
1697102603.5877209 [0, 0, 1, 0]
1697102603.5878773 [0, 0, 1, 0]
1697102603.5880327 [0, 0, 1, 0]
1697102603.5882673 [0, 0, 1, 0]
1697102603.5886064 [0, 0, 1, 0]
1697102603.5889387 [0, 0, 1, 0]
1697102603.5891922 [0, 0, 1, 0]
1697102603.5893903 [0, 0, 1, 0]
1697102603.5895414 [0, 0, 1, 0]
1697102603.5896852 [0, 0, 1, 0]
1697102603.589809 [0, 0, 1, 0]
1697102603.59006 [0, 0, 1, 0]
1697102603.5902874 [0, 0, 1, 0]
1697102603.590602 [0, 0, 1, 0]
1697102603.590765 [0, 0, 1, 0]
1697102603.5908847 [0, 0, 1, 0]
1697102603.5909984 [0, 0, 1, 0]
1697102603.5911212 [0, 0, 1, 0]
1697102603.5912309 [0, 0, 1, 0]
1697102603.591359 [0, 0, 1, 0]
1697102603.5914698 [0, 0, 1, 0]
1697102603.5915954 [0, 0, 1, 0]
1697102603.5917044 [0, 0, 1, 0]
1697102603.5918183 [0, 0, 1, 0]
1697102603.5919251 [0, 0, 1, 0]
1697102603.5920289 [0, 0, 1, 0]
1697102603.5921311 [0, 0, 1, 0]
1697102603.5922494 [0, 0, 1, 0]
1697102603.5923517 [0, 0, 1, 0]
1697102603.5924578 [0, 0, 1, 0]
1697102603.592648 [0, 0, 1, 0]
1697102603.5929596 [0, 0, 1, 0]
1697102606.5823302 [0, 0, 1, 0]
1697102606.5826116 [0, 0, 1, 0]
1697102606.5827687 [0, 0, 1, 0]
1697102606.582901 [0, 0, 1, 0]
1697102606.583031 [0, 0, 1, 0]
1697102606.5831692 [0, 0, 1, 0]
1697102606.583314 [0, 0, 1, 0]
1697102606.583474 [0, 0, 1, 0]
1697102606.583653 [0, 0, 1, 0]
1697102606.583777 [0, 0, 1, 0]
1697102606.5839126 [0, 0, 1, 0]
1697102606.5840325 [0, 0, 1, 0]
1697102606.584153 [0, 0, 1, 0]
1697102606.584287 [0, 0, 1, 0]
1697102606.5844047 [0, 0, 1, 0]
1697102606.5845451 [0, 0, 1, 0]
1697102606.584768 [0, 0, 1, 0]
1697102606.5849383 [0, 0, 1, 0]
1697102606.585101 [0, 0, 1, 0]
1697102606.585215 [0, 0, 1, 0]
1697102606.5853188 [0, 0, 1, 0]
1697102606.5854588 [0, 0, 1, 0]
1697102606.5855894 [0, 0, 1, 0]
1697102606.5856926 [0, 0, 1, 0]
1697102606.5857954 [0, 0, 1, 0]
1697102606.5859215 [0, 0, 1, 0]
1697102606.5860322 [0, 0, 1, 0]
1697102606.586136 [0, 0, 1, 0]
1697102606.5862734 [0, 0, 1, 0]
1697102606.5864348 [0, 0, 1, 0]
1697102606.5865428 [0, 0, 1, 0]
1697102606.5866466 [0, 0, 1, 0]
1697102606.5867498 [0, 0, 1, 0]
1697102606.5868614 [0, 0, 1, 0]
1697102606.5869677 [0, 0, 1, 0]
1697102606.587083 [0, 0, 1, 0]
1697102606.587232 [0, 0, 1, 0]
1697102606.5873797 [0, 0, 1, 0]
1697102606.5874887 [0, 0, 1, 0]
1697102606.5876262 [0, 0, 1, 0]
1697102606.5877614 [0, 0, 1, 0]
1697102606.5878708 [0, 0, 1, 0]
1697102606.5879805 [0, 0, 1, 0]
1697102606.5880897 [0, 0, 1, 0]
1697102606.5882125 [0, 0, 1, 0]
1697102606.5883207 [0, 0, 1, 0]
1697102606.5884283 [0, 0, 1, 0]
1697102606.5885358 [0, 0, 1, 0]
1697102606.5886884 [0, 0, 1, 0]
1697102606.5891206 [0, 0, 1, 0]
1697102606.589306 [0, 0, 1, 0]
1697102606.5894778 [0, 0, 1, 0]
1697102606.589793 [0, 0, 1, 0]
1697102606.5899768 [0, 0, 1, 0]
1697102606.5901206 [0, 0, 1, 0]
1697102606.5902362 [0, 0, 1, 0]
1697102606.5903413 [0, 0, 1, 0]
1697102606.590445 [0, 0, 1, 0]
1697102606.5905573 [0, 0, 1, 0]
1697102606.590672 [0, 0, 1, 0]
1697102606.590785 [0, 0, 1, 0]
1697102606.5908983 [0, 0, 1, 0]
1697102606.5910647 [0, 0, 1, 0]
1697102606.5911927 [0, 0, 1, 0]
1697102606.5913455 [0, 0, 1, 0]
1697102606.5914686 [0, 0, 1, 0]
1697102606.5916214 [0, 0, 1, 0]
1697102606.5917406 [0, 0, 1, 0]
1697102606.59187 [0, 0, 1, 0]
1697102606.5919862 [0, 0, 1, 0]
1697102606.592118 [0, 0, 1, 0]
1697102609.5824282 [0, 0, 1, 0]
1697102609.5828328 [0, 0, 1, 0]
1697102609.58306 [0, 0, 1, 0]
1697102609.5832565 [0, 0, 1, 0]
1697102609.5834522 [0, 0, 1, 0]
1697102609.5835953 [0, 0, 1, 0]
1697102609.5837688 [0, 0, 1, 0]
1697102609.584025 [0, 0, 1, 0]
1697102609.5843306 [0, 0, 1, 0]
1697102609.5845528 [0, 0, 1, 0]
1697102609.584859 [0, 0, 1, 0]
1697102609.5850234 [0, 0, 1, 0]
1697102609.5851512 [0, 0, 1, 0]
1697102609.58526 [0, 0, 1, 0]
1697102609.5853634 [0, 0, 1, 0]
1697102609.5854669 [0, 0, 1, 0]
1697102609.5855703 [0, 0, 1, 0]
1697102609.585675 [0, 0, 1, 0]
1697102609.5857754 [0, 0, 1, 0]
1697102609.5858796 [0, 0, 1, 0]
1697102609.586035 [0, 0, 1, 0]
1697102609.5861447 [0, 0, 1, 0]
1697102609.586267 [0, 0, 1, 0]
1697102609.5864046 [0, 0, 1, 0]
1697102609.5865147 [0, 0, 1, 0]
1697102609.586618 [0, 0, 1, 0]
1697102609.5867317 [0, 0, 1, 0]
1697102609.5869167 [0, 0, 1, 0]
1697102609.5871603 [0, 0, 1, 0]
1697102609.5873861 [0, 0, 1, 0]
1697102609.5875962 [0, 0, 1, 0]
1697102609.5878131 [0, 0, 1, 0]
1697102609.5880327 [0, 0, 1, 0]
1697102609.5883114 [0, 0, 1, 0]
1697102609.5885308 [0, 0, 1, 0]
1697102609.588731 [0, 0, 1, 0]
1697102609.5890214 [0, 0, 1, 0]
1697102609.5891676 [0, 0, 1, 0]
1697102609.5892901 [0, 0, 1, 0]
1697102609.5894024 [0, 0, 1, 0]
1697102609.5895138 [0, 0, 1, 0]
1697102609.5896254 [0, 0, 1, 0]
1697102609.5897324 [0, 0, 1, 0]
1697102609.5898497 [0, 0, 1, 0]
1697102609.590054 [0, 0, 1, 0]
1697102609.5902138 [0, 0, 1, 0]
1697102609.5903783 [0, 0, 1, 0]
1697102609.5905006 [0, 0, 1, 0]
1697102609.590622 [0, 0, 1, 0]
1697102609.5907335 [0, 0, 1, 0]
1697102609.5908487 [0, 0, 1, 0]
1697102609.590959 [0, 0, 1, 0]
1697102609.5910673 [0, 0, 1, 0]
1697102609.591177 [0, 0, 1, 0]
1697102609.5912836 [0, 0, 1, 0]
1697102609.5913973 [0, 0, 1, 0]
1697102609.5915096 [0, 0, 1, 0]
1697102609.591624 [0, 0, 1, 0]
1697102609.591732 [0, 0, 1, 0]
1697102609.591839 [0, 0, 1, 0]
1697102609.5919456 [0, 0, 1, 0]
1697102609.5920544 [0, 0, 1, 0]
1697102609.592201 [0, 0, 1, 0]
1697102609.5923364 [0, 0, 1, 0]
1697102609.5924737 [0, 0, 1, 0]
1697102609.5926778 [0, 0, 1, 0]
1697102609.5929668 [0, 0, 1, 0]
1697102609.5931072 [0, 0, 1, 0]
1697102609.5932224 [0, 0, 1, 0]
1697102609.593337 [0, 0, 1, 0]
1697102609.5934503 [0, 0, 1, 0]
1697102612.5823772 [0, 0, 1, 0]
1697102612.5826967 [0, 0, 1, 0]
1697102612.5828586 [0, 0, 1, 0]
1697102612.5829892 [0, 0, 1, 0]
1697102612.5831242 [0, 0, 1, 0]
1697102612.583269 [0, 0, 1, 0]
1697102612.583437 [0, 0, 1, 0]
1697102612.5835707 [0, 0, 1, 0]
1697102612.5837052 [0, 0, 1, 0]
1697102612.5838366 [0, 0, 1, 0]
1697102612.5839906 [0, 0, 1, 0]
1697102612.5841663 [0, 0, 1, 0]
1697102612.5842788 [0, 0, 1, 0]
1697102612.5843828 [0, 0, 1, 0]
1697102612.584519 [0, 0, 1, 0]
1697102612.5846488 [0, 0, 1, 0]
1697102612.584755 [0, 0, 1, 0]
1697102612.5848598 [0, 0, 1, 0]
1697102612.5849624 [0, 0, 1, 0]
1697102612.5850694 [0, 0, 1, 0]
1697102612.5851912 [0, 0, 1, 0]
1697102612.5852985 [0, 0, 1, 0]
1697102612.5854073 [0, 0, 1, 0]
1697102612.5855155 [0, 0, 1, 0]
1697102612.5856225 [0, 0, 1, 0]
1697102612.5857284 [0, 0, 1, 0]
1697102612.5858352 [0, 0, 1, 0]
1697102612.585975 [0, 0, 1, 0]
1697102612.58612 [0, 0, 1, 0]
1697102612.586227 [0, 0, 1, 0]
1697102612.586342 [0, 0, 1, 0]
1697102612.5864465 [0, 0, 1, 0]
1697102612.58655 [0, 0, 1, 0]
1697102612.5866652 [0, 0, 1, 0]
1697102612.5867698 [0, 0, 1, 0]
1697102612.5868707 [0, 0, 1, 0]
1697102612.586972 [0, 0, 1, 0]
1697102612.587075 [0, 0, 1, 0]
1697102612.587176 [0, 0, 1, 0]
1697102612.587279 [0, 0, 1, 0]
1697102612.5873804 [0, 0, 1, 0]
1697102612.5874805 [0, 0, 1, 0]
1697102612.5875823 [0, 0, 1, 0]
1697102612.5876846 [0, 0, 1, 0]
1697102612.5877855 [0, 0, 1, 0]
1697102612.587882 [0, 0, 1, 0]
1697102612.5879774 [0, 0, 1, 0]
1697102612.5880728 [0, 0, 1, 0]
1697102612.5882084 [0, 0, 1, 0]
1697102612.5884473 [0, 0, 1, 0]
1697102612.5885885 [0, 0, 1, 0]
1697102612.5887163 [0, 0, 1, 0]
1697102612.588845 [0, 0, 1, 0]
1697102612.588987 [0, 0, 1, 0]
1697102612.5891235 [0, 0, 1, 0]
1697102612.5892534 [0, 0, 1, 0]
1697102612.5893953 [0, 0, 1, 0]
1697102612.5895195 [0, 0, 1, 0]
1697102612.589673 [0, 0, 1, 0]
1697102612.589803 [0, 0, 1, 0]
1697102612.589992 [0, 0, 1, 0]
1697102612.5901423 [0, 0, 1, 0]
1697102612.5902689 [0, 0, 1, 0]
1697102612.5904012 [0, 0, 1, 0]
1697102612.5905144 [0, 0, 1, 0]
1697102612.5906265 [0, 0, 1, 0]
1697102612.5907528 [0, 0, 1, 0]
1697102612.5908828 [0, 0, 1, 0]
1697102612.5909963 [0, 0, 1, 0]
1697102612.5911095 [0, 0, 1, 0]
1697102612.5912144 [0, 0, 1, 0]
1697102615.5823376 [0, 0, 1, 0]
1697102615.582579 [0, 0, 1, 0]
1697102615.5827076 [0, 0, 1, 0]
1697102615.5828052 [0, 0, 1, 0]
1697102615.5828903 [0, 0, 1, 0]
1697102615.5829887 [0, 0, 1, 0]
