1697102720.2739146 [0 4 1 0]
1697102733.2738876 [0 4 2 0]
1697102733.274306 [0 4 2 0]
1697102733.2747922 [0 4 2 0]
1697102733.2752392 [0 4 2 0]
1697102733.275576 [0 4 2 0]
1697102733.2760491 [0 4 2 0]
1697102733.2764003 [0 4 2 0]
1697102733.2767882 [0 4 2 0]
1697102733.2771573 [0 4 2 0]
1697102733.2774158 [0 4 2 0]
1697102733.277716 [0 4 2 0]
1697102733.2780635 [0 4 2 0]
1697102733.2784827 [0 4 2 0]
1697102733.278812 [0 4 2 0]
1697102736.2739277 [0 0 2 0]
1697102736.2744827 [0 0 2 0]
1697102736.2751687 [0 0 2 0]
1697102736.275586 [0 0 2 0]
1697102736.2759542 [0 0 2 0]
1697102736.2763212 [0 0 2 0]
1697102736.2766604 [0 0 2 0]
1697102736.2770114 [0 0 2 0]
1697102736.2772477 [0 0 2 0]
1697102736.2775962 [0 0 2 0]
1697102736.2780585 [0 0 2 0]
1697102736.2784393 [0 0 2 0]
1697102736.2787507 [0 0 2 0]
1697102736.2791493 [0 0 2 0]
1697102736.2794824 [0 0 2 0]
1697102736.2798042 [0 0 2 0]
1697102736.280134 [0 0 2 0]
1697102749.2738957 [0 0 3 0]
1697102749.2744417 [0 0 3 0]
1697102749.274963 [0 0 3 0]
1697102749.2753506 [0 0 3 0]
1697102749.275723 [0 0 3 0]
1697102749.2760735 [0 0 3 0]
1697102749.2765594 [0 0 3 0]
1697102749.2769349 [0 0 3 0]
1697102749.2772043 [0 0 3 0]
1697102749.2774634 [0 0 3 0]
1697102749.2776947 [0 0 3 0]
1697102749.2778938 [0 0 3 0]
1697102749.2783754 [0 0 3 0]
1697102749.2787738 [0 0 3 0]
1697102749.2791383 [0 0 3 0]
1697102749.2796683 [0 0 3 0]
1697102749.28013 [0 0 3 0]
1697102749.2806292 [0 0 3 0]
1697102749.2812817 [0 0 3 0]
1697102749.2819219 [0 0 3 0]
1697102749.2823102 [0 0 3 0]
1697102749.282821 [0 0 3 0]
1697102749.2832677 [0 0 3 0]
1697102749.2838495 [0 0 3 0]
1697102749.2844577 [0 0 3 0]
1697102749.2849715 [0 0 3 0]
1697102749.285436 [0 0 3 0]
1697102749.2858663 [0 0 3 0]
1697102749.2863243 [0 0 3 0]
1697102749.2867644 [0 0 3 0]
1697102752.2739348 [0 4 3 0]
1697102752.2744992 [0 4 3 0]
1697102752.2748032 [0 4 3 0]
1697102752.2749527 [0 4 3 0]
1697102752.2750943 [0 4 3 0]
1697102752.2752397 [0 4 3 0]
1697102752.2753935 [0 4 3 0]
1697102752.2755487 [0 4 3 0]
1697102752.2756991 [0 4 3 0]
1697102752.2758555 [0 4 3 0]
1697102752.2760012 [0 4 3 0]
1697102752.276152 [0 4 3 0]
1697102752.2762961 [0 4 3 0]
1697102752.2764504 [0 4 3 0]
1697102752.2765932 [0 4 3 0]
1697102752.2767353 [0 4 3 0]
1697102752.2768872 [0 4 3 0]
1697102752.2770293 [0 4 3 0]
1697102752.2771885 [0 4 3 0]
1697102752.2773385 [0 4 3 0]
1697102752.2774825 [0 4 3 0]
1697102752.2776282 [0 4 3 0]
1697102752.277774 [0 4 3 0]
1697102752.2779834 [0 4 3 0]
1697102752.2782657 [0 4 3 0]
1697102752.2785199 [0 4 3 0]
1697102752.2787716 [0 4 3 0]
1697102752.2791045 [0 4 3 0]
1697102752.2794616 [0 4 3 0]
1697102752.279837 [0 4 3 0]
1697102752.28015 [0 4 3 0]
1697102752.280458 [0 4 3 0]
1697102752.280684 [0 4 3 0]
1697102764.2738166 [0 4 4 0]
1697102764.2741785 [0 4 4 0]
1697102764.2745063 [0 4 4 0]
1697102764.274768 [0 4 4 0]
1697102764.2750142 [0 4 4 0]
1697102764.2753727 [0 4 4 0]
1697102764.2756627 [0 4 4 0]
1697102764.2759354 [0 4 4 0]
1697102764.276203 [0 4 4 0]
1697102764.2764926 [0 4 4 0]
1697102764.2768185 [0 4 4 0]
1697102764.277136 [0 4 4 0]
1697102764.2774377 [0 4 4 0]
1697102764.2777045 [0 4 4 0]
1697102764.2781534 [0 4 4 0]
1697102764.278487 [0 4 4 0]
1697102764.2787764 [0 4 4 0]
1697102764.2791724 [0 4 4 0]
1697102764.2794917 [0 4 4 0]
1697102764.2798064 [0 4 4 0]
1697102764.2803957 [0 4 4 0]
1697102764.280943 [0 4 4 0]
1697102764.2815433 [0 4 4 0]
1697102764.2825108 [0 4 4 0]
1697102764.2830062 [0 4 4 0]
1697102764.2835367 [0 4 4 0]
1697102764.2841425 [0 4 4 0]
1697102764.2847342 [0 4 4 0]
1697102764.2853053 [0 4 4 0]
1697102764.2856655 [0 4 4 0]
1697102764.286141 [0 4 4 0]
1697102764.2864816 [0 4 4 0]
1697102764.286743 [0 4 4 0]
1697102764.2870383 [0 4 4 0]
1697102764.287654 [0 4 4 0]
1697102764.2880466 [0 4 4 0]
1697102764.288552 [0 4 4 0]
1697102764.2889876 [0 4 4 0]
1697102764.2893715 [0 4 4 0]
1697102764.289666 [0 4 4 0]
1697102764.2900918 [0 4 4 0]
1697102764.2906363 [0 4 4 0]
1697102764.2908664 [0 4 4 0]
1697102764.2911458 [0 4 4 0]
1697102764.2914395 [0 4 4 0]
1697102767.273927 [0 0 4 0]
1697102767.2744644 [0 0 4 0]
1697102767.2749162 [0 0 4 0]
1697102767.2754786 [0 0 4 0]
1697102767.275957 [0 0 4 0]
1697102767.2762957 [0 0 4 0]
1697102767.2765617 [0 0 4 0]
1697102767.2769523 [0 0 4 0]
1697102767.2772126 [0 0 4 0]
1697102767.2774615 [0 0 4 0]
1697102767.2777238 [0 0 4 0]
1697102767.277996 [0 0 4 0]
1697102767.2782304 [0 0 4 0]
1697102767.2784905 [0 0 4 0]
1697102767.2787297 [0 0 4 0]
1697102767.2789478 [0 0 4 0]
1697102767.2791967 [0 0 4 0]
1697102767.2794914 [0 0 4 0]
1697102767.2797565 [0 0 4 0]
1697102767.2800696 [0 0 4 0]
1697102767.2804308 [0 0 4 0]
1697102767.280771 [0 0 4 0]
1697102767.2811487 [0 0 4 0]
1697102767.2815208 [0 0 4 0]
1697102767.2817717 [0 0 4 0]
1697102767.2821603 [0 0 4 0]
1697102767.2825308 [0 0 4 0]
1697102767.282819 [0 0 4 0]
1697102767.283153 [0 0 4 0]
1697102767.283486 [0 0 4 0]
1697102767.2840948 [0 0 4 0]
1697102767.2845888 [0 0 4 0]
1697102767.2851272 [0 0 4 0]
1697102767.285731 [0 0 4 0]
1697102767.2862122 [0 0 4 0]
1697102767.2866697 [0 0 4 0]
1697102767.2871003 [0 0 4 0]
1697102767.2875881 [0 0 4 0]
1697102767.287921 [0 0 4 0]
1697102767.2882621 [0 0 4 0]
1697102767.2885923 [0 0 4 0]
1697102767.2890322 [0 0 4 0]
1697102767.2893593 [0 0 4 0]
1697102767.2896135 [0 0 4 0]
1697102767.2898839 [0 0 4 0]
1697102767.2903378 [0 0 4 0]
1697102767.2906647 [0 0 4 0]
1697102767.2910247 [0 0 4 0]
1697102780.2738764 [0 0 4 0]
1697102780.274142 [0, 0, 1, 0]
1697102780.2743573 [0, 0, 1, 0]
1697102780.2745843 [0, 0, 1, 0]
1697102780.2748697 [0, 0, 1, 0]
1697102780.2750876 [0, 0, 1, 0]
1697102780.2752578 [0, 0, 1, 0]
1697102780.275386 [0, 0, 1, 0]
1697102780.27549 [0, 0, 1, 0]
1697102780.2755933 [0, 0, 1, 0]
1697102780.2759168 [0, 0, 1, 0]
1697102780.276097 [0, 0, 1, 0]
1697102780.2762184 [0, 0, 1, 0]
1697102780.276418 [0, 0, 1, 0]
1697102780.2765453 [0, 0, 1, 0]
1697102780.27669 [0, 0, 1, 0]
1697102780.276814 [0, 0, 1, 0]
1697102780.27693 [0, 0, 1, 0]
1697102780.2770388 [0, 0, 1, 0]
1697102780.2771444 [0, 0, 1, 0]
1697102780.2772963 [0, 0, 1, 0]
1697102780.2774138 [0, 0, 1, 0]
1697102780.2775722 [0, 0, 1, 0]
1697102780.2777345 [0, 0, 1, 0]
1697102780.2778513 [0, 0, 1, 0]
1697102780.2779906 [0, 0, 1, 0]
1697102780.2781022 [0, 0, 1, 0]
1697102780.2782156 [0, 0, 1, 0]
1697102780.2783482 [0, 0, 1, 0]
1697102780.2784631 [0, 0, 1, 0]
1697102780.2785742 [0, 0, 1, 0]
1697102780.2787247 [0, 0, 1, 0]
1697102780.2788239 [0, 0, 1, 0]
1697102780.2789333 [0, 0, 1, 0]
1697102780.2790525 [0, 0, 1, 0]
1697102780.2792058 [0, 0, 1, 0]
1697102780.2793133 [0, 0, 1, 0]
1697102780.2794292 [0, 0, 1, 0]
1697102780.279579 [0, 0, 1, 0]
1697102780.2796967 [0, 0, 1, 0]
1697102780.279843 [0, 0, 1, 0]
1697102780.279968 [0, 0, 1, 0]
1697102780.2801077 [0, 0, 1, 0]
1697102780.2802439 [0, 0, 1, 0]
1697102780.280397 [0, 0, 1, 0]
1697102780.2805655 [0, 0, 1, 0]
1697102780.281056 [0, 0, 1, 0]
1697102780.2813327 [0, 0, 1, 0]
1697102780.2815735 [0, 0, 1, 0]
1697102780.2825866 [0, 0, 1, 0]
1697102780.2829454 [0, 0, 1, 0]
1697102780.2832873 [0, 0, 1, 0]
1697102780.2836022 [0, 0, 1, 0]
1697102780.2837648 [0, 0, 1, 0]
1697102780.2839584 [0, 0, 1, 0]
1697102780.284111 [0, 0, 1, 0]
1697102780.2842395 [0, 0, 1, 0]
1697102780.2843657 [0, 0, 1, 0]
1697102780.2844956 [0, 0, 1, 0]
1697102780.2846372 [0, 0, 1, 0]
1697102780.2847743 [0, 0, 1, 0]
1697102789.2736988 [0, 0, 1, 0]
1697102789.2738204 [0, 0, 1, 0]
1697102789.273885 [0, 0, 1, 0]
1697102789.2739482 [0, 0, 1, 0]
1697102789.2739863 [0, 0, 1, 0]
1697102789.2740386 [0, 0, 1, 0]
1697102789.2740886 [0, 0, 1, 0]
1697102789.274138 [0, 0, 1, 0]
1697102789.274188 [0, 0, 1, 0]
1697102789.2742395 [0, 0, 1, 0]
1697102789.2742891 [0, 0, 1, 0]
1697102789.2743406 [0, 0, 1, 0]
1697102789.274394 [0, 0, 1, 0]
1697102789.274445 [0, 0, 1, 0]
1697102789.274495 [0, 0, 1, 0]
1697102789.2745445 [0, 0, 1, 0]
1697102789.2745976 [0, 0, 1, 0]
1697102789.2746484 [0, 0, 1, 0]
1697102789.2746978 [0, 0, 1, 0]
1697102789.274751 [0, 0, 1, 0]
1697102789.2748005 [0, 0, 1, 0]
1697102789.2748501 [0, 0, 1, 0]
1697102789.2749002 [0, 0, 1, 0]
1697102789.27495 [0, 0, 1, 0]
1697102789.2749991 [0, 0, 1, 0]
1697102789.2750516 [0, 0, 1, 0]
1697102789.2750914 [0, 0, 1, 0]
1697102789.2752104 [0, 0, 1, 0]
1697102789.2752638 [0, 0, 1, 0]
1697102789.2753186 [0, 0, 1, 0]
1697102789.27537 [0, 0, 1, 0]
1697102789.2754202 [0, 0, 1, 0]
1697102789.2754695 [0, 0, 1, 0]
1697102789.2755218 [0, 0, 1, 0]
1697102789.275571 [0, 0, 1, 0]
1697102789.2756224 [0, 0, 1, 0]
1697102789.2756736 [0, 0, 1, 0]
1697102789.2757263 [0, 0, 1, 0]
1697102789.275781 [0, 0, 1, 0]
1697102789.2758243 [0, 0, 1, 0]
1697102789.2758753 [0, 0, 1, 0]
1697102789.2759252 [0, 0, 1, 0]
1697102789.275976 [0, 0, 1, 0]
1697102789.2760258 [0, 0, 1, 0]
1697102789.276079 [0, 0, 1, 0]
1697102789.2761314 [0, 0, 1, 0]
1697102789.2761812 [0, 0, 1, 0]
1697102789.2762322 [0, 0, 1, 0]
1697102789.2762818 [0, 0, 1, 0]
1697102789.2763329 [0, 0, 1, 0]
1697102789.2763824 [0, 0, 1, 0]
1697102789.2764304 [0, 0, 1, 0]
1697102789.27646 [0, 0, 1, 0]
1697102789.2764883 [0, 0, 1, 0]
1697102789.2765162 [0, 0, 1, 0]
1697102789.2765439 [0, 0, 1, 0]
1697102789.2765718 [0, 0, 1, 0]
1697102789.2766 [0, 0, 1, 0]
1697102789.2766278 [0, 0, 1, 0]
1697102789.2766552 [0, 0, 1, 0]
1697102789.2766829 [0, 0, 1, 0]
1697102789.2767105 [0, 0, 1, 0]
1697102789.2767384 [0, 0, 1, 0]
1697102789.276766 [0, 0, 1, 0]
1697102789.2767942 [0, 0, 1, 0]
1697102789.2768216 [0, 0, 1, 0]
1697102789.2768488 [0, 0, 1, 0]
1697102789.276876 [0, 0, 1, 0]
1697102789.2769036 [0, 0, 1, 0]
1697102790.274179 [0, 0, 1, 0]
1697102790.2743485 [0, 0, 1, 0]
1697102790.2744029 [0, 0, 1, 0]
1697102790.2744658 [0, 0, 1, 0]
1697102790.274509 [0, 0, 1, 0]
1697102790.2745497 [0, 0, 1, 0]
1697102790.2745912 [0, 0, 1, 0]
1697102790.274631 [0, 0, 1, 0]
1697102790.2746718 [0, 0, 1, 0]
1697102790.274712 [0, 0, 1, 0]
1697102790.2747693 [0, 0, 1, 0]
1697102790.2748191 [0, 0, 1, 0]
1697102790.2748601 [0, 0, 1, 0]
1697102790.2748997 [0, 0, 1, 0]
1697102790.2749388 [0, 0, 1, 0]
1697102790.2749798 [0, 0, 1, 0]
1697102790.2750409 [0, 0, 1, 0]
1697102790.2750964 [0, 0, 1, 0]
1697102790.2751362 [0, 0, 1, 0]
1697102790.2751763 [0, 0, 1, 0]
1697102790.2752318 [0, 0, 1, 0]
1697102790.2752988 [0, 0, 1, 0]
1697102790.27534 [0, 0, 1, 0]
1697102790.2754 [0, 0, 1, 0]
1697102790.275475 [0, 0, 1, 0]
1697102790.2755146 [0, 0, 1, 0]
1697102790.2755532 [0, 0, 1, 0]
1697102790.2755911 [0, 0, 1, 0]
1697102790.2756317 [0, 0, 1, 0]
1697102790.2756867 [0, 0, 1, 0]
1697102790.2757263 [0, 0, 1, 0]
1697102790.275765 [0, 0, 1, 0]
1697102790.2758036 [0, 0, 1, 0]
1697102790.2758732 [0, 0, 1, 0]
1697102790.2759383 [0, 0, 1, 0]
1697102790.2760026 [0, 0, 1, 0]
1697102790.2760677 [0, 0, 1, 0]
1697102790.276138 [0, 0, 1, 0]
1697102790.2761858 [0, 0, 1, 0]
1697102790.2762275 [0, 0, 1, 0]
1697102790.2762685 [0, 0, 1, 0]
1697102790.2763128 [0, 0, 1, 0]
1697102790.2763512 [0, 0, 1, 0]
1697102790.2763922 [0, 0, 1, 0]
1697102790.2764318 [0, 0, 1, 0]
1697102790.2764702 [0, 0, 1, 0]
1697102790.276509 [0, 0, 1, 0]
1697102790.2765653 [0, 0, 1, 0]
1697102790.276607 [0, 0, 1, 0]
1697102790.276647 [0, 0, 1, 0]
1697102790.276693 [0, 0, 1, 0]
1697102790.2767456 [0, 0, 1, 0]
1697102790.2767978 [0, 0, 1, 0]
1697102790.2768486 [0, 0, 1, 0]
1697102790.2768881 [0, 0, 1, 0]
1697102790.2769265 [0, 0, 1, 0]
1697102790.2769814 [0, 0, 1, 0]
1697102790.2770214 [0, 0, 1, 0]
1697102790.2770603 [0, 0, 1, 0]
1697102790.277099 [0, 0, 1, 0]
1697102790.277138 [0, 0, 1, 0]
1697102790.2771766 [0, 0, 1, 0]
1697102790.2772288 [0, 0, 1, 0]
1697102790.2772703 [0, 0, 1, 0]
1697102790.2773066 [0, 0, 1, 0]
1697102790.2773426 [0, 0, 1, 0]
1697102790.2773786 [0, 0, 1, 0]
1697102790.2774155 [0, 0, 1, 0]
1697102790.277452 [0, 0, 1, 0]
1697102791.2737176 [0, 0, 1, 0]
1697102791.273817 [0, 0, 1, 0]
1697102791.273848 [0, 0, 1, 0]
1697102791.2738764 [0, 0, 1, 0]
1697102791.2739203 [0, 0, 1, 0]
1697102791.273948 [0, 0, 1, 0]
1697102791.273975 [0, 0, 1, 0]
1697102791.2740016 [0, 0, 1, 0]
1697102791.274028 [0, 0, 1, 0]
1697102791.2740543 [0, 0, 1, 0]
1697102791.2740812 [0, 0, 1, 0]
1697102791.274108 [0, 0, 1, 0]
1697102791.2741354 [0, 0, 1, 0]
1697102791.2741623 [0, 0, 1, 0]
1697102791.2741888 [0, 0, 1, 0]
1697102791.2742155 [0, 0, 1, 0]
1697102791.2742429 [0, 0, 1, 0]
1697102791.27427 [0, 0, 1, 0]
1697102791.2742996 [0, 0, 1, 0]
1697102791.274327 [0, 0, 1, 0]
1697102791.2743542 [0, 0, 1, 0]
1697102791.2743826 [0, 0, 1, 0]
1697102791.274409 [0, 0, 1, 0]
1697102791.274435 [0, 0, 1, 0]
1697102791.2744603 [0, 0, 1, 0]
1697102791.274486 [0, 0, 1, 0]
1697102791.2745118 [0, 0, 1, 0]
1697102791.2745378 [0, 0, 1, 0]
1697102791.2745636 [0, 0, 1, 0]
1697102791.2745893 [0, 0, 1, 0]
1697102791.274615 [0, 0, 1, 0]
1697102791.2746408 [0, 0, 1, 0]
1697102791.2746668 [0, 0, 1, 0]
1697102791.2746925 [0, 0, 1, 0]
1697102791.2747185 [0, 0, 1, 0]
1697102791.2747443 [0, 0, 1, 0]
1697102791.2747705 [0, 0, 1, 0]
1697102791.2747962 [0, 0, 1, 0]
1697102791.2748225 [0, 0, 1, 0]
1697102791.274848 [0, 0, 1, 0]
1697102791.2748742 [0, 0, 1, 0]
1697102791.2749002 [0, 0, 1, 0]
1697102791.2749264 [0, 0, 1, 0]
1697102791.2749524 [0, 0, 1, 0]
1697102791.2749789 [0, 0, 1, 0]
1697102791.2750049 [0, 0, 1, 0]
1697102791.275031 [0, 0, 1, 0]
1697102791.275057 [0, 0, 1, 0]
1697102791.2750833 [0, 0, 1, 0]
1697102791.2751088 [0, 0, 1, 0]
1697102791.2751353 [0, 0, 1, 0]
1697102791.2751608 [0, 0, 1, 0]
1697102791.275187 [0, 0, 1, 0]
1697102791.275213 [0, 0, 1, 0]
1697102791.2752388 [0, 0, 1, 0]
1697102791.275265 [0, 0, 1, 0]
1697102791.2752914 [0, 0, 1, 0]
1697102791.2753174 [0, 0, 1, 0]
1697102791.2753437 [0, 0, 1, 0]
1697102791.2753694 [0, 0, 1, 0]
1697102791.2753954 [0, 0, 1, 0]
1697102791.2754214 [0, 0, 1, 0]
1697102791.2754474 [0, 0, 1, 0]
1697102791.275473 [0, 0, 1, 0]
1697102791.275545 [0, 0, 1, 0]
1697102791.2755744 [0, 0, 1, 0]
1697102791.2756038 [0, 0, 1, 0]
1697102791.2756326 [0, 0, 1, 0]
1697102791.275661 [0, 0, 1, 0]
1697102792.2736833 [0, 0, 1, 0]
1697102792.2738426 [0, 0, 1, 0]
1697102792.2740057 [0, 0, 1, 0]
1697102792.2743125 [0, 0, 1, 0]
1697102792.2744603 [0, 0, 1, 0]
1697102792.2746282 [0, 0, 1, 0]
1697102792.2748346 [0, 0, 1, 0]
1697102792.274994 [0, 0, 1, 0]
1697102792.2751296 [0, 0, 1, 0]
1697102792.2753344 [0, 0, 1, 0]
1697102792.275475 [0, 0, 1, 0]
1697102792.2755537 [0, 0, 1, 0]
1697102792.2756233 [0, 0, 1, 0]
1697102792.2756927 [0, 0, 1, 0]
1697102792.27576 [0, 0, 1, 0]
1697102792.275829 [0, 0, 1, 0]
1697102792.2758968 [0, 0, 1, 0]
1697102792.2759633 [0, 0, 1, 0]
1697102792.27603 [0, 0, 1, 0]
1697102792.276096 [0, 0, 1, 0]
1697102792.2761636 [0, 0, 1, 0]
1697102792.2762334 [0, 0, 1, 0]
1697102792.276303 [0, 0, 1, 0]
1697102792.276368 [0, 0, 1, 0]
1697102792.2764351 [0, 0, 1, 0]
1697102792.2765038 [0, 0, 1, 0]
1697102792.2765856 [0, 0, 1, 0]
1697102792.2766519 [0, 0, 1, 0]
1697102792.276732 [0, 0, 1, 0]
1697102792.276805 [0, 0, 1, 0]
1697102792.2768729 [0, 0, 1, 0]
1697102792.2769632 [0, 0, 1, 0]
1697102792.277063 [0, 0, 1, 0]
1697102792.2771575 [0, 0, 1, 0]
1697102792.2772257 [0, 0, 1, 0]
1697102792.2773035 [0, 0, 1, 0]
1697102792.277371 [0, 0, 1, 0]
1697102792.2775023 [0, 0, 1, 0]
1697102792.2775636 [0, 0, 1, 0]
1697102792.2776237 [0, 0, 1, 0]
1697102792.277684 [0, 0, 1, 0]
1697102792.277743 [0, 0, 1, 0]
1697102792.2778032 [0, 0, 1, 0]
1697102792.277863 [0, 0, 1, 0]
1697102792.2779355 [0, 0, 1, 0]
1697102792.277997 [0, 0, 1, 0]
1697102792.2780569 [0, 0, 1, 0]
1697102792.278117 [0, 0, 1, 0]
1697102792.278177 [0, 0, 1, 0]
1697102792.2782385 [0, 0, 1, 0]
1697102792.278299 [0, 0, 1, 0]
1697102792.2783585 [0, 0, 1, 0]
1697102792.2784176 [0, 0, 1, 0]
1697102792.2784781 [0, 0, 1, 0]
1697102792.2785404 [0, 0, 1, 0]
1697102792.2786021 [0, 0, 1, 0]
1697102792.2786727 [0, 0, 1, 0]
1697102792.2787344 [0, 0, 1, 0]
1697102792.2787936 [0, 0, 1, 0]
1697102792.2788532 [0, 0, 1, 0]
1697102792.2789133 [0, 0, 1, 0]
1697102792.2789726 [0, 0, 1, 0]
1697102792.2790318 [0, 0, 1, 0]
1697102792.2790906 [0, 0, 1, 0]
1697102792.2791502 [0, 0, 1, 0]
1697102792.27921 [0, 0, 1, 0]
1697102792.279266 [0, 0, 1, 0]
1697102792.2793186 [0, 0, 1, 0]
1697102792.2793717 [0, 0, 1, 0]
1697102805.273814 [0, 0, 1, 0]
1697102805.274204 [0, 0, 1, 0]
1697102805.2744517 [0, 0, 1, 0]
1697102805.2748199 [0, 0, 1, 0]
1697102805.2750177 [0, 0, 1, 0]
1697102805.2751305 [0, 0, 1, 0]
1697102805.2752395 [0, 0, 1, 0]
1697102805.2753456 [0, 0, 1, 0]
1697102805.2755063 [0, 0, 1, 0]
1697102805.2757409 [0, 0, 1, 0]
1697102805.2759073 [0, 0, 1, 0]
1697102805.2760653 [0, 0, 1, 0]
1697102805.2761989 [0, 0, 1, 0]
1697102805.276309 [0, 0, 1, 0]
1697102805.2764826 [0, 0, 1, 0]
1697102805.2766862 [0, 0, 1, 0]
1697102805.2768893 [0, 0, 1, 0]
1697102805.2770708 [0, 0, 1, 0]
1697102805.2771895 [0, 0, 1, 0]
1697102805.2772996 [0, 0, 1, 0]
1697102805.27742 [0, 0, 1, 0]
1697102805.2775424 [0, 0, 1, 0]
1697102805.27769 [0, 0, 1, 0]
1697102805.277848 [0, 0, 1, 0]
1697102805.2781262 [0, 0, 1, 0]
1697102805.2782645 [0, 0, 1, 0]
1697102805.2783706 [0, 0, 1, 0]
1697102805.2784715 [0, 0, 1, 0]
1697102805.2785718 [0, 0, 1, 0]
1697102805.2786689 [0, 0, 1, 0]
1697102805.2787638 [0, 0, 1, 0]
1697102805.2788608 [0, 0, 1, 0]
1697102805.2789583 [0, 0, 1, 0]
1697102805.2790556 [0, 0, 1, 0]
1697102805.279154 [0, 0, 1, 0]
1697102805.2792497 [0, 0, 1, 0]
1697102805.2793467 [0, 0, 1, 0]
1697102805.2794456 [0, 0, 1, 0]
1697102805.2795427 [0, 0, 1, 0]
1697102805.279657 [0, 0, 1, 0]
1697102805.2797546 [0, 0, 1, 0]
1697102805.279854 [0, 0, 1, 0]
1697102805.2799504 [0, 0, 1, 0]
1697102805.280067 [0, 0, 1, 0]
1697102805.2802322 [0, 0, 1, 0]
1697102805.2803962 [0, 0, 1, 0]
1697102805.2805781 [0, 0, 1, 0]
1697102805.2807596 [0, 0, 1, 0]
1697102805.2809587 [0, 0, 1, 0]
1697102805.2811368 [0, 0, 1, 0]
1697102805.2813146 [0, 0, 1, 0]
1697102805.2815132 [0, 0, 1, 0]
1697102805.2817194 [0, 0, 1, 0]
1697102805.281897 [0, 0, 1, 0]
1697102805.282088 [0, 0, 1, 0]
1697102805.2822134 [0, 0, 1, 0]
1697102805.2823694 [0, 0, 1, 0]
1697102805.28254 [0, 0, 1, 0]
1697102805.2827153 [0, 0, 1, 0]
1697102805.2829075 [0, 0, 1, 0]
1697102805.283082 [0, 0, 1, 0]
1697102805.2832625 [0, 0, 1, 0]
1697102805.283457 [0, 0, 1, 0]
1697102805.2836552 [0, 0, 1, 0]
1697102805.2838318 [0, 0, 1, 0]
1697102805.2840216 [0, 0, 1, 0]
1697102805.2842271 [0, 0, 1, 0]
1697102805.284419 [0, 0, 1, 0]
1697102805.2846172 [0, 0, 1, 0]
1697102812.2737164 [0, 0, 1, 0]
1697102812.2740574 [0, 0, 1, 0]
1697102812.2743716 [0, 0, 1, 0]
1697102812.2745874 [0, 0, 1, 0]
1697102812.2747693 [0, 0, 1, 0]
1697102812.274912 [0, 0, 1, 0]
1697102812.2750454 [0, 0, 1, 0]
1697102812.2752619 [0, 0, 1, 0]
1697102812.2754893 [0, 0, 1, 0]
1697102812.2756853 [0, 0, 1, 0]
1697102812.2758515 [0, 0, 1, 0]
1697102812.27603 [0, 0, 1, 0]
1697102812.2761996 [0, 0, 1, 0]
1697102812.2763498 [0, 0, 1, 0]
1697102812.2764633 [0, 0, 1, 0]
1697102812.276575 [0, 0, 1, 0]
1697102812.276681 [0, 0, 1, 0]
1697102812.2767885 [0, 0, 1, 0]
1697102812.276896 [0, 0, 1, 0]
1697102812.2770028 [0, 0, 1, 0]
1697102812.2771137 [0, 0, 1, 0]
1697102812.2772305 [0, 0, 1, 0]
1697102812.2773438 [0, 0, 1, 0]
1697102812.277478 [0, 0, 1, 0]
1697102812.2776396 [0, 0, 1, 0]
1697102812.2777674 [0, 0, 1, 0]
1697102812.2779863 [0, 0, 1, 0]
1697102812.2782323 [0, 0, 1, 0]
1697102812.278427 [0, 0, 1, 0]
1697102812.278579 [0, 0, 1, 0]
1697102812.2787461 [0, 0, 1, 0]
1697102812.2788846 [0, 0, 1, 0]
1697102812.2790039 [0, 0, 1, 0]
1697102812.2791367 [0, 0, 1, 0]
1697102812.2792943 [0, 0, 1, 0]
1697102812.2795742 [0, 0, 1, 0]
1697102812.2799132 [0, 0, 1, 0]
1697102812.2801557 [0, 0, 1, 0]
1697102812.2803364 [0, 0, 1, 0]
1697102812.2805538 [0, 0, 1, 0]
1697102812.2808473 [0, 0, 1, 0]
1697102812.2810595 [0, 0, 1, 0]
1697102812.2812333 [0, 0, 1, 0]
1697102812.281372 [0, 0, 1, 0]
1697102812.281514 [0, 0, 1, 0]
1697102812.2816453 [0, 0, 1, 0]
1697102812.281782 [0, 0, 1, 0]
1697102812.2819405 [0, 0, 1, 0]
1697102812.2820964 [0, 0, 1, 0]
1697102812.282225 [0, 0, 1, 0]
1697102812.2823257 [0, 0, 1, 0]
1697102812.2824094 [0, 0, 1, 0]
1697102812.2824957 [0, 0, 1, 0]
1697102812.282577 [0, 0, 1, 0]
1697102812.2826576 [0, 0, 1, 0]
1697102812.2827396 [0, 0, 1, 0]
1697102812.2828214 [0, 0, 1, 0]
1697102812.2829015 [0, 0, 1, 0]
1697102812.2829835 [0, 0, 1, 0]
1697102812.2830644 [0, 0, 1, 0]
1697102812.2831678 [0, 0, 1, 0]
1697102812.2832649 [0, 0, 1, 0]
1697102812.2835155 [0, 0, 1, 0]
1697102812.2838333 [0, 0, 1, 0]
1697102812.2840445 [0, 0, 1, 0]
1697102812.2841976 [0, 0, 1, 0]
1697102812.2843504 [0, 0, 1, 0]
1697102812.2844558 [0, 0, 1, 0]
1697102812.2845466 [0, 0, 1, 0]
1697102819.2736983 [0, 0, 1, 0]
1697102819.2739315 [0, 0, 1, 0]
1697102819.274078 [0, 0, 1, 0]
1697102819.2741706 [0, 0, 1, 0]
1697102819.2742586 [0, 0, 1, 0]
1697102819.2743764 [0, 0, 1, 0]
1697102819.274486 [0, 0, 1, 0]
1697102819.2745936 [0, 0, 1, 0]
1697102819.2746975 [0, 0, 1, 0]
1697102819.2748027 [0, 0, 1, 0]
1697102819.2749193 [0, 0, 1, 0]
1697102819.2750273 [0, 0, 1, 0]
1697102819.2751336 [0, 0, 1, 0]
1697102819.2752395 [0, 0, 1, 0]
1697102819.2753468 [0, 0, 1, 0]
1697102819.2754672 [0, 0, 1, 0]
1697102819.2755952 [0, 0, 1, 0]
1697102819.2757561 [0, 0, 1, 0]
1697102819.2759132 [0, 0, 1, 0]
1697102819.2760744 [0, 0, 1, 0]
1697102819.2762165 [0, 0, 1, 0]
1697102819.2763655 [0, 0, 1, 0]
1697102819.27653 [0, 0, 1, 0]
1697102819.2766824 [0, 0, 1, 0]
1697102819.2768424 [0, 0, 1, 0]
1697102819.2770073 [0, 0, 1, 0]
1697102819.2771747 [0, 0, 1, 0]
1697102819.2773175 [0, 0, 1, 0]
1697102819.277413 [0, 0, 1, 0]
1697102819.2775102 [0, 0, 1, 0]
1697102819.2776966 [0, 0, 1, 0]
1697102819.277892 [0, 0, 1, 0]
1697102819.2780943 [0, 0, 1, 0]
1697102819.2782056 [0, 0, 1, 0]
1697102819.27831 [0, 0, 1, 0]
1697102819.278403 [0, 0, 1, 0]
1697102819.2785401 [0, 0, 1, 0]
1697102819.278648 [0, 0, 1, 0]
1697102819.2787402 [0, 0, 1, 0]
1697102819.2788324 [0, 0, 1, 0]
1697102819.2789228 [0, 0, 1, 0]
1697102819.2790117 [0, 0, 1, 0]
1697102819.2791016 [0, 0, 1, 0]
1697102819.2792027 [0, 0, 1, 0]
1697102819.2792923 [0, 0, 1, 0]
1697102819.2793813 [0, 0, 1, 0]
1697102819.2794728 [0, 0, 1, 0]
1697102819.2795632 [0, 0, 1, 0]
1697102819.2796545 [0, 0, 1, 0]
1697102819.27975 [0, 0, 1, 0]
1697102819.2798443 [0, 0, 1, 0]
1697102819.2799516 [0, 0, 1, 0]
1697102819.280076 [0, 0, 1, 0]
1697102819.2801661 [0, 0, 1, 0]
1697102819.2802625 [0, 0, 1, 0]
1697102819.2803805 [0, 0, 1, 0]
1697102819.2805014 [0, 0, 1, 0]
1697102819.2806425 [0, 0, 1, 0]
1697102819.2807775 [0, 0, 1, 0]
1697102819.280914 [0, 0, 1, 0]
1697102819.281019 [0, 0, 1, 0]
1697102819.2811165 [0, 0, 1, 0]
1697102819.2812126 [0, 0, 1, 0]
1697102819.281308 [0, 0, 1, 0]
1697102819.2814035 [0, 0, 1, 0]
1697102819.2814972 [0, 0, 1, 0]
1697102819.2815952 [0, 0, 1, 0]
1697102819.2816908 [0, 0, 1, 0]
1697102819.2818034 [0, 0, 1, 0]
1697102826.273994 [0, 0, 1, 0]
1697102826.274326 [0, 0, 1, 0]
1697102826.2745423 [0, 0, 1, 0]
1697102826.2746909 [0, 0, 1, 0]
1697102826.274819 [0, 0, 1, 0]
1697102826.2749808 [0, 0, 1, 0]
1697102826.2751217 [0, 0, 1, 0]
1697102826.27526 [0, 0, 1, 0]
1697102826.275392 [0, 0, 1, 0]
1697102826.2755287 [0, 0, 1, 0]
1697102826.2756834 [0, 0, 1, 0]
1697102826.2758186 [0, 0, 1, 0]
1697102826.2759445 [0, 0, 1, 0]
1697102826.276079 [0, 0, 1, 0]
1697102826.2762063 [0, 0, 1, 0]
1697102826.2763329 [0, 0, 1, 0]
1697102826.2764688 [0, 0, 1, 0]
1697102826.276642 [0, 0, 1, 0]
1697102826.2767816 [0, 0, 1, 0]
1697102826.2769146 [0, 0, 1, 0]
1697102826.2770426 [0, 0, 1, 0]
1697102826.277174 [0, 0, 1, 0]
1697102826.2773027 [0, 0, 1, 0]
1697102826.2774327 [0, 0, 1, 0]
1697102826.2775722 [0, 0, 1, 0]
1697102826.2777388 [0, 0, 1, 0]
1697102826.2778842 [0, 0, 1, 0]
1697102826.27812 [0, 0, 1, 0]
1697102826.278301 [0, 0, 1, 0]
1697102826.2784815 [0, 0, 1, 0]
1697102826.2786207 [0, 0, 1, 0]
1697102826.2787776 [0, 0, 1, 0]
1697102826.278898 [0, 0, 1, 0]
1697102826.2790132 [0, 0, 1, 0]
1697102826.279124 [0, 0, 1, 0]
1697102826.279231 [0, 0, 1, 0]
1697102826.2793791 [0, 0, 1, 0]
1697102826.2795587 [0, 0, 1, 0]
1697102826.279747 [0, 0, 1, 0]
1697102826.2799406 [0, 0, 1, 0]
1697102826.2801306 [0, 0, 1, 0]
1697102826.2803216 [0, 0, 1, 0]
1697102826.2804887 [0, 0, 1, 0]
1697102826.2806547 [0, 0, 1, 0]
1697102826.2808423 [0, 0, 1, 0]
1697102826.2810373 [0, 0, 1, 0]
1697102826.2812405 [0, 0, 1, 0]
1697102826.2814426 [0, 0, 1, 0]
1697102826.2815976 [0, 0, 1, 0]
1697102826.281727 [0, 0, 1, 0]
1697102826.2818532 [0, 0, 1, 0]
1697102826.282017 [0, 0, 1, 0]
1697102826.2821343 [0, 0, 1, 0]
1697102826.2822187 [0, 0, 1, 0]
1697102826.2823007 [0, 0, 1, 0]
1697102826.282382 [0, 0, 1, 0]
1697102826.28247 [0, 0, 1, 0]
1697102826.2825525 [0, 0, 1, 0]
1697102826.2826343 [0, 0, 1, 0]
