1697101732.4558659 [0 2 1 0]
1697101738.4516716 [0 2 2 0]
1697101738.452203 [0 2 2 0]
1697101738.452616 [0 2 2 0]
1697101738.4529676 [0 2 2 0]
1697101738.4534414 [0 2 2 0]
1697101738.4538052 [0 2 2 0]
1697101738.4542418 [0 2 2 0]
1697101740.828135 RC LANDING
1697101741.451634 [0 0 2 0]
1697101741.4521062 [0 0 2 0]
1697101741.4525414 [0 0 2 0]
1697101741.4529028 [0 0 2 0]
1697101741.4532614 [0 0 2 0]
1697101741.453669 [0 0 2 0]
1697101741.454058 [0 0 2 0]
1697101741.4544432 [0 0 2 0]
1697101741.4547966 [0 0 2 0]
1697101741.4551258 [0 0 2 0]
1697101747.4514675 [0, 0, 1, 0]
1697101747.4517174 [0, 0, 1, 0]
1697101747.4518766 [0, 0, 1, 0]
1697101747.4520166 [0, 0, 1, 0]
1697101747.4521396 [0, 0, 1, 0]
1697101747.45225 [0, 0, 1, 0]
1697101747.4523609 [0, 0, 1, 0]
1697101747.4525023 [0, 0, 1, 0]
1697101747.4526284 [0, 0, 1, 0]
1697101747.4527547 [0, 0, 1, 0]
1697101747.4528875 [0, 0, 1, 0]
1697101747.4530632 [0, 0, 1, 0]
1697101747.453193 [0, 0, 1, 0]
1697101747.4533226 [0, 0, 1, 0]
1697101747.4534516 [0, 0, 1, 0]
1697101747.453638 [0, 0, 1, 0]
1697101750.451406 [0, 0, 1, 0]
1697101750.4515216 [0, 0, 1, 0]
1697101750.451571 Call landing service
1697101750.4669857 [0, 0, 1, 0]
1697101750.4671519 Call landing service
1697101750.4785492 [0, 0, 1, 0]
1697101750.4786465 Call landing service
1697101750.4879913 [0, 0, 1, 0]
1697101750.488099 Call landing service
1697101750.4967139 [0, 0, 1, 0]
1697101750.4968572 Call landing service
1697101750.5114217 [0, 0, 1, 0]
1697101750.5115888 Call landing service
1697101750.520733 [0, 0, 1, 0]
1697101750.5208862 Call landing service
1697101750.530075 [0, 0, 1, 0]
1697101750.5302105 Call landing service
1697101750.544793 [0, 0, 1, 0]
1697101750.5449374 Call landing service
1697101750.5651395 [0, 0, 1, 0]
1697101750.5652716 Call landing service
1697101750.5767481 [0, 0, 1, 0]
1697101750.5768592 Call landing service
1697101750.5863616 [0, 0, 1, 0]
1697101750.5865147 Call landing service
1697101750.5985696 [0, 0, 1, 0]
1697101750.5986922 Call landing service
1697101750.6096554 [0, 0, 1, 0]
1697101750.6097634 Call landing service
1697101750.6195178 [0, 0, 1, 0]
1697101750.6196735 Call landing service
1697101750.630521 [0, 0, 1, 0]
1697101750.630597 Call landing service
1697101750.6431909 [0, 0, 1, 0]
1697101750.6435506 Call landing service
1697101750.653658 [0, 0, 1, 0]
1697101750.653792 Call landing service
1697101751.451481 [0, 0, 1, 0]
1697101751.451751 [0, 0, 1, 0]
1697101751.4519353 [0, 0, 1, 0]
1697101751.4520557 [0, 0, 1, 0]
1697101751.4521775 [0, 0, 1, 0]
1697101751.4522955 [0, 0, 1, 0]
1697101751.4524248 [0, 0, 1, 0]
1697101751.4525409 [0, 0, 1, 0]
1697101751.452687 [0, 0, 1, 0]
1697101751.4528055 [0, 0, 1, 0]
1697101751.4529188 [0, 0, 1, 0]
1697101751.4530334 [0, 0, 1, 0]
1697101751.4531496 [0, 0, 1, 0]
1697101751.4532647 [0, 0, 1, 0]
1697101751.453379 [0, 0, 1, 0]
1697101751.453492 [0, 0, 1, 0]
1697101751.4536288 [0, 0, 1, 0]
1697101751.4537573 [0, 0, 1, 0]
1697101751.4538734 [0, 0, 1, 0]
1697101756.4514654 [0, 0, 1, 0]
1697101756.4517758 [0, 0, 1, 0]
1697101756.451948 [0, 0, 1, 0]
1697101756.4521272 [0, 0, 1, 0]
1697101756.4524567 [0, 0, 1, 0]
1697101756.4526074 [0, 0, 1, 0]
1697101756.4527628 [0, 0, 1, 0]
1697101756.4528868 [0, 0, 1, 0]
1697101756.4530199 [0, 0, 1, 0]
1697101756.4531898 [0, 0, 1, 0]
1697101756.4533095 [0, 0, 1, 0]
1697101756.4534276 [0, 0, 1, 0]
1697101756.4535408 [0, 0, 1, 0]
1697101756.4536502 [0, 0, 1, 0]
1697101756.4537609 [0, 0, 1, 0]
1697101756.453884 [0, 0, 1, 0]
1697101756.4540365 [0, 0, 1, 0]
1697101756.4541948 [0, 0, 1, 0]
1697101756.4544232 [0, 0, 1, 0]
1697101759.4514618 [0, 0, 1, 0]
1697101759.451776 [0, 0, 1, 0]
1697101759.4519508 [0, 0, 1, 0]
1697101759.4520826 [0, 0, 1, 0]
1697101759.4521961 [0, 0, 1, 0]
1697101759.452349 [0, 0, 1, 0]
1697101759.4524736 [0, 0, 1, 0]
1697101759.4526055 [0, 0, 1, 0]
1697101759.4527168 [0, 0, 1, 0]
1697101759.4528227 [0, 0, 1, 0]
1697101759.452957 [0, 0, 1, 0]
1697101759.453067 [0, 0, 1, 0]
1697101759.4531693 [0, 0, 1, 0]
1697101759.453288 [0, 0, 1, 0]
1697101759.4533937 [0, 0, 1, 0]
1697101759.4534962 [0, 0, 1, 0]
1697101759.4536014 [0, 0, 1, 0]
1697101759.4537027 [0, 0, 1, 0]
1697101759.4538038 [0, 0, 1, 0]
1697101762.4514477 [0, 0, 1, 0]
1697101762.4517822 [0, 0, 1, 0]
1697101762.4520354 [0, 0, 1, 0]
1697101762.4522743 [0, 0, 1, 0]
1697101762.4525535 [0, 0, 1, 0]
1697101762.4528203 [0, 0, 1, 0]
1697101762.4530761 [0, 0, 1, 0]
1697101762.4533207 [0, 0, 1, 0]
1697101762.453568 [0, 0, 1, 0]
1697101762.4537086 [0, 0, 1, 0]
1697101762.4538405 [0, 0, 1, 0]
1697101762.453997 [0, 0, 1, 0]
1697101762.4541438 [0, 0, 1, 0]
1697101762.4542627 [0, 0, 1, 0]
1697101762.45439 [0, 0, 1, 0]
1697101762.4547238 [0, 0, 1, 0]
1697101762.4550736 [0, 0, 1, 0]
1697101762.4553032 [0, 0, 1, 0]
1697101762.4555097 [0, 0, 1, 0]
1697101765.4515758 [0, 0, 1, 0]
1697101765.4518979 [0, 0, 1, 0]
1697101765.4520864 [0, 0, 1, 0]
1697101765.4523418 [0, 0, 1, 0]
1697101765.4524832 [0, 0, 1, 0]
1697101765.4526093 [0, 0, 1, 0]
1697101765.4527342 [0, 0, 1, 0]
1697101765.4528966 [0, 0, 1, 0]
1697101765.4532282 [0, 0, 1, 0]
1697101765.4537325 [0, 0, 1, 0]
1697101765.4541135 [0, 0, 1, 0]
1697101765.4542942 [0, 0, 1, 0]
1697101765.454421 [0, 0, 1, 0]
1697101765.4546 [0, 0, 1, 0]
1697101765.4547207 [0, 0, 1, 0]
1697101765.4548311 [0, 0, 1, 0]
1697101765.4549973 [0, 0, 1, 0]
1697101765.4553895 [0, 0, 1, 0]
1697101765.4556057 [0, 0, 1, 0]
1697101768.4514883 [0, 0, 1, 0]
1697101768.4518363 [0, 0, 1, 0]
1697101768.452043 [0, 0, 1, 0]
1697101768.452202 [0, 0, 1, 0]
1697101768.452355 [0, 0, 1, 0]
1697101768.4524844 [0, 0, 1, 0]
1697101768.4526038 [0, 0, 1, 0]
1697101768.4527357 [0, 0, 1, 0]
1697101768.452881 [0, 0, 1, 0]
1697101768.4529996 [0, 0, 1, 0]
1697101768.4531126 [0, 0, 1, 0]
1697101768.4532435 [0, 0, 1, 0]
1697101768.4533794 [0, 0, 1, 0]
1697101768.4535017 [0, 0, 1, 0]
1697101768.4536238 [0, 0, 1, 0]
1697101768.4537432 [0, 0, 1, 0]
1697101768.4538925 [0, 0, 1, 0]
1697101768.45404 [0, 0, 1, 0]
1697101768.4541657 [0, 0, 1, 0]
1697101771.451496 [0, 0, 1, 0]
1697101771.4517996 [0, 0, 1, 0]
1697101771.452124 [0, 0, 1, 0]
1697101771.4523199 [0, 0, 1, 0]
1697101771.4524508 [0, 0, 1, 0]
1697101771.452575 [0, 0, 1, 0]
1697101771.4526887 [0, 0, 1, 0]
1697101771.4528267 [0, 0, 1, 0]
1697101771.452976 [0, 0, 1, 0]
1697101771.4531174 [0, 0, 1, 0]
1697101771.4532492 [0, 0, 1, 0]
1697101771.453378 [0, 0, 1, 0]
1697101771.4535089 [0, 0, 1, 0]
1697101771.453637 [0, 0, 1, 0]
1697101771.4537716 [0, 0, 1, 0]
1697101771.4539318 [0, 0, 1, 0]
1697101771.4540641 [0, 0, 1, 0]
1697101771.4541907 [0, 0, 1, 0]
1697101771.4543066 [0, 0, 1, 0]
1697101774.4515097 [0, 0, 1, 0]
1697101774.4518635 [0, 0, 1, 0]
1697101774.4520805 [0, 0, 1, 0]
1697101774.452223 [0, 0, 1, 0]
1697101774.452373 [0, 0, 1, 0]
1697101774.4525146 [0, 0, 1, 0]
1697101774.452644 [0, 0, 1, 0]
1697101774.452786 [0, 0, 1, 0]
1697101774.4529417 [0, 0, 1, 0]
1697101774.4530663 [0, 0, 1, 0]
1697101774.4532182 [0, 0, 1, 0]
1697101774.4533296 [0, 0, 1, 0]
1697101774.4534404 [0, 0, 1, 0]
1697101774.453553 [0, 0, 1, 0]
1697101774.4536853 [0, 0, 1, 0]
1697101774.4538128 [0, 0, 1, 0]
1697101774.45394 [0, 0, 1, 0]
1697101774.4540613 [0, 0, 1, 0]
1697101774.4541764 [0, 0, 1, 0]
1697101777.4514394 [0, 0, 1, 0]
1697101777.4517236 [0, 0, 1, 0]
1697101777.4519138 [0, 0, 1, 0]
1697101777.4520953 [0, 0, 1, 0]
1697101777.4522195 [0, 0, 1, 0]
1697101777.4523404 [0, 0, 1, 0]
1697101777.4524674 [0, 0, 1, 0]
1697101777.4526126 [0, 0, 1, 0]
1697101777.4527373 [0, 0, 1, 0]
1697101777.4528785 [0, 0, 1, 0]
1697101777.452994 [0, 0, 1, 0]
1697101777.4531271 [0, 0, 1, 0]
1697101777.4532962 [0, 0, 1, 0]
1697101777.453431 [0, 0, 1, 0]
1697101777.4536164 [0, 0, 1, 0]
1697101777.4537694 [0, 0, 1, 0]
1697101777.4539897 [0, 0, 1, 0]
1697101777.454151 [0, 0, 1, 0]
1697101777.4543252 [0, 0, 1, 0]
1697101780.451562 [0, 0, 1, 0]
1697101780.4518814 [0, 0, 1, 0]
1697101780.452071 [0, 0, 1, 0]
1697101780.4522188 [0, 0, 1, 0]
1697101780.4523458 [0, 0, 1, 0]
1697101780.4524643 [0, 0, 1, 0]
1697101780.452583 [0, 0, 1, 0]
1697101780.4527006 [0, 0, 1, 0]
1697101780.4528248 [0, 0, 1, 0]
1697101780.4529495 [0, 0, 1, 0]
1697101780.4530709 [0, 0, 1, 0]
1697101780.4532053 [0, 0, 1, 0]
